---------------------------------------------------------------
[ 2019-06-05T05:49:18+08:00 ] 115.215.220.127 GET wx.gongniuchazuo.com.cn/public/index.php/shop/goods/lists/pbid/80?&mdm=761_777
[ sql ] [ DB ] CONNECT:[ UseTime:0.000967s ] mysql:host=rm-bp130s0438hdc169l.mysql.rds.aliyuncs.com;port=3306;dbname=weiphp;charset=utf8mb4
[ sql ] [ SQL ] SHOW COLUMNS FROM `wp_model` [ RunTime:0.000953s ]
[ sql ] [ SQL ] SELECT * FROM `wp_model` WHERE  `name` = 'shop_goods' LIMIT 1 [ RunTime:0.000547s ]
[ sql ] [ SQL ] SHOW COLUMNS FROM `wp_user` [ RunTime:0.000892s ]
[ sql ] [ SQL ] SELECT * FROM `wp_user` WHERE  `uid` = 1 LIMIT 1 [ RunTime:0.000521s ]
[ sql ] [ SQL ] SHOW COLUMNS FROM `wp_public_follow` [ RunTime:0.000725s ]
[ sql ] [ SQL ] SELECT `openid`,`uid`,`has_subscribe`,`syc_status`,`remark`,`unionid`,`pbid` FROM `wp_public_follow` WHERE  ( uid='1' ) [ RunTime:0.000408s ]
[ sql ] [ SQL ] SHOW COLUMNS FROM `wp_user_tag_link` [ RunTime:0.000686s ]
[ sql ] [ SQL ] SELECT `tag_id` FROM `wp_user_tag_link` WHERE  `uid` = 1 [ RunTime:0.000360s ]
[ sql ] [ SQL ] SHOW COLUMNS FROM `wp_auth_group_access` [ RunTime:0.000663s ]
[ sql ] [ SQL ] SELECT * FROM `wp_auth_group_access` `a` INNER JOIN `wp_auth_group` `s` ON `a`.`group_id`=`s`.`id` WHERE  `uid` = 1 [ RunTime:0.000461s ]
[ sql ] [ SQL ] SHOW COLUMNS FROM `wp_apps` [ RunTime:0.000755s ]
[ sql ] [ SQL ] SELECT * FROM `wp_apps` WHERE  `status` = 1 [ RunTime:0.000478s ]
[ sql ] [ SQL ] SHOW COLUMNS FROM `wp_menu` [ RunTime:0.000867s ]
[ sql ] [ SQL ] SELECT * FROM `wp_menu` WHERE  `place` = 0  AND `is_hide` = 0 ORDER BY `sort` ASC,`id` ASC [ RunTime:0.000556s ]
[ sql ] [ SQL ] SELECT * FROM `wp_apps` WHERE  `status` = 1 [ RunTime:0.000487s ]
[ sql ] [ SQL ] SHOW COLUMNS FROM `wp_shop` [ RunTime:0.000836s ]
[ sql ] [ SQL ] SELECT * FROM `wp_shop` WHERE  `id` = 1 LIMIT 1 [ RunTime:0.000430s ]
[ sql ] [ SQL ] SHOW COLUMNS FROM `wp_shop_goods` [ RunTime:0.000901s ]
[ sql ] [ SQL ] SELECT COUNT(*) AS tp_count FROM `wp_shop_goods` `g` INNER JOIN `wp_shop_goods_stock` `s` ON `s`.`goods_id`=g.id and s.event_type=0 WHERE  `wpid` = 1  AND `is_delete` = 0  AND `is_show` = 1  AND `stock_active` > '0' LIMIT 1 [ RunTime:0.000519s ]
[ sql ] [ SQL ] SELECT * FROM `wp_shop_goods` `g` INNER JOIN `wp_shop_goods_stock` `s` ON `s`.`goods_id`=g.id and s.event_type=0 WHERE  `wpid` = 1  AND `is_delete` = 0  AND `is_show` = 1  AND `stock_active` > '0' ORDER BY `g`.`id` DESC LIMIT 0,20 [ RunTime:0.000926s ]
[ sql ] [ SQL ] SHOW COLUMNS FROM `wp_shop_goods_category` [ RunTime:0.000734s ]
[ sql ] [ SQL ] SELECT `id`,`title` FROM `wp_shop_goods_category` WHERE  `wpid` = 1  AND `is_show` = 1 [ RunTime:0.000421s ]
---------------------------------------------------------------
[ 2019-06-05T05:49:52+08:00 ] 115.215.220.127 GET wx.gongniuchazuo.com.cn/public/index.php/shop/order/lists/pbid/80?&mdm=761_778
[ sql ] [ DB ] CONNECT:[ UseTime:0.000843s ] mysql:host=rm-bp130s0438hdc169l.mysql.rds.aliyuncs.com;port=3306;dbname=weiphp;charset=utf8mb4
[ sql ] [ SQL ] SHOW COLUMNS FROM `wp_model` [ RunTime:0.001065s ]
[ sql ] [ SQL ] SELECT * FROM `wp_model` WHERE  `name` = 'shop_order' LIMIT 1 [ RunTime:0.000577s ]
[ sql ] [ SQL ] SHOW COLUMNS FROM `wp_apps` [ RunTime:0.000887s ]
[ sql ] [ SQL ] SELECT * FROM `wp_apps` WHERE  `status` = 1 [ RunTime:0.000532s ]
[ sql ] [ SQL ] SHOW COLUMNS FROM `wp_menu` [ RunTime:0.001628s ]
[ sql ] [ SQL ] SELECT * FROM `wp_menu` WHERE  `place` = 0  AND `is_hide` = 0 ORDER BY `sort` ASC,`id` ASC [ RunTime:0.000554s ]
[ sql ] [ SQL ] SELECT * FROM `wp_apps` WHERE  `status` = 1 [ RunTime:0.000495s ]
[ sql ] [ SQL ] SHOW COLUMNS FROM `wp_shop` [ RunTime:0.000848s ]
[ sql ] [ SQL ] SELECT * FROM `wp_shop` WHERE  `id` = 1 LIMIT 1 [ RunTime:0.000449s ]
[ sql ] [ SQL ] SHOW COLUMNS FROM `wp_shop_order` [ RunTime:0.000995s ]
[ sql ] [ SQL ] SELECT COUNT(*) AS tp_count FROM `wp_shop_order` WHERE  `wpid` = 1  AND `pay_status` = 0  AND ( is_lock=1 or (is_lock=0 and refund>0) ) LIMIT 1 [ RunTime:0.000453s ]
[ sql ] [ SQL ] SELECT `id`,`goods_datas`,`uid`,`remark`,`order_number`,`cTime`,`total_price`,`openid`,`pay_status`,`pay_type`,`address_id`,`is_send`,`send_code`,`send_number`,`send_type`,`is_new`,`wpid`,`status_code`,`event_type`,`is_lock`,`erp_lock_code`,`mail_money`,`stores_id`,`pay_time`,`send_time`,`extra`,`order_state`,`out_trade_no`,`event_id`,`is_original`,`update_at`,`notice_erp`,`refund`,`refund_content`,`pay_money`,`dec_money`,`jsbn`,`category_id` FROM `wp_shop_order` WHERE  `wpid` = 1  AND `pay_status` = 0  AND ( is_lock=1 or (is_lock=0 and refund>0) ) ORDER BY `id` DESC LIMIT 0,20 [ RunTime:0.000621s ]
[ sql ] [ SQL ] SELECT * FROM `wp_shop_order` WHERE  `id` = 2302 LIMIT 1 [ RunTime:0.000541s ]
[ sql ] [ SQL ] SELECT * FROM `wp_shop_order` WHERE  `id` = 2301 LIMIT 1 [ RunTime:0.000491s ]
[ sql ] [ SQL ] SELECT * FROM `wp_shop_order` WHERE  `id` = 2300 LIMIT 1 [ RunTime:0.000522s ]
[ sql ] [ SQL ] SELECT * FROM `wp_shop_order` WHERE  `id` = 2299 LIMIT 1 [ RunTime:0.000508s ]
[ sql ] [ SQL ] SHOW COLUMNS FROM `wp_user` [ RunTime:0.000895s ]
[ sql ] [ SQL ] SELECT * FROM `wp_user` WHERE  `uid` = 11697 LIMIT 1 [ RunTime:0.000498s ]
[ sql ] [ SQL ] SHOW COLUMNS FROM `wp_public_follow` [ RunTime:0.000784s ]
[ sql ] [ SQL ] SELECT `openid`,`uid`,`has_subscribe`,`syc_status`,`remark`,`unionid`,`pbid` FROM `wp_public_follow` WHERE  ( uid='11697' ) [ RunTime:0.000422s ]
[ sql ] [ SQL ] SHOW COLUMNS FROM `wp_user_tag_link` [ RunTime:0.000725s ]
[ sql ] [ SQL ] SELECT `tag_id` FROM `wp_user_tag_link` WHERE  `uid` = 11697 [ RunTime:0.000384s ]
[ sql ] [ SQL ] SHOW COLUMNS FROM `wp_auth_group_access` [ RunTime:0.000755s ]
[ sql ] [ SQL ] SELECT * FROM `wp_auth_group_access` `a` INNER JOIN `wp_auth_group` `s` ON `a`.`group_id`=`s`.`id` WHERE  `uid` = 11697 [ RunTime:0.000495s ]
[ sql ] [ SQL ] SELECT * FROM `wp_shop_order` WHERE  `id` = 2298 LIMIT 1 [ RunTime:0.000539s ]
---------------------------------------------------------------
[ 2019-06-05T05:49:57+08:00 ] 115.215.220.127 GET wx.gongniuchazuo.com.cn/public/index.php/shop/goods/lists/pbid/80?&mdm=761_777
[ sql ] [ DB ] CONNECT:[ UseTime:0.000919s ] mysql:host=rm-bp130s0438hdc169l.mysql.rds.aliyuncs.com;port=3306;dbname=weiphp;charset=utf8mb4
[ sql ] [ SQL ] SHOW COLUMNS FROM `wp_apps` [ RunTime:0.000936s ]
[ sql ] [ SQL ] SELECT * FROM `wp_apps` WHERE  `status` = 1 [ RunTime:0.000644s ]
[ sql ] [ SQL ] SHOW COLUMNS FROM `wp_menu` [ RunTime:0.000858s ]
[ sql ] [ SQL ] SELECT * FROM `wp_menu` WHERE  `place` = 0  AND `is_hide` = 0 ORDER BY `sort` ASC,`id` ASC [ RunTime:0.000628s ]
[ sql ] [ SQL ] SELECT * FROM `wp_apps` WHERE  `status` = 1 [ RunTime:0.000578s ]
[ sql ] [ SQL ] SHOW COLUMNS FROM `wp_shop` [ RunTime:0.000837s ]
[ sql ] [ SQL ] SELECT * FROM `wp_shop` WHERE  `id` = 1 LIMIT 1 [ RunTime:0.000456s ]
[ sql ] [ SQL ] SHOW COLUMNS FROM `wp_shop_goods` [ RunTime:0.000905s ]
[ sql ] [ SQL ] SELECT COUNT(*) AS tp_count FROM `wp_shop_goods` `g` INNER JOIN `wp_shop_goods_stock` `s` ON `s`.`goods_id`=g.id and s.event_type=0 WHERE  `wpid` = 1  AND `is_delete` = 0  AND `is_show` = 1  AND `stock_active` > '0' LIMIT 1 [ RunTime:0.000557s ]
[ sql ] [ SQL ] SELECT * FROM `wp_shop_goods` `g` INNER JOIN `wp_shop_goods_stock` `s` ON `s`.`goods_id`=g.id and s.event_type=0 WHERE  `wpid` = 1  AND `is_delete` = 0  AND `is_show` = 1  AND `stock_active` > '0' ORDER BY `g`.`id` DESC LIMIT 0,20 [ RunTime:0.000953s ]
[ sql ] [ SQL ] SHOW COLUMNS FROM `wp_shop_goods_category` [ RunTime:0.000771s ]
[ sql ] [ SQL ] SELECT `id`,`title` FROM `wp_shop_goods_category` WHERE  `wpid` = 1  AND `is_show` = 1 [ RunTime:0.000413s ]
---------------------------------------------------------------
[ 2019-06-05T05:50:29+08:00 ] 115.215.220.127 GET wx.gongniuchazuo.com.cn/public/index.php/shop/order/lists/pbid/80?&mdm=761_778
[ sql ] [ DB ] CONNECT:[ UseTime:0.001013s ] mysql:host=rm-bp130s0438hdc169l.mysql.rds.aliyuncs.com;port=3306;dbname=weiphp;charset=utf8mb4
[ sql ] [ SQL ] SHOW COLUMNS FROM `wp_apps` [ RunTime:0.000916s ]
[ sql ] [ SQL ] SELECT * FROM `wp_apps` WHERE  `status` = 1 [ RunTime:0.000575s ]
[ sql ] [ SQL ] SHOW COLUMNS FROM `wp_menu` [ RunTime:0.000829s ]
[ sql ] [ SQL ] SELECT * FROM `wp_menu` WHERE  `place` = 0  AND `is_hide` = 0 ORDER BY `sort` ASC,`id` ASC [ RunTime:0.000591s ]
[ sql ] [ SQL ] SELECT * FROM `wp_apps` WHERE  `status` = 1 [ RunTime:0.000614s ]
[ sql ] [ SQL ] SHOW COLUMNS FROM `wp_shop` [ RunTime:0.000917s ]
[ sql ] [ SQL ] SELECT * FROM `wp_shop` WHERE  `id` = 1 LIMIT 1 [ RunTime:0.000470s ]
[ sql ] [ SQL ] SHOW COLUMNS FROM `wp_shop_order` [ RunTime:0.000930s ]
[ sql ] [ SQL ] SELECT COUNT(*) AS tp_count FROM `wp_shop_order` WHERE  `wpid` = 1  AND `pay_status` = 0  AND ( is_lock=1 or (is_lock=0 and refund>0) ) LIMIT 1 [ RunTime:0.000487s ]
[ sql ] [ SQL ] SELECT `id`,`goods_datas`,`uid`,`remark`,`order_number`,`cTime`,`total_price`,`openid`,`pay_status`,`pay_type`,`address_id`,`is_send`,`send_code`,`send_number`,`send_type`,`is_new`,`wpid`,`status_code`,`event_type`,`is_lock`,`erp_lock_code`,`mail_money`,`stores_id`,`pay_time`,`send_time`,`extra`,`order_state`,`out_trade_no`,`event_id`,`is_original`,`update_at`,`notice_erp`,`refund`,`refund_content`,`pay_money`,`dec_money`,`jsbn`,`category_id` FROM `wp_shop_order` WHERE  `wpid` = 1  AND `pay_status` = 0  AND ( is_lock=1 or (is_lock=0 and refund>0) ) ORDER BY `id` DESC LIMIT 0,20 [ RunTime:0.000729s ]
[ sql ] [ SQL ] SELECT * FROM `wp_shop_order` WHERE  `id` = 2302 LIMIT 1 [ RunTime:0.000605s ]
[ sql ] [ SQL ] SELECT * FROM `wp_shop_order` WHERE  `id` = 2301 LIMIT 1 [ RunTime:0.000582s ]
[ sql ] [ SQL ] SELECT * FROM `wp_shop_order` WHERE  `id` = 2300 LIMIT 1 [ RunTime:0.000616s ]
[ sql ] [ SQL ] SELECT * FROM `wp_shop_order` WHERE  `id` = 2299 LIMIT 1 [ RunTime:0.000574s ]
[ sql ] [ SQL ] SELECT * FROM `wp_shop_order` WHERE  `id` = 2298 LIMIT 1 [ RunTime:0.000553s ]
---------------------------------------------------------------
[ 2019-06-05T06:06:19+08:00 ] 115.215.220.127 GET wx.gongniuchazuo.com.cn/public/index.php
[ sql ] [ DB ] CONNECT:[ UseTime:0.000951s ] mysql:host=rm-bp130s0438hdc169l.mysql.rds.aliyuncs.com;port=3306;dbname=weiphp;charset=utf8mb4
[ sql ] [ SQL ] SHOW COLUMNS FROM `wp_apps` [ RunTime:0.000896s ]
[ sql ] [ SQL ] SELECT * FROM `wp_apps` WHERE  `status` = 1 [ RunTime:0.000515s ]
[ sql ] [ SQL ] SHOW COLUMNS FROM `wp_menu` [ RunTime:0.000821s ]
[ sql ] [ SQL ] SELECT * FROM `wp_menu` WHERE  `place` = 0  AND `is_hide` = 0 ORDER BY `sort` ASC,`id` ASC [ RunTime:0.000595s ]
[ sql ] [ SQL ] SELECT * FROM `wp_apps` WHERE  `status` = 1 [ RunTime:0.000498s ]
---------------------------------------------------------------
[ 2019-06-05T06:06:19+08:00 ] 115.215.220.127 GET wx.gongniuchazuo.com.cn/public/index.php/home/user/login
[ sql ] [ DB ] CONNECT:[ UseTime:0.000792s ] mysql:host=rm-bp130s0438hdc169l.mysql.rds.aliyuncs.com;port=3306;dbname=weiphp;charset=utf8mb4
[ sql ] [ SQL ] SHOW COLUMNS FROM `wp_apps` [ RunTime:0.000860s ]
[ sql ] [ SQL ] SELECT * FROM `wp_apps` WHERE  `status` = 1 [ RunTime:0.000525s ]
[ sql ] [ SQL ] SHOW COLUMNS FROM `wp_menu` [ RunTime:0.000821s ]
[ sql ] [ SQL ] SELECT * FROM `wp_menu` WHERE  `place` = 0  AND `is_hide` = 0 ORDER BY `sort` ASC,`id` ASC [ RunTime:0.000538s ]
[ sql ] [ SQL ] SELECT * FROM `wp_apps` WHERE  `status` = 1 [ RunTime:0.000516s ]
---------------------------------------------------------------
[ 2019-06-05T06:06:19+08:00 ] 115.215.220.127 GET wx.gongniuchazuo.com.cn/public/index.php/weixin/publics/lists/pbid/80
[ sql ] [ DB ] CONNECT:[ UseTime:0.000939s ] mysql:host=rm-bp130s0438hdc169l.mysql.rds.aliyuncs.com;port=3306;dbname=weiphp;charset=utf8mb4
[ sql ] [ SQL ] SHOW COLUMNS FROM `wp_apps` [ RunTime:0.000888s ]
[ sql ] [ SQL ] SELECT * FROM `wp_apps` WHERE  `status` = 1 [ RunTime:0.000579s ]
[ sql ] [ SQL ] SHOW COLUMNS FROM `wp_menu` [ RunTime:0.000806s ]
[ sql ] [ SQL ] SELECT * FROM `wp_menu` WHERE  `place` = 0  AND `is_hide` = 0 ORDER BY `sort` ASC,`id` ASC [ RunTime:0.000571s ]
[ sql ] [ SQL ] SELECT * FROM `wp_apps` WHERE  `status` = 1 [ RunTime:0.000497s ]
[ sql ] [ SQL ] SHOW COLUMNS FROM `wp_model` [ RunTime:0.000846s ]
[ sql ] [ SQL ] SELECT * FROM `wp_model` WHERE  `name` = 'publics' LIMIT 1 [ RunTime:0.000497s ]
[ sql ] [ SQL ] SHOW COLUMNS FROM `wp_publics` [ RunTime:0.000823s ]
[ sql ] [ SQL ] SELECT `id`,`uid`,`public_name`,`public_id`,`wechat`,`interface_url`,`headface_url`,`area`,`addon_status`,`is_use`,`type`,`appid`,`secret`,`encodingaeskey`,`tips_url`,`domain`,`is_bind`,`mch_id`,`partner_key`,`cert_pem`,`key_pem`,`authorizer_refresh_token`,`check_file`,`app_type`,`wpid`,`order_payok_messageid` FROM `wp_publics` WHERE  `uid` = 1 [ RunTime:0.000492s ]
---------------------------------------------------------------
[ 2019-06-05T06:06:26+08:00 ] 115.215.220.127 GET wx.gongniuchazuo.com.cn/public/index.php/admin
[ sql ] [ DB ] CONNECT:[ UseTime:0.001166s ] mysql:host=rm-bp130s0438hdc169l.mysql.rds.aliyuncs.com;port=3306;dbname=weiphp;charset=utf8mb4
[ sql ] [ SQL ] SHOW COLUMNS FROM `wp_apps` [ RunTime:0.001060s ]
[ sql ] [ SQL ] SELECT * FROM `wp_apps` WHERE  `status` = 1 [ RunTime:0.000567s ]
[ sql ] [ SQL ] SHOW COLUMNS FROM `wp_menu` [ RunTime:0.000814s ]
[ sql ] [ SQL ] SELECT * FROM `wp_menu` WHERE  `place` = 1  AND `is_hide` = 0 ORDER BY `sort` ASC,`id` ASC [ RunTime:0.000551s ]
[ sql ] [ SQL ] SELECT * FROM `wp_apps` WHERE  `status` = 1 [ RunTime:0.000510s ]
---------------------------------------------------------------
[ 2019-06-05T06:06:26+08:00 ] 115.215.220.127 GET wx.gongniuchazuo.com.cn/public/index.php/Admin/config/group/pbid/80
[ sql ] [ DB ] CONNECT:[ UseTime:0.000742s ] mysql:host=rm-bp130s0438hdc169l.mysql.rds.aliyuncs.com;port=3306;dbname=weiphp;charset=utf8mb4
[ sql ] [ SQL ] SHOW COLUMNS FROM `wp_apps` [ RunTime:0.000891s ]
[ sql ] [ SQL ] SELECT * FROM `wp_apps` WHERE  `status` = 1 [ RunTime:0.000527s ]
[ sql ] [ SQL ] SHOW COLUMNS FROM `wp_menu` [ RunTime:0.000794s ]
[ sql ] [ SQL ] SELECT * FROM `wp_menu` WHERE  `place` = 1  AND `is_hide` = 0 ORDER BY `sort` ASC,`id` ASC [ RunTime:0.000571s ]
[ sql ] [ SQL ] SELECT * FROM `wp_apps` WHERE  `status` = 1 [ RunTime:0.000514s ]
[ sql ] [ SQL ] SHOW COLUMNS FROM `wp_config` [ RunTime:0.000753s ]
[ sql ] [ SQL ] SELECT `id`,`name`,`title`,`extra`,`value`,`remark`,`type` FROM `wp_config` WHERE  `status` = 1  AND `group` = 1 ORDER BY `sort` [ RunTime:0.000479s ]
---------------------------------------------------------------
[ 2019-06-05T06:06:34+08:00 ] 115.215.220.127 GET wx.gongniuchazuo.com.cn/public/index.php/admin/update/getremoteversion/pbid/80
[ sql ] [ DB ] CONNECT:[ UseTime:0.000805s ] mysql:host=rm-bp130s0438hdc169l.mysql.rds.aliyuncs.com;port=3306;dbname=weiphp;charset=utf8mb4
[ sql ] [ SQL ] SHOW COLUMNS FROM `wp_apps` [ RunTime:0.000973s ]
[ sql ] [ SQL ] SELECT * FROM `wp_apps` WHERE  `status` = 1 [ RunTime:0.000523s ]
[ sql ] [ SQL ] SHOW COLUMNS FROM `wp_menu` [ RunTime:0.000775s ]
[ sql ] [ SQL ] SELECT * FROM `wp_menu` WHERE  `place` = 1  AND `is_hide` = 0 ORDER BY `sort` ASC,`id` ASC [ RunTime:0.000512s ]
[ sql ] [ SQL ] SELECT * FROM `wp_apps` WHERE  `status` = 1 [ RunTime:0.000492s ]
---------------------------------------------------------------
[ 2019-06-05T06:06:34+08:00 ] 115.215.220.127 GET wx.gongniuchazuo.com.cn/public/index.php/Admin/model/index/pbid/80?&mdm=366
[ sql ] [ DB ] CONNECT:[ UseTime:0.000811s ] mysql:host=rm-bp130s0438hdc169l.mysql.rds.aliyuncs.com;port=3306;dbname=weiphp;charset=utf8mb4
[ sql ] [ SQL ] SHOW COLUMNS FROM `wp_apps` [ RunTime:0.000919s ]
[ sql ] [ SQL ] SELECT * FROM `wp_apps` WHERE  `status` = 1 [ RunTime:0.000514s ]
[ sql ] [ SQL ] SHOW COLUMNS FROM `wp_menu` [ RunTime:0.000779s ]
[ sql ] [ SQL ] SELECT * FROM `wp_menu` WHERE  `place` = 1  AND `is_hide` = 0 ORDER BY `sort` ASC,`id` ASC [ RunTime:0.000524s ]
[ sql ] [ SQL ] SELECT * FROM `wp_apps` WHERE  `status` = 1 [ RunTime:0.000476s ]
[ sql ] [ SQL ] SHOW COLUMNS FROM `wp_model` [ RunTime:0.000830s ]
[ sql ] [ SQL ] SELECT `name`,`id` FROM `wp_model` [ RunTime:0.000462s ]
[ sql ] [ SQL ] SELECT COUNT(*) AS tp_count FROM `wp_model` LIMIT 1 [ RunTime:0.000399s ]
[ sql ] [ SQL ] SELECT * FROM `wp_model` ORDER BY `id` DESC LIMIT 0,20 [ RunTime:0.000515s ]
[ sql ] [ SQL ] SELECT `name`,`title` FROM `wp_apps` [ RunTime:0.000392s ]
[ sql ] [ SQL ] SHOW TABLES LIKE 'wp_shop_card_member' [ RunTime:0.000718s ]
[ sql ] [ SQL ] SHOW TABLES LIKE 'wp_test' [ RunTime:0.000637s ]
[ sql ] [ SQL ] SHOW TABLES LIKE 'wp_lottery_games' [ RunTime:0.000638s ]
[ sql ] [ SQL ] SHOW TABLES LIKE 'wp_lottery_games_award_link' [ RunTime:0.000625s ]
[ sql ] [ SQL ] SHOW TABLES LIKE 'wp_addon_category' [ RunTime:0.000696s ]
[ sql ] [ SQL ] SHOW TABLES LIKE 'wp_card_member' [ RunTime:0.000635s ]
[ sql ] [ SQL ] SHOW TABLES LIKE 'wp_exam' [ RunTime:0.000643s ]
[ sql ] [ SQL ] SHOW TABLES LIKE 'wp_signin_log' [ RunTime:0.000667s ]
[ sql ] [ SQL ] SHOW FULL COLUMNS FROM wp_signin_log [ RunTime:0.000717s ]
[ sql ] [ SQL ] SHOW TABLES LIKE 'wp_shop_order_goods' [ RunTime:0.000679s ]
[ sql ] [ SQL ] SHOW FULL COLUMNS FROM wp_shop_order_goods [ RunTime:0.000706s ]
[ sql ] [ SQL ] SHOW TABLES LIKE 'wp_shop_goods_content' [ RunTime:0.000736s ]
[ sql ] [ SQL ] SHOW FULL COLUMNS FROM wp_shop_goods_content [ RunTime:0.000739s ]
[ sql ] [ SQL ] SHOW TABLES LIKE 'wp_shop_goods_stock' [ RunTime:0.000789s ]
[ sql ] [ SQL ] SHOW FULL COLUMNS FROM wp_shop_goods_stock [ RunTime:0.000821s ]
[ sql ] [ SQL ] SHOW TABLES LIKE 'wp_goods_param_temp' [ RunTime:0.000695s ]
[ sql ] [ SQL ] SHOW FULL COLUMNS FROM wp_goods_param_temp [ RunTime:0.000745s ]
[ sql ] [ SQL ] SHOW TABLES LIKE 'wp_template_messages' [ RunTime:0.000672s ]
[ sql ] [ SQL ] SHOW FULL COLUMNS FROM wp_template_messages [ RunTime:0.000778s ]
[ sql ] [ SQL ] SHOW TABLES LIKE 'wp_event_prizes' [ RunTime:0.000684s ]
[ sql ] [ SQL ] SHOW FULL COLUMNS FROM wp_event_prizes [ RunTime:0.000831s ]
[ sql ] [ SQL ] SHOW TABLES LIKE 'wp_shop_track' [ RunTime:0.000678s ]
[ sql ] [ SQL ] SHOW FULL COLUMNS FROM wp_shop_track [ RunTime:0.000710s ]
[ sql ] [ SQL ] SHOW TABLES LIKE 'wp_stores_user' [ RunTime:0.000685s ]
[ sql ] [ SQL ] SHOW FULL COLUMNS FROM wp_stores_user [ RunTime:0.000694s ]
[ sql ] [ SQL ] SHOW TABLES LIKE 'wp_chat' [ RunTime:0.000678s ]
[ sql ] [ SQL ] SHOW FULL COLUMNS FROM wp_chat [ RunTime:0.000744s ]
[ sql ] [ SQL ] SHOW TABLES LIKE 'wp_shop_membership' [ RunTime:0.000700s ]
[ sql ] [ SQL ] SHOW FULL COLUMNS FROM wp_shop_membership [ RunTime:0.000730s ]
[ sql ] [ SQL ] SHOW TABLES LIKE 'wp_shop_reward' [ RunTime:0.000715s ]
[ sql ] [ SQL ] SHOW FULL COLUMNS FROM wp_shop_reward [ RunTime:0.000781s ]
[ sql ] [ SQL ] SHOW TABLES LIKE 'wp_shop_cashout_account' [ RunTime:0.000705s ]
[ sql ] [ SQL ] SHOW FULL COLUMNS FROM wp_shop_cashout_account [ RunTime:0.000791s ]
[ sql ] [ SQL ] SHOW TABLES LIKE 'wp_shop_reward_condition' [ RunTime:0.000670s ]
[ sql ] [ SQL ] SHOW FULL COLUMNS FROM wp_shop_reward_condition [ RunTime:0.000789s ]
[ sql ] [ SQL ] SHOW TABLES LIKE 'wp_lottery_prize_list' [ RunTime:0.000694s ]
[ sql ] [ SQL ] SHOW FULL COLUMNS FROM wp_lottery_prize_list [ RunTime:0.000738s ]
[ sql ] [ SQL ] SHOW TABLES LIKE 'wp_lzwg_activities' [ RunTime:0.000661s ]
[ sql ] [ SQL ] SHOW FULL COLUMNS FROM wp_lzwg_activities [ RunTime:0.000794s ]
[ sql ] [ SQL ] SHOW TABLES LIKE 'wp_lzwg_activities_vote' [ RunTime:0.000675s ]
[ sql ] [ SQL ] SHOW FULL COLUMNS FROM wp_lzwg_activities_vote [ RunTime:0.000717s ]
---------------------------------------------------------------
[ 2019-06-05T06:06:34+08:00 ] 115.215.220.127 GET wx.gongniuchazuo.com.cn/public/index.php/Admin/model/index/pbid/80?&mdm=366
[ sql ] [ DB ] CONNECT:[ UseTime:0.000888s ] mysql:host=rm-bp130s0438hdc169l.mysql.rds.aliyuncs.com;port=3306;dbname=weiphp;charset=utf8mb4
[ sql ] [ SQL ] SHOW COLUMNS FROM `wp_apps` [ RunTime:0.000916s ]
[ sql ] [ SQL ] SELECT * FROM `wp_apps` WHERE  `status` = 1 [ RunTime:0.000563s ]
[ sql ] [ SQL ] SHOW COLUMNS FROM `wp_menu` [ RunTime:0.000780s ]
[ sql ] [ SQL ] SELECT * FROM `wp_menu` WHERE  `place` = 1  AND `is_hide` = 0 ORDER BY `sort` ASC,`id` ASC [ RunTime:0.000510s ]
[ sql ] [ SQL ] SELECT * FROM `wp_apps` WHERE  `status` = 1 [ RunTime:0.000493s ]
[ sql ] [ SQL ] SHOW COLUMNS FROM `wp_model` [ RunTime:0.000832s ]
[ sql ] [ SQL ] SELECT `name`,`id` FROM `wp_model` [ RunTime:0.000463s ]
[ sql ] [ SQL ] SELECT COUNT(*) AS tp_count FROM `wp_model` LIMIT 1 [ RunTime:0.000363s ]
[ sql ] [ SQL ] SELECT * FROM `wp_model` ORDER BY `id` DESC LIMIT 0,20 [ RunTime:0.000502s ]
[ sql ] [ SQL ] SELECT `name`,`title` FROM `wp_apps` [ RunTime:0.000386s ]
[ sql ] [ SQL ] SHOW TABLES LIKE 'wp_shop_card_member' [ RunTime:0.000712s ]
[ sql ] [ SQL ] SHOW TABLES LIKE 'wp_test' [ RunTime:0.000642s ]
[ sql ] [ SQL ] SHOW TABLES LIKE 'wp_lottery_games' [ RunTime:0.000654s ]
[ sql ] [ SQL ] SHOW TABLES LIKE 'wp_lottery_games_award_link' [ RunTime:0.000658s ]
[ sql ] [ SQL ] SHOW TABLES LIKE 'wp_addon_category' [ RunTime:0.000631s ]
[ sql ] [ SQL ] SHOW TABLES LIKE 'wp_card_member' [ RunTime:0.000654s ]
[ sql ] [ SQL ] SHOW TABLES LIKE 'wp_exam' [ RunTime:0.000628s ]
[ sql ] [ SQL ] SHOW TABLES LIKE 'wp_signin_log' [ RunTime:0.000667s ]
[ sql ] [ SQL ] SHOW FULL COLUMNS FROM wp_signin_log [ RunTime:0.000751s ]
[ sql ] [ SQL ] SHOW TABLES LIKE 'wp_shop_order_goods' [ RunTime:0.000690s ]
[ sql ] [ SQL ] SHOW FULL COLUMNS FROM wp_shop_order_goods [ RunTime:0.000728s ]
[ sql ] [ SQL ] SHOW TABLES LIKE 'wp_shop_goods_content' [ RunTime:0.000726s ]
[ sql ] [ SQL ] SHOW FULL COLUMNS FROM wp_shop_goods_content [ RunTime:0.000733s ]
[ sql ] [ SQL ] SHOW TABLES LIKE 'wp_shop_goods_stock' [ RunTime:0.000692s ]
[ sql ] [ SQL ] SHOW FULL COLUMNS FROM wp_shop_goods_stock [ RunTime:0.000801s ]
[ sql ] [ SQL ] SHOW TABLES LIKE 'wp_goods_param_temp' [ RunTime:0.000691s ]
[ sql ] [ SQL ] SHOW FULL COLUMNS FROM wp_goods_param_temp [ RunTime:0.000747s ]
[ sql ] [ SQL ] SHOW TABLES LIKE 'wp_template_messages' [ RunTime:0.000709s ]
[ sql ] [ SQL ] SHOW FULL COLUMNS FROM wp_template_messages [ RunTime:0.000776s ]
[ sql ] [ SQL ] SHOW TABLES LIKE 'wp_event_prizes' [ RunTime:0.000686s ]
[ sql ] [ SQL ] SHOW FULL COLUMNS FROM wp_event_prizes [ RunTime:0.000743s ]
[ sql ] [ SQL ] SHOW TABLES LIKE 'wp_shop_track' [ RunTime:0.000685s ]
[ sql ] [ SQL ] SHOW FULL COLUMNS FROM wp_shop_track [ RunTime:0.000724s ]
[ sql ] [ SQL ] SHOW TABLES LIKE 'wp_stores_user' [ RunTime:0.000679s ]
[ sql ] [ SQL ] SHOW FULL COLUMNS FROM wp_stores_user [ RunTime:0.000737s ]
[ sql ] [ SQL ] SHOW TABLES LIKE 'wp_chat' [ RunTime:0.000673s ]
[ sql ] [ SQL ] SHOW FULL COLUMNS FROM wp_chat [ RunTime:0.000755s ]
[ sql ] [ SQL ] SHOW TABLES LIKE 'wp_shop_membership' [ RunTime:0.000711s ]
[ sql ] [ SQL ] SHOW FULL COLUMNS FROM wp_shop_membership [ RunTime:0.000759s ]
[ sql ] [ SQL ] SHOW TABLES LIKE 'wp_shop_reward' [ RunTime:0.000685s ]
[ sql ] [ SQL ] SHOW FULL COLUMNS FROM wp_shop_reward [ RunTime:0.000775s ]
[ sql ] [ SQL ] SHOW TABLES LIKE 'wp_shop_cashout_account' [ RunTime:0.000686s ]
[ sql ] [ SQL ] SHOW FULL COLUMNS FROM wp_shop_cashout_account [ RunTime:0.000738s ]
[ sql ] [ SQL ] SHOW TABLES LIKE 'wp_shop_reward_condition' [ RunTime:0.000679s ]
[ sql ] [ SQL ] SHOW FULL COLUMNS FROM wp_shop_reward_condition [ RunTime:0.000777s ]
[ sql ] [ SQL ] SHOW TABLES LIKE 'wp_lottery_prize_list' [ RunTime:0.000769s ]
[ sql ] [ SQL ] SHOW FULL COLUMNS FROM wp_lottery_prize_list [ RunTime:0.000745s ]
[ sql ] [ SQL ] SHOW TABLES LIKE 'wp_lzwg_activities' [ RunTime:0.000695s ]
[ sql ] [ SQL ] SHOW FULL COLUMNS FROM wp_lzwg_activities [ RunTime:0.000771s ]
[ sql ] [ SQL ] SHOW TABLES LIKE 'wp_lzwg_activities_vote' [ RunTime:0.000712s ]
[ sql ] [ SQL ] SHOW FULL COLUMNS FROM wp_lzwg_activities_vote [ RunTime:0.000729s ]
---------------------------------------------------------------
[ 2019-06-05T06:06:39+08:00 ] 115.215.220.127 GET wx.gongniuchazuo.com.cn/public/index.php/admin/model/index/pbid/80/title/shop
[ sql ] [ DB ] CONNECT:[ UseTime:0.000794s ] mysql:host=rm-bp130s0438hdc169l.mysql.rds.aliyuncs.com;port=3306;dbname=weiphp;charset=utf8mb4
[ sql ] [ SQL ] SHOW COLUMNS FROM `wp_apps` [ RunTime:0.000966s ]
[ sql ] [ SQL ] SELECT * FROM `wp_apps` WHERE  `status` = 1 [ RunTime:0.000547s ]
[ sql ] [ SQL ] SHOW COLUMNS FROM `wp_menu` [ RunTime:0.000826s ]
[ sql ] [ SQL ] SELECT * FROM `wp_menu` WHERE  `place` = 1  AND `is_hide` = 0 ORDER BY `sort` ASC,`id` ASC [ RunTime:0.000524s ]
[ sql ] [ SQL ] SELECT * FROM `wp_apps` WHERE  `status` = 1 [ RunTime:0.000576s ]
[ sql ] [ SQL ] SHOW COLUMNS FROM `wp_model` [ RunTime:0.000954s ]
[ sql ] [ SQL ] SELECT `name`,`id` FROM `wp_model` [ RunTime:0.000489s ]
[ sql ] [ SQL ] SELECT COUNT(*) AS tp_count FROM `wp_model` WHERE  `name` LIKE '%shop%' LIMIT 1 [ RunTime:0.000492s ]
[ sql ] [ SQL ] SELECT * FROM `wp_model` WHERE  `name` LIKE '%shop%' ORDER BY `id` DESC LIMIT 0,20 [ RunTime:0.000708s ]
[ sql ] [ SQL ] SELECT `name`,`title` FROM `wp_apps` [ RunTime:0.000421s ]
[ sql ] [ SQL ] SHOW TABLES LIKE 'wp_shop_card_member' [ RunTime:0.000734s ]
[ sql ] [ SQL ] SHOW TABLES LIKE 'wp_test' [ RunTime:0.000664s ]
[ sql ] [ SQL ] SHOW TABLES LIKE 'wp_lottery_games' [ RunTime:0.000717s ]
[ sql ] [ SQL ] SHOW TABLES LIKE 'wp_lottery_games_award_link' [ RunTime:0.000670s ]
[ sql ] [ SQL ] SHOW TABLES LIKE 'wp_addon_category' [ RunTime:0.000684s ]
[ sql ] [ SQL ] SHOW TABLES LIKE 'wp_card_member' [ RunTime:0.000639s ]
[ sql ] [ SQL ] SHOW TABLES LIKE 'wp_exam' [ RunTime:0.000676s ]
[ sql ] [ SQL ] SHOW TABLES LIKE 'wp_shop_order_goods' [ RunTime:0.000717s ]
[ sql ] [ SQL ] SHOW FULL COLUMNS FROM wp_shop_order_goods [ RunTime:0.000763s ]
[ sql ] [ SQL ] SHOW TABLES LIKE 'wp_shop_goods_content' [ RunTime:0.000705s ]
[ sql ] [ SQL ] SHOW FULL COLUMNS FROM wp_shop_goods_content [ RunTime:0.000756s ]
[ sql ] [ SQL ] SHOW TABLES LIKE 'wp_shop_goods_stock' [ RunTime:0.000694s ]
[ sql ] [ SQL ] SHOW FULL COLUMNS FROM wp_shop_goods_stock [ RunTime:0.001002s ]
[ sql ] [ SQL ] SHOW TABLES LIKE 'wp_shop_track' [ RunTime:0.000715s ]
[ sql ] [ SQL ] SHOW FULL COLUMNS FROM wp_shop_track [ RunTime:0.000748s ]
[ sql ] [ SQL ] SHOW TABLES LIKE 'wp_shop_membership' [ RunTime:0.000688s ]
[ sql ] [ SQL ] SHOW FULL COLUMNS FROM wp_shop_membership [ RunTime:0.000783s ]
[ sql ] [ SQL ] SHOW TABLES LIKE 'wp_shop_reward' [ RunTime:0.000727s ]
[ sql ] [ SQL ] SHOW FULL COLUMNS FROM wp_shop_reward [ RunTime:0.000803s ]
[ sql ] [ SQL ] SHOW TABLES LIKE 'wp_shop_cashout_account' [ RunTime:0.000657s ]
[ sql ] [ SQL ] SHOW FULL COLUMNS FROM wp_shop_cashout_account [ RunTime:0.000885s ]
[ sql ] [ SQL ] SHOW TABLES LIKE 'wp_shop_reward_condition' [ RunTime:0.000820s ]
[ sql ] [ SQL ] SHOW FULL COLUMNS FROM wp_shop_reward_condition [ RunTime:0.000949s ]
[ sql ] [ SQL ] SHOW TABLES LIKE 'wp_shop' [ RunTime:0.000740s ]
[ sql ] [ SQL ] SHOW FULL COLUMNS FROM wp_shop [ RunTime:0.000828s ]
[ sql ] [ SQL ] SHOW TABLES LIKE 'wp_shop_cart' [ RunTime:0.000671s ]
[ sql ] [ SQL ] SHOW FULL COLUMNS FROM wp_shop_cart [ RunTime:0.000955s ]
[ sql ] [ SQL ] SHOW TABLES LIKE 'wp_shop_goods' [ RunTime:0.000716s ]
[ sql ] [ SQL ] SHOW FULL COLUMNS FROM wp_shop_goods [ RunTime:0.000861s ]
[ sql ] [ SQL ] SHOW TABLES LIKE 'wp_shop_collect' [ RunTime:0.000708s ]
[ sql ] [ SQL ] SHOW FULL COLUMNS FROM wp_shop_collect [ RunTime:0.000730s ]
[ sql ] [ SQL ] SHOW TABLES LIKE 'wp_shop_goods_category' [ RunTime:0.000701s ]
[ sql ] [ SQL ] SHOW FULL COLUMNS FROM wp_shop_goods_category [ RunTime:0.000758s ]
[ sql ] [ SQL ] SHOW TABLES LIKE 'wp_shop_goods_score' [ RunTime:0.000702s ]
[ sql ] [ SQL ] SHOW FULL COLUMNS FROM wp_shop_goods_score [ RunTime:0.000729s ]
[ sql ] [ SQL ] SHOW TABLES LIKE 'wp_shop_order_log' [ RunTime:0.000690s ]
[ sql ] [ SQL ] SHOW FULL COLUMNS FROM wp_shop_order_log [ RunTime:0.000733s ]
[ sql ] [ SQL ] SHOW TABLES LIKE 'wp_shop_order' [ RunTime:0.000786s ]
[ sql ] [ SQL ] SHOW FULL COLUMNS FROM wp_shop_order [ RunTime:0.001117s ]
[ sql ] [ SQL ] SHOW TABLES LIKE 'wp_shop_slideshow' [ RunTime:0.000740s ]
[ sql ] [ SQL ] SHOW FULL COLUMNS FROM wp_shop_slideshow [ RunTime:0.000745s ]
[ sql ] [ SQL ] SHOW TABLES LIKE 'wp_shop_virtual' [ RunTime:0.000707s ]
[ sql ] [ SQL ] SHOW FULL COLUMNS FROM wp_shop_virtual [ RunTime:0.000853s ]
[ sql ] [ SQL ] SHOW TABLES LIKE 'wp_shop_spec' [ RunTime:0.000753s ]
[ sql ] [ SQL ] SHOW FULL COLUMNS FROM wp_shop_spec [ RunTime:0.000827s ]
[ sql ] [ SQL ] SHOW TABLES LIKE 'wp_shop_spec_option' [ RunTime:0.000695s ]
[ sql ] [ SQL ] SHOW FULL COLUMNS FROM wp_shop_spec_option [ RunTime:0.000750s ]
---------------------------------------------------------------
[ 2019-06-05T06:06:43+08:00 ] 115.215.220.127 GET wx.gongniuchazuo.com.cn/public/index.php/admin/attribute/index/model_id/1408/pbid/80
[ sql ] [ DB ] CONNECT:[ UseTime:0.000950s ] mysql:host=rm-bp130s0438hdc169l.mysql.rds.aliyuncs.com;port=3306;dbname=weiphp;charset=utf8mb4
[ sql ] [ SQL ] SHOW COLUMNS FROM `wp_apps` [ RunTime:0.000963s ]
[ sql ] [ SQL ] SELECT * FROM `wp_apps` WHERE  `status` = 1 [ RunTime:0.000599s ]
[ sql ] [ SQL ] SHOW COLUMNS FROM `wp_menu` [ RunTime:0.000841s ]
[ sql ] [ SQL ] SELECT * FROM `wp_menu` WHERE  `place` = 1  AND `is_hide` = 0 ORDER BY `sort` ASC,`id` ASC [ RunTime:0.000544s ]
[ sql ] [ SQL ] SELECT * FROM `wp_apps` WHERE  `status` = 1 [ RunTime:0.000545s ]
[ sql ] [ SQL ] SHOW COLUMNS FROM `wp_model` [ RunTime:0.000895s ]
[ sql ] [ SQL ] SELECT * FROM `wp_model` WHERE  `id` = 1408 LIMIT 1 [ RunTime:0.000497s ]
---------------------------------------------------------------
[ 2019-06-05T06:06:48+08:00 ] 115.215.220.127 GET wx.gongniuchazuo.com.cn/public/index.php/admin/attribute/add/model_id/1408/pbid/80
[ sql ] [ DB ] CONNECT:[ UseTime:0.001006s ] mysql:host=rm-bp130s0438hdc169l.mysql.rds.aliyuncs.com;port=3306;dbname=weiphp;charset=utf8mb4
[ sql ] [ SQL ] SHOW COLUMNS FROM `wp_apps` [ RunTime:0.000927s ]
[ sql ] [ SQL ] SELECT * FROM `wp_apps` WHERE  `status` = 1 [ RunTime:0.000538s ]
[ sql ] [ SQL ] SHOW COLUMNS FROM `wp_menu` [ RunTime:0.000802s ]
[ sql ] [ SQL ] SELECT * FROM `wp_menu` WHERE  `place` = 1  AND `is_hide` = 0 ORDER BY `sort` ASC,`id` ASC [ RunTime:0.000519s ]
[ sql ] [ SQL ] SELECT * FROM `wp_apps` WHERE  `status` = 1 [ RunTime:0.000515s ]
[ sql ] [ SQL ] SHOW COLUMNS FROM `wp_model` [ RunTime:0.001121s ]
[ sql ] [ SQL ] SELECT `id`,`title`,`name` FROM `wp_model` WHERE  `id` = 1408 LIMIT 1 [ RunTime:0.000445s ]
---------------------------------------------------------------
[ 2019-06-05T06:07:10+08:00 ] 115.215.220.127 POST wx.gongniuchazuo.com.cn/public/index.php/admin/attribute/update/pbid/80
[ sql ] [ DB ] CONNECT:[ UseTime:0.000846s ] mysql:host=rm-bp130s0438hdc169l.mysql.rds.aliyuncs.com;port=3306;dbname=weiphp;charset=utf8mb4
[ sql ] [ SQL ] SHOW COLUMNS FROM `wp_apps` [ RunTime:0.001167s ]
[ sql ] [ SQL ] SELECT * FROM `wp_apps` WHERE  `status` = 1 [ RunTime:0.000613s ]
[ sql ] [ SQL ] SHOW COLUMNS FROM `wp_model` [ RunTime:0.000894s ]
[ sql ] [ SQL ] SELECT * FROM `wp_model` WHERE  `id` = 1408 LIMIT 1 [ RunTime:0.000457s ]
[ sql ] [ SQL ] SELECT `name` FROM `wp_model` WHERE  `id` = 1408 LIMIT 1 [ RunTime:0.000371s ]
[ sql ] [ SQL ] SHOW TABLES LIKE 'wp_shop_order' [ RunTime:0.000793s ]
[ sql ] [ SQL ]                 ALTER TABLE `wp_shop_order` ADD COLUMN `room`  varchar(10) NULL  COMMENT '房间编号'; [ RunTime:0.012866s ]
[ sql ] [ SQL ] SELECT `id`,`name`,`title`,`extend`,`relation`,`need_pk`,`field_sort`,`field_group`,`attribute_list`,`template_list`,`template_add`,`template_edit`,`list_grid`,`list_row`,`search_key`,`search_list`,`create_time`,`update_time`,`status`,`engine_type`,`addon` FROM `wp_model` WHERE  `id` = 1408 LIMIT 1 [ RunTime:0.000503s ]
[ sql ] [ SQL ] UPDATE `wp_model`  SET `name` = 'shop_order' , `title` = '订单记录' , `search_key` = 'key:请输入订单编号或客户昵称' , `list_row` = 20 , `addon` = 'shop'  WHERE  `id` = 1408 [ RunTime:0.000412s ]
---------------------------------------------------------------
[ 2019-06-05T06:07:11+08:00 ] 115.215.220.127 GET wx.gongniuchazuo.com.cn/public/index.php/admin/attribute/index/model_id/1408/pbid/80
[ sql ] [ DB ] CONNECT:[ UseTime:0.000906s ] mysql:host=rm-bp130s0438hdc169l.mysql.rds.aliyuncs.com;port=3306;dbname=weiphp;charset=utf8mb4
[ sql ] [ SQL ] SHOW COLUMNS FROM `wp_apps` [ RunTime:0.001030s ]
[ sql ] [ SQL ] SELECT * FROM `wp_apps` WHERE  `status` = 1 [ RunTime:0.000552s ]
[ sql ] [ SQL ] SHOW COLUMNS FROM `wp_menu` [ RunTime:0.000925s ]
[ sql ] [ SQL ] SELECT * FROM `wp_menu` WHERE  `place` = 1  AND `is_hide` = 0 ORDER BY `sort` ASC,`id` ASC [ RunTime:0.000540s ]
[ sql ] [ SQL ] SELECT * FROM `wp_apps` WHERE  `status` = 1 [ RunTime:0.000474s ]
[ sql ] [ SQL ] SHOW COLUMNS FROM `wp_model` [ RunTime:0.000895s ]
[ sql ] [ SQL ] SELECT * FROM `wp_model` WHERE  `id` = 1408 LIMIT 1 [ RunTime:0.000494s ]
---------------------------------------------------------------
[ 2019-06-05T06:09:30+08:00 ] 115.215.220.127 GET wx.gongniuchazuo.com.cn/public/index.php/home/index/index/pbid/80
[ sql ] [ DB ] CONNECT:[ UseTime:0.001029s ] mysql:host=rm-bp130s0438hdc169l.mysql.rds.aliyuncs.com;port=3306;dbname=weiphp;charset=utf8mb4
[ sql ] [ SQL ] SHOW COLUMNS FROM `wp_apps` [ RunTime:0.000952s ]
[ sql ] [ SQL ] SELECT * FROM `wp_apps` WHERE  `status` = 1 [ RunTime:0.000579s ]
[ sql ] [ SQL ] SHOW COLUMNS FROM `wp_menu` [ RunTime:0.000794s ]
[ sql ] [ SQL ] SELECT * FROM `wp_menu` WHERE  `place` = 0  AND `is_hide` = 0 ORDER BY `sort` ASC,`id` ASC [ RunTime:0.000544s ]
[ sql ] [ SQL ] SELECT * FROM `wp_apps` WHERE  `status` = 1 [ RunTime:0.000470s ]
---------------------------------------------------------------
[ 2019-06-05T06:09:30+08:00 ] 115.215.220.127 GET wx.gongniuchazuo.com.cn/public/index.php/home/user/login
[ sql ] [ DB ] CONNECT:[ UseTime:0.001018s ] mysql:host=rm-bp130s0438hdc169l.mysql.rds.aliyuncs.com;port=3306;dbname=weiphp;charset=utf8mb4
[ sql ] [ SQL ] SHOW COLUMNS FROM `wp_apps` [ RunTime:0.001065s ]
[ sql ] [ SQL ] SELECT * FROM `wp_apps` WHERE  `status` = 1 [ RunTime:0.000602s ]
[ sql ] [ SQL ] SHOW COLUMNS FROM `wp_menu` [ RunTime:0.000880s ]
[ sql ] [ SQL ] SELECT * FROM `wp_menu` WHERE  `place` = 0  AND `is_hide` = 0 ORDER BY `sort` ASC,`id` ASC [ RunTime:0.000677s ]
[ sql ] [ SQL ] SELECT * FROM `wp_apps` WHERE  `status` = 1 [ RunTime:0.000575s ]
---------------------------------------------------------------
[ 2019-06-05T06:09:30+08:00 ] 115.215.220.127 GET wx.gongniuchazuo.com.cn/public/index.php/weixin/publics/lists/pbid/80
[ sql ] [ DB ] CONNECT:[ UseTime:0.000861s ] mysql:host=rm-bp130s0438hdc169l.mysql.rds.aliyuncs.com;port=3306;dbname=weiphp;charset=utf8mb4
[ sql ] [ SQL ] SHOW COLUMNS FROM `wp_apps` [ RunTime:0.000831s ]
[ sql ] [ SQL ] SELECT * FROM `wp_apps` WHERE  `status` = 1 [ RunTime:0.000500s ]
[ sql ] [ SQL ] SHOW COLUMNS FROM `wp_menu` [ RunTime:0.000774s ]
[ sql ] [ SQL ] SELECT * FROM `wp_menu` WHERE  `place` = 0  AND `is_hide` = 0 ORDER BY `sort` ASC,`id` ASC [ RunTime:0.000535s ]
[ sql ] [ SQL ] SELECT * FROM `wp_apps` WHERE  `status` = 1 [ RunTime:0.000472s ]
[ sql ] [ SQL ] SHOW COLUMNS FROM `wp_model` [ RunTime:0.000794s ]
[ sql ] [ SQL ] SELECT * FROM `wp_model` WHERE  `name` = 'publics' LIMIT 1 [ RunTime:0.000488s ]
[ sql ] [ SQL ] SHOW COLUMNS FROM `wp_publics` [ RunTime:0.000872s ]
[ sql ] [ SQL ] SELECT `id`,`uid`,`public_name`,`public_id`,`wechat`,`interface_url`,`headface_url`,`area`,`addon_status`,`is_use`,`type`,`appid`,`secret`,`encodingaeskey`,`tips_url`,`domain`,`is_bind`,`mch_id`,`partner_key`,`cert_pem`,`key_pem`,`authorizer_refresh_token`,`check_file`,`app_type`,`wpid`,`order_payok_messageid` FROM `wp_publics` WHERE  `uid` = 1 [ RunTime:0.000482s ]
---------------------------------------------------------------
[ 2019-06-05T06:09:32+08:00 ] 115.215.220.127 GET wx.gongniuchazuo.com.cn/public/index.php/shop/shop/lists/pbid/80?&mdm=761
[ sql ] [ DB ] CONNECT:[ UseTime:0.000972s ] mysql:host=rm-bp130s0438hdc169l.mysql.rds.aliyuncs.com;port=3306;dbname=weiphp;charset=utf8mb4
[ sql ] [ SQL ] SHOW COLUMNS FROM `wp_apps` [ RunTime:0.000945s ]
[ sql ] [ SQL ] SELECT * FROM `wp_apps` WHERE  `status` = 1 [ RunTime:0.000553s ]
[ sql ] [ SQL ] SHOW COLUMNS FROM `wp_menu` [ RunTime:0.000958s ]
[ sql ] [ SQL ] SELECT * FROM `wp_menu` WHERE  `place` = 0  AND `is_hide` = 0 ORDER BY `sort` ASC,`id` ASC [ RunTime:0.000572s ]
[ sql ] [ SQL ] SELECT * FROM `wp_apps` WHERE  `status` = 1 [ RunTime:0.000530s ]
[ sql ] [ SQL ] SHOW COLUMNS FROM `wp_shop` [ RunTime:0.000941s ]
[ sql ] [ SQL ] SELECT * FROM `wp_shop` WHERE  `id` = 1 LIMIT 1 [ RunTime:0.000482s ]
---------------------------------------------------------------
[ 2019-06-05T06:09:32+08:00 ] 115.215.220.127 GET wx.gongniuchazuo.com.cn/public/index.php/shop/shop/summary/pbid/80/mdm/761
[ sql ] [ DB ] CONNECT:[ UseTime:0.000939s ] mysql:host=rm-bp130s0438hdc169l.mysql.rds.aliyuncs.com;port=3306;dbname=weiphp;charset=utf8mb4
[ sql ] [ SQL ] SHOW COLUMNS FROM `wp_apps` [ RunTime:0.000877s ]
[ sql ] [ SQL ] SELECT * FROM `wp_apps` WHERE  `status` = 1 [ RunTime:0.000535s ]
[ sql ] [ SQL ] SHOW COLUMNS FROM `wp_menu` [ RunTime:0.000951s ]
[ sql ] [ SQL ] SELECT * FROM `wp_menu` WHERE  `place` = 0  AND `is_hide` = 0 ORDER BY `sort` ASC,`id` ASC [ RunTime:0.000607s ]
[ sql ] [ SQL ] SELECT * FROM `wp_apps` WHERE  `status` = 1 [ RunTime:0.000563s ]
[ sql ] [ SQL ] SHOW COLUMNS FROM `wp_shop` [ RunTime:0.000858s ]
[ sql ] [ SQL ] SELECT * FROM `wp_shop` WHERE  `id` = 1 LIMIT 1 [ RunTime:0.000463s ]
[ sql ] [ SQL ] SELECT count(1) as cc,FROM_UNIXTIME(subscribe_time, '%m%d') as hh FROM `wp_user` as u left join `wp_public_follow` as f on u.uid = f.uid WHERE f.pbid='80' and u.subscribe_time>'1557094172' GROUP BY hh [ RunTime:0.000610s ]
[ sql ] [ SQL ] SHOW COLUMNS FROM `wp_shop_goods` [ RunTime:0.000896s ]
[ sql ] [ SQL ] SELECT `id` FROM `wp_shop_goods` WHERE  `wpid` = 1  AND `is_delete` = 0 [ RunTime:0.000405s ]
[ sql ] [ SQL ] SELECT * FROM `wp_shop_goods` WHERE  `id` = 158 LIMIT 1 [ RunTime:0.000483s ]
[ sql ] [ SQL ] SHOW COLUMNS FROM `wp_shop_goods_content` [ RunTime:0.000735s ]
[ sql ] [ SQL ] SELECT `content` FROM `wp_shop_goods_content` WHERE  `goods_id` = 158 LIMIT 1 [ RunTime:0.000370s ]
[ sql ] [ SQL ] SHOW COLUMNS FROM `wp_shop_goods_stock` [ RunTime:0.000787s ]
[ sql ] [ SQL ] SELECT `stock_id`,`stock`,`stock_active`,`lock_count`,`sale_count`,`goods_id`,`event_type`,`market_price`,`sale_price`,`shop_goods_id`,`del_at` FROM `wp_shop_goods_stock` WHERE  `goods_id` = 158  AND `event_type` = 0 ORDER BY `stock_id` DESC LIMIT 1 [ RunTime:0.000453s ]
[ sql ] [ SQL ] SELECT * FROM `wp_shop_goods` WHERE  `id` = 159 LIMIT 1 [ RunTime:0.000489s ]
[ sql ] [ SQL ] SELECT `content` FROM `wp_shop_goods_content` WHERE  `goods_id` = 159 LIMIT 1 [ RunTime:0.000357s ]
[ sql ] [ SQL ] SELECT `stock_id`,`stock`,`stock_active`,`lock_count`,`sale_count`,`goods_id`,`event_type`,`market_price`,`sale_price`,`shop_goods_id`,`del_at` FROM `wp_shop_goods_stock` WHERE  `goods_id` = 159  AND `event_type` = 0 ORDER BY `stock_id` DESC LIMIT 1 [ RunTime:0.000457s ]
[ sql ] [ SQL ] SHOW COLUMNS FROM `wp_shop_order` [ RunTime:0.000905s ]
[ sql ] [ SQL ] SELECT sum( is_new ) as new_count, count(1) as total_count FROM `wp_shop_order` WHERE  `wpid` = 1 LIMIT 1 [ RunTime:0.000416s ]
[ sql ] [ SQL ] SHOW COLUMNS FROM `wp_public_follow` [ RunTime:0.000724s ]
[ sql ] [ SQL ] SELECT count(1) as total, sum(has_subscribe) as has_count FROM `wp_public_follow` WHERE  `pbid` = 80 LIMIT 1 [ RunTime:0.000384s ]
---------------------------------------------------------------
[ 2019-06-05T06:09:34+08:00 ] 115.215.220.127 GET wx.gongniuchazuo.com.cn/public/index.php/shop/goods/lists/pbid/80?&mdm=761_777
[ sql ] [ DB ] CONNECT:[ UseTime:0.000864s ] mysql:host=rm-bp130s0438hdc169l.mysql.rds.aliyuncs.com;port=3306;dbname=weiphp;charset=utf8mb4
[ sql ] [ SQL ] SHOW COLUMNS FROM `wp_apps` [ RunTime:0.000960s ]
[ sql ] [ SQL ] SELECT * FROM `wp_apps` WHERE  `status` = 1 [ RunTime:0.000590s ]
[ sql ] [ SQL ] SHOW COLUMNS FROM `wp_menu` [ RunTime:0.000823s ]
[ sql ] [ SQL ] SELECT * FROM `wp_menu` WHERE  `place` = 0  AND `is_hide` = 0 ORDER BY `sort` ASC,`id` ASC [ RunTime:0.000579s ]
[ sql ] [ SQL ] SELECT * FROM `wp_apps` WHERE  `status` = 1 [ RunTime:0.000536s ]
[ sql ] [ SQL ] SHOW COLUMNS FROM `wp_shop` [ RunTime:0.000875s ]
[ sql ] [ SQL ] SELECT * FROM `wp_shop` WHERE  `id` = 1 LIMIT 1 [ RunTime:0.000445s ]
[ sql ] [ SQL ] SHOW COLUMNS FROM `wp_shop_goods` [ RunTime:0.000897s ]
[ sql ] [ SQL ] SELECT COUNT(*) AS tp_count FROM `wp_shop_goods` `g` INNER JOIN `wp_shop_goods_stock` `s` ON `s`.`goods_id`=g.id and s.event_type=0 WHERE  `wpid` = 1  AND `is_delete` = 0  AND `is_show` = 1  AND `stock_active` > '0' LIMIT 1 [ RunTime:0.000569s ]
[ sql ] [ SQL ] SELECT * FROM `wp_shop_goods` `g` INNER JOIN `wp_shop_goods_stock` `s` ON `s`.`goods_id`=g.id and s.event_type=0 WHERE  `wpid` = 1  AND `is_delete` = 0  AND `is_show` = 1  AND `stock_active` > '0' ORDER BY `g`.`id` DESC LIMIT 0,20 [ RunTime:0.001211s ]
[ sql ] [ SQL ] SHOW COLUMNS FROM `wp_shop_goods_category` [ RunTime:0.001540s ]
[ sql ] [ SQL ] SELECT `id`,`title` FROM `wp_shop_goods_category` WHERE  `wpid` = 1  AND `is_show` = 1 [ RunTime:0.000444s ]
---------------------------------------------------------------
[ 2019-06-05T06:09:38+08:00 ] 115.215.220.127 GET wx.gongniuchazuo.com.cn/public/index.php/shop/goods/addorder/id/159/pbid/80
[ sql ] [ DB ] CONNECT:[ UseTime:0.000810s ] mysql:host=rm-bp130s0438hdc169l.mysql.rds.aliyuncs.com;port=3306;dbname=weiphp;charset=utf8mb4
[ sql ] [ SQL ] SHOW COLUMNS FROM `wp_apps` [ RunTime:0.000919s ]
[ sql ] [ SQL ] SELECT * FROM `wp_apps` WHERE  `status` = 1 [ RunTime:0.000545s ]
[ sql ] [ SQL ] SHOW COLUMNS FROM `wp_menu` [ RunTime:0.000790s ]
[ sql ] [ SQL ] SELECT * FROM `wp_menu` WHERE  `place` = 0  AND `is_hide` = 0 ORDER BY `sort` ASC,`id` ASC [ RunTime:0.000547s ]
[ sql ] [ SQL ] SELECT * FROM `wp_apps` WHERE  `status` = 1 [ RunTime:0.000483s ]
[ sql ] [ SQL ] SHOW COLUMNS FROM `wp_shop` [ RunTime:0.000808s ]
[ sql ] [ SQL ] SELECT * FROM `wp_shop` WHERE  `id` = 1 LIMIT 1 [ RunTime:0.000430s ]
[ sql ] [ SQL ] SHOW COLUMNS FROM `wp_shop_goods` [ RunTime:0.000851s ]
[ sql ] [ SQL ] SELECT * FROM `wp_shop_goods` WHERE  `id` = 159 LIMIT 1 [ RunTime:0.000485s ]
[ sql ] [ SQL ] SHOW COLUMNS FROM `wp_shop_goods_content` [ RunTime:0.000697s ]
[ sql ] [ SQL ] SELECT `content` FROM `wp_shop_goods_content` WHERE  `goods_id` = 159 LIMIT 1 [ RunTime:0.000384s ]
[ sql ] [ SQL ] SHOW COLUMNS FROM `wp_shop_goods_stock` [ RunTime:0.000726s ]
[ sql ] [ SQL ] SELECT `stock_id`,`stock`,`stock_active`,`lock_count`,`sale_count`,`goods_id`,`event_type`,`market_price`,`sale_price`,`shop_goods_id`,`del_at` FROM `wp_shop_goods_stock` WHERE  `goods_id` = 159  AND `event_type` = 0 ORDER BY `stock_id` DESC LIMIT 1 [ RunTime:0.000479s ]
[ sql ] [ SQL ] SHOW COLUMNS FROM `wp_goods_store_link` [ RunTime:0.000697s ]
[ sql ] [ SQL ] SELECT `id` FROM `wp_goods_store_link` WHERE  `goods_id` = 159  AND `event_type` = 0 [ RunTime:0.000393s ]
[ sql ] [ SQL ] SHOW COLUMNS FROM `wp_shop_goods_category` [ RunTime:0.000722s ]
[ sql ] [ SQL ] SELECT * FROM `wp_shop_goods_category` WHERE  `wpid` = 1 ORDER BY `sort` ASC,`id` ASC [ RunTime:0.000431s ]
[ sql ] [ SQL ] SHOW COLUMNS FROM `wp_goods_category_link` [ RunTime:0.000677s ]
[ sql ] [ SQL ] SELECT * FROM `wp_goods_category_link` WHERE  `goods_id` = 159 [ RunTime:0.000383s ]
[ sql ] [ SQL ] SHOW COLUMNS FROM `wp_goods_param_link` [ RunTime:0.000706s ]
[ sql ] [ SQL ] SELECT * FROM `wp_goods_param_link` WHERE  `goods_id` = 159 ORDER BY `id` ASC [ RunTime:0.000375s ]
[ sql ] [ SQL ] SELECT * FROM `wp_apps` WHERE  `status` = 1 [ RunTime:0.000475s ]
[ sql ] [ SQL ] SELECT * FROM `wp_menu` WHERE  `place` = 0  AND `is_hide` = 0 ORDER BY `sort` ASC,`id` ASC [ RunTime:0.000506s ]
[ sql ] [ SQL ] SELECT * FROM `wp_apps` WHERE  `status` = 1 [ RunTime:0.000482s ]
---------------------------------------------------------------
[ 2019-06-05T06:09:52+08:00 ] 115.215.220.127 POST wx.gongniuchazuo.com.cn/public/index.php/shop/goods/pc_order/pbid/80
[ sql ] [ DB ] CONNECT:[ UseTime:0.000817s ] mysql:host=rm-bp130s0438hdc169l.mysql.rds.aliyuncs.com;port=3306;dbname=weiphp;charset=utf8mb4
[ sql ] [ SQL ] SHOW COLUMNS FROM `wp_apps` [ RunTime:0.001048s ]
[ sql ] [ SQL ] SELECT * FROM `wp_apps` WHERE  `status` = 1 [ RunTime:0.000526s ]
[ sql ] [ SQL ] SHOW COLUMNS FROM `wp_shop` [ RunTime:0.000910s ]
[ sql ] [ SQL ] SELECT * FROM `wp_shop` WHERE  `id` = 1 LIMIT 1 [ RunTime:0.000470s ]
[ sql ] [ SQL ] SHOW COLUMNS FROM `wp_shop_goods` [ RunTime:0.000854s ]
[ sql ] [ SQL ] SELECT * FROM `wp_shop_goods` WHERE  `id` = 159 LIMIT 1 [ RunTime:0.000563s ]
[ sql ] [ SQL ] SHOW COLUMNS FROM `wp_shop_goods_content` [ RunTime:0.000692s ]
[ sql ] [ SQL ] SELECT `content` FROM `wp_shop_goods_content` WHERE  `goods_id` = 159 LIMIT 1 [ RunTime:0.000399s ]
[ sql ] [ SQL ] SHOW COLUMNS FROM `wp_shop_goods_stock` [ RunTime:0.000729s ]
[ sql ] [ SQL ] SELECT `stock_id`,`stock`,`stock_active`,`lock_count`,`sale_count`,`goods_id`,`event_type`,`market_price`,`sale_price`,`shop_goods_id`,`del_at` FROM `wp_shop_goods_stock` WHERE  `goods_id` = 159  AND `event_type` = 0 ORDER BY `stock_id` DESC LIMIT 1 [ RunTime:0.000457s ]
[ sql ] [ SQL ] SHOW COLUMNS FROM `wp_shop_order` [ RunTime:0.000908s ]
[ sql ] [ SQL ] INSERT INTO `wp_shop_order` (`goods_datas` , `order_number` , `remark` , `uid` , `out_trade_no` , `cTime` , `pay_status` , `wpid` , `stores_id` , `jsbn` , `room` , `category_id` , `pay_money` , `total_price` , `event_type`) VALUES ('[{\"id\":159,\"cover\":\"http:\\/\\/wx.gongniuchazuo.com.cn\\/public\\/uploads\\/picture\\/\\/20190602\\/5cf3b5e9d582c_330X360.jpg\",\"title\":\"\\u8f6f\\u4e2d\\u534e\",\"market_price\":\"80.00\",\"sale_price\":\"80.00\",\"num\":\"1\",\"send_type\":\"1\"}]' , '20190605060952ec304678a' , '没' , 1 , 'no190605060952ec30467f2' , 1559686192 , 0 , 1 , 1 , '13' , '99' , 102 , 80 , 80 , 2) [ RunTime:0.001325s ]
[ sql ] [ SQL ] SHOW COLUMNS FROM `wp_shop_order_goods` [ RunTime:0.000723s ]
[ sql ] [ SQL ] INSERT INTO `wp_shop_order_goods` (`order_id` , `goods_id`) VALUES (2303 , 159) [ RunTime:0.000822s ]
---------------------------------------------------------------
[ 2019-06-05T06:09:52+08:00 ] 115.215.220.127 GET wx.gongniuchazuo.com.cn/public/index.php/shop/order/lists
[ sql ] [ DB ] CONNECT:[ UseTime:0.000912s ] mysql:host=rm-bp130s0438hdc169l.mysql.rds.aliyuncs.com;port=3306;dbname=weiphp;charset=utf8mb4
[ sql ] [ SQL ] SHOW COLUMNS FROM `wp_apps` [ RunTime:0.000932s ]
[ sql ] [ SQL ] SELECT * FROM `wp_apps` WHERE  `status` = 1 [ RunTime:0.000541s ]
[ sql ] [ SQL ] SHOW COLUMNS FROM `wp_menu` [ RunTime:0.000785s ]
[ sql ] [ SQL ] SELECT * FROM `wp_menu` WHERE  `place` = 0  AND `is_hide` = 0 ORDER BY `sort` ASC,`id` ASC [ RunTime:0.000541s ]
[ sql ] [ SQL ] SELECT * FROM `wp_apps` WHERE  `status` = 1 [ RunTime:0.000565s ]
[ sql ] [ SQL ] SHOW COLUMNS FROM `wp_shop` [ RunTime:0.000851s ]
[ sql ] [ SQL ] SELECT * FROM `wp_shop` WHERE  `id` = 1 LIMIT 1 [ RunTime:0.000440s ]
[ sql ] [ SQL ] SHOW COLUMNS FROM `wp_shop_order` [ RunTime:0.000928s ]
[ sql ] [ SQL ] SELECT COUNT(*) AS tp_count FROM `wp_shop_order` WHERE  `wpid` = 1  AND `pay_status` = 0  AND ( is_lock=1 or (is_lock=0 and refund>0) ) LIMIT 1 [ RunTime:0.000474s ]
[ sql ] [ SQL ] SELECT `id`,`goods_datas`,`uid`,`remark`,`order_number`,`cTime`,`total_price`,`openid`,`pay_status`,`pay_type`,`address_id`,`is_send`,`send_code`,`send_number`,`send_type`,`is_new`,`wpid`,`status_code`,`event_type`,`is_lock`,`erp_lock_code`,`mail_money`,`stores_id`,`pay_time`,`send_time`,`extra`,`order_state`,`out_trade_no`,`event_id`,`is_original`,`update_at`,`notice_erp`,`refund`,`refund_content`,`pay_money`,`dec_money`,`jsbn`,`category_id`,`room` FROM `wp_shop_order` WHERE  `wpid` = 1  AND `pay_status` = 0  AND ( is_lock=1 or (is_lock=0 and refund>0) ) ORDER BY `id` DESC LIMIT 0,20 [ RunTime:0.000625s ]
[ sql ] [ SQL ] SELECT * FROM `wp_shop_order` WHERE  `id` = 2303 LIMIT 1 [ RunTime:0.000534s ]
[ sql ] [ SQL ] SELECT * FROM `wp_shop_order` WHERE  `id` = 2302 LIMIT 1 [ RunTime:0.000545s ]
[ sql ] [ SQL ] SELECT * FROM `wp_shop_order` WHERE  `id` = 2301 LIMIT 1 [ RunTime:0.000553s ]
[ sql ] [ SQL ] SELECT * FROM `wp_shop_order` WHERE  `id` = 2300 LIMIT 1 [ RunTime:0.000567s ]
[ sql ] [ SQL ] SELECT * FROM `wp_shop_order` WHERE  `id` = 2299 LIMIT 1 [ RunTime:0.000504s ]
[ sql ] [ SQL ] SELECT * FROM `wp_shop_order` WHERE  `id` = 2298 LIMIT 1 [ RunTime:0.000550s ]
---------------------------------------------------------------
[ 2019-06-05T06:09:56+08:00 ] 115.215.220.127 GET wx.gongniuchazuo.com.cn/public/index.php/shop/order/lists/pbid/80/room/99/
[ sql ] [ DB ] CONNECT:[ UseTime:0.000882s ] mysql:host=rm-bp130s0438hdc169l.mysql.rds.aliyuncs.com;port=3306;dbname=weiphp;charset=utf8mb4
[ sql ] [ SQL ] SHOW COLUMNS FROM `wp_apps` [ RunTime:0.000937s ]
[ sql ] [ SQL ] SELECT * FROM `wp_apps` WHERE  `status` = 1 [ RunTime:0.000536s ]
[ sql ] [ SQL ] SHOW COLUMNS FROM `wp_menu` [ RunTime:0.000800s ]
[ sql ] [ SQL ] SELECT * FROM `wp_menu` WHERE  `place` = 0  AND `is_hide` = 0 ORDER BY `sort` ASC,`id` ASC [ RunTime:0.000548s ]
[ sql ] [ SQL ] SELECT * FROM `wp_apps` WHERE  `status` = 1 [ RunTime:0.000506s ]
[ sql ] [ SQL ] SHOW COLUMNS FROM `wp_shop` [ RunTime:0.000950s ]
[ sql ] [ SQL ] SELECT * FROM `wp_shop` WHERE  `id` = 1 LIMIT 1 [ RunTime:0.000442s ]
[ sql ] [ SQL ] SHOW COLUMNS FROM `wp_shop_order` [ RunTime:0.000906s ]
[ sql ] [ SQL ] SELECT COUNT(*) AS tp_count FROM `wp_shop_order` WHERE  `wpid` = 1  AND `pay_status` = 0  AND `room` = '99'  AND ( is_lock=1 or (is_lock=0 and refund>0) ) LIMIT 1 [ RunTime:0.000459s ]
[ sql ] [ SQL ] SELECT `id`,`goods_datas`,`uid`,`remark`,`order_number`,`cTime`,`total_price`,`openid`,`pay_status`,`pay_type`,`address_id`,`is_send`,`send_code`,`send_number`,`send_type`,`is_new`,`wpid`,`status_code`,`event_type`,`is_lock`,`erp_lock_code`,`mail_money`,`stores_id`,`pay_time`,`send_time`,`extra`,`order_state`,`out_trade_no`,`event_id`,`is_original`,`update_at`,`notice_erp`,`refund`,`refund_content`,`pay_money`,`dec_money`,`jsbn`,`category_id`,`room` FROM `wp_shop_order` WHERE  `wpid` = 1  AND `pay_status` = 0  AND `room` = '99'  AND ( is_lock=1 or (is_lock=0 and refund>0) ) ORDER BY `id` DESC LIMIT 0,20 [ RunTime:0.000584s ]
[ sql ] [ SQL ] SELECT * FROM `wp_shop_order` WHERE  `id` = 2303 LIMIT 1 [ RunTime:0.000559s ]
---------------------------------------------------------------
[ 2019-06-05T06:10:02+08:00 ] 115.215.220.127 GET wx.gongniuchazuo.com.cn/public/index.php/shop/order/lists/pbid/80?&mdm=761_778
[ sql ] [ DB ] CONNECT:[ UseTime:0.000843s ] mysql:host=rm-bp130s0438hdc169l.mysql.rds.aliyuncs.com;port=3306;dbname=weiphp;charset=utf8mb4
[ sql ] [ SQL ] SHOW COLUMNS FROM `wp_apps` [ RunTime:0.000930s ]
[ sql ] [ SQL ] SELECT * FROM `wp_apps` WHERE  `status` = 1 [ RunTime:0.000522s ]
[ sql ] [ SQL ] SHOW COLUMNS FROM `wp_menu` [ RunTime:0.000788s ]
[ sql ] [ SQL ] SELECT * FROM `wp_menu` WHERE  `place` = 0  AND `is_hide` = 0 ORDER BY `sort` ASC,`id` ASC [ RunTime:0.000531s ]
[ sql ] [ SQL ] SELECT * FROM `wp_apps` WHERE  `status` = 1 [ RunTime:0.000473s ]
[ sql ] [ SQL ] SHOW COLUMNS FROM `wp_shop` [ RunTime:0.000941s ]
[ sql ] [ SQL ] SELECT * FROM `wp_shop` WHERE  `id` = 1 LIMIT 1 [ RunTime:0.000468s ]
[ sql ] [ SQL ] SHOW COLUMNS FROM `wp_shop_order` [ RunTime:0.001075s ]
[ sql ] [ SQL ] SELECT COUNT(*) AS tp_count FROM `wp_shop_order` WHERE  `wpid` = 1  AND `pay_status` = 0  AND ( is_lock=1 or (is_lock=0 and refund>0) ) LIMIT 1 [ RunTime:0.000437s ]
[ sql ] [ SQL ] SELECT `id`,`goods_datas`,`uid`,`remark`,`order_number`,`cTime`,`total_price`,`openid`,`pay_status`,`pay_type`,`address_id`,`is_send`,`send_code`,`send_number`,`send_type`,`is_new`,`wpid`,`status_code`,`event_type`,`is_lock`,`erp_lock_code`,`mail_money`,`stores_id`,`pay_time`,`send_time`,`extra`,`order_state`,`out_trade_no`,`event_id`,`is_original`,`update_at`,`notice_erp`,`refund`,`refund_content`,`pay_money`,`dec_money`,`jsbn`,`category_id`,`room` FROM `wp_shop_order` WHERE  `wpid` = 1  AND `pay_status` = 0  AND ( is_lock=1 or (is_lock=0 and refund>0) ) ORDER BY `id` DESC LIMIT 0,20 [ RunTime:0.000734s ]
[ sql ] [ SQL ] SELECT * FROM `wp_shop_order` WHERE  `id` = 2303 LIMIT 1 [ RunTime:0.000538s ]
[ sql ] [ SQL ] SELECT * FROM `wp_shop_order` WHERE  `id` = 2302 LIMIT 1 [ RunTime:0.000480s ]
[ sql ] [ SQL ] SELECT * FROM `wp_shop_order` WHERE  `id` = 2301 LIMIT 1 [ RunTime:0.000489s ]
[ sql ] [ SQL ] SELECT * FROM `wp_shop_order` WHERE  `id` = 2300 LIMIT 1 [ RunTime:0.000500s ]
[ sql ] [ SQL ] SELECT * FROM `wp_shop_order` WHERE  `id` = 2299 LIMIT 1 [ RunTime:0.000511s ]
[ sql ] [ SQL ] SELECT * FROM `wp_shop_order` WHERE  `id` = 2298 LIMIT 1 [ RunTime:0.000511s ]
