---------------------------------------------------------------
[ 2019-06-08T03:25:52+08:00 ] 60.191.52.254 GET 112.124.42.80:63435/public/index.php
[ sql ] [ DB ] CONNECT:[ UseTime:0.000973s ] mysql:host=rm-bp130s0438hdc169l.mysql.rds.aliyuncs.com;port=3306;dbname=weiphp;charset=utf8mb4
[ sql ] [ SQL ] SHOW COLUMNS FROM `wp_publics` [ RunTime:0.001002s ]
[ sql ] [ SQL ] SELECT `id` FROM `wp_publics` LIMIT 1 [ RunTime:0.000432s ]
[ sql ] [ SQL ] SHOW COLUMNS FROM `wp_apps` [ RunTime:0.000910s ]
[ sql ] [ SQL ] SELECT * FROM `wp_apps` WHERE  `status` = 1 [ RunTime:0.000521s ]
[ sql ] [ SQL ] SHOW COLUMNS FROM `wp_menu` [ RunTime:0.000814s ]
[ sql ] [ SQL ] SELECT * FROM `wp_menu` WHERE  `place` = 0  AND `is_hide` = 0 ORDER BY `sort` ASC,`id` ASC [ RunTime:0.000552s ]
[ sql ] [ SQL ] SHOW COLUMNS FROM `wp_user` [ RunTime:0.001001s ]
[ sql ] [ SQL ] SELECT * FROM `wp_user` WHERE  `uid` = 1 LIMIT 1 [ RunTime:0.000503s ]
[ sql ] [ SQL ] SHOW COLUMNS FROM `wp_public_follow` [ RunTime:0.000829s ]
[ sql ] [ SQL ] SELECT `openid`,`uid`,`has_subscribe`,`syc_status`,`remark`,`unionid`,`pbid` FROM `wp_public_follow` WHERE  ( uid='1' ) [ RunTime:0.000394s ]
[ sql ] [ SQL ] SHOW COLUMNS FROM `wp_user_tag_link` [ RunTime:0.000716s ]
[ sql ] [ SQL ] SELECT `tag_id` FROM `wp_user_tag_link` WHERE  `uid` = 1 [ RunTime:0.000374s ]
[ sql ] [ SQL ] SHOW COLUMNS FROM `wp_auth_group_access` [ RunTime:0.000718s ]
[ sql ] [ SQL ] SELECT * FROM `wp_auth_group_access` `a` INNER JOIN `wp_auth_group` `s` ON `a`.`group_id`=`s`.`id` WHERE  `uid` = 1 [ RunTime:0.000497s ]
[ sql ] [ SQL ] SELECT * FROM `wp_apps` WHERE  `status` = 1 [ RunTime:0.000496s ]
---------------------------------------------------------------
[ 2019-06-08T03:25:53+08:00 ] 60.191.52.254 GET 112.124.42.80:63435/public/index.php/home/user/login
[ sql ] [ DB ] CONNECT:[ UseTime:0.000995s ] mysql:host=rm-bp130s0438hdc169l.mysql.rds.aliyuncs.com;port=3306;dbname=weiphp;charset=utf8mb4
[ sql ] [ SQL ] SHOW COLUMNS FROM `wp_publics` [ RunTime:0.001554s ]
[ sql ] [ SQL ] SELECT `id` FROM `wp_publics` LIMIT 1 [ RunTime:0.000413s ]
[ sql ] [ SQL ] SHOW COLUMNS FROM `wp_apps` [ RunTime:0.000809s ]
[ sql ] [ SQL ] SELECT * FROM `wp_apps` WHERE  `status` = 1 [ RunTime:0.000504s ]
[ sql ] [ SQL ] SHOW COLUMNS FROM `wp_menu` [ RunTime:0.000814s ]
[ sql ] [ SQL ] SELECT * FROM `wp_menu` WHERE  `place` = 0  AND `is_hide` = 0 ORDER BY `sort` ASC,`id` ASC [ RunTime:0.000563s ]
[ sql ] [ SQL ] SELECT * FROM `wp_apps` WHERE  `status` = 1 [ RunTime:0.000505s ]
[ sql ] [ SQL ] SHOW COLUMNS FROM `wp_qr_code` [ RunTime:0.000801s ]
[ sql ] [ SQL ] SELECT `id`,`qr_code`,`addon`,`aim_id`,`cTime`,`action_name`,`extra_text`,`extra_int`,`request_count`,`scene_id`,`expire_seconds`,`pbid` FROM `wp_qr_code` WHERE  `addon` = 'ScanLogin'  AND `extra_text` = '5cfaba4104e65' LIMIT 1 [ RunTime:0.000466s ]
[ sql ] [ SQL ] SELECT `scene_id` FROM `wp_qr_code` WHERE  ( action_name='QR_SCENE' ) ORDER BY `scene_id` DESC LIMIT 1 [ RunTime:0.000581s ]
[ sql ] [ SQL ] INSERT INTO `wp_qr_code` (`scene_id` , `addon` , `aim_id` , `action_name` , `extra_text` , `extra_int` , `cTime` , `pbid` , `qr_code`) VALUES (100010 , 'ScanLogin' , 0 , 'QR_SCENE' , '5cfaba4104e65' , 0 , 1559935553 , 80 , 'https://mp.weixin.qq.com/cgi-bin/showqrcode?ticket=gQHt8DwAAAAAAAAAAS5odHRwOi8vd2VpeGluLnFxLmNvbS9xLzAyRVNlSkZGbWhjU20xNTE3eTF0MU8AAgRBuvpcAwQAjScA') [ RunTime:0.001183s ]
---------------------------------------------------------------
[ 2019-06-08T08:15:50+08:00 ] 115.215.218.185 GET wx.gongniuchazuo.com.cn/public/index.php/admin/
[ sql ] [ DB ] CONNECT:[ UseTime:0.001043s ] mysql:host=rm-bp130s0438hdc169l.mysql.rds.aliyuncs.com;port=3306;dbname=weiphp;charset=utf8mb4
[ sql ] [ SQL ] SHOW COLUMNS FROM `wp_user` [ RunTime:0.001104s ]
[ sql ] [ SQL ] SELECT * FROM `wp_user` WHERE  `uid` = 1 LIMIT 1 [ RunTime:0.000620s ]
[ sql ] [ SQL ] SHOW COLUMNS FROM `wp_public_follow` [ RunTime:0.000822s ]
[ sql ] [ SQL ] SELECT `openid`,`uid`,`has_subscribe`,`syc_status`,`remark`,`unionid`,`pbid` FROM `wp_public_follow` WHERE  ( uid='1' ) [ RunTime:0.000447s ]
[ sql ] [ SQL ] SHOW COLUMNS FROM `wp_user_tag_link` [ RunTime:0.000796s ]
[ sql ] [ SQL ] SELECT `tag_id` FROM `wp_user_tag_link` WHERE  `uid` = 1 [ RunTime:0.000443s ]
[ sql ] [ SQL ] SHOW COLUMNS FROM `wp_auth_group_access` [ RunTime:0.000765s ]
[ sql ] [ SQL ] SELECT * FROM `wp_auth_group_access` `a` INNER JOIN `wp_auth_group` `s` ON `a`.`group_id`=`s`.`id` WHERE  `uid` = 1 [ RunTime:0.000625s ]
[ sql ] [ SQL ] SHOW COLUMNS FROM `wp_apps` [ RunTime:0.000839s ]
[ sql ] [ SQL ] SELECT * FROM `wp_apps` WHERE  `status` = 1 [ RunTime:0.000549s ]
[ sql ] [ SQL ] SHOW COLUMNS FROM `wp_menu` [ RunTime:0.000876s ]
[ sql ] [ SQL ] SELECT * FROM `wp_menu` WHERE  `place` = 1  AND `is_hide` = 0 ORDER BY `sort` ASC,`id` ASC [ RunTime:0.000555s ]
[ sql ] [ SQL ] SELECT * FROM `wp_apps` WHERE  `status` = 1 [ RunTime:0.000517s ]
---------------------------------------------------------------
[ 2019-06-08T08:15:50+08:00 ] 115.215.218.185 GET wx.gongniuchazuo.com.cn/public/index.php/Admin/config/group/pbid/80
[ sql ] [ DB ] CONNECT:[ UseTime:0.000888s ] mysql:host=rm-bp130s0438hdc169l.mysql.rds.aliyuncs.com;port=3306;dbname=weiphp;charset=utf8mb4
[ sql ] [ SQL ] SHOW COLUMNS FROM `wp_apps` [ RunTime:0.000907s ]
[ sql ] [ SQL ] SELECT * FROM `wp_apps` WHERE  `status` = 1 [ RunTime:0.000586s ]
[ sql ] [ SQL ] SHOW COLUMNS FROM `wp_menu` [ RunTime:0.000870s ]
[ sql ] [ SQL ] SELECT * FROM `wp_menu` WHERE  `place` = 1  AND `is_hide` = 0 ORDER BY `sort` ASC,`id` ASC [ RunTime:0.000523s ]
[ sql ] [ SQL ] SELECT * FROM `wp_apps` WHERE  `status` = 1 [ RunTime:0.000505s ]
[ sql ] [ SQL ] SHOW COLUMNS FROM `wp_config` [ RunTime:0.000773s ]
[ sql ] [ SQL ] SELECT `id`,`name`,`title`,`extra`,`value`,`remark`,`type` FROM `wp_config` WHERE  `status` = 1  AND `group` = 1 ORDER BY `sort` [ RunTime:0.000502s ]
---------------------------------------------------------------
[ 2019-06-08T08:15:51+08:00 ] 115.215.218.185 GET wx.gongniuchazuo.com.cn/public/index.php/admin/update/getremoteversion/pbid/80
[ sql ] [ DB ] CONNECT:[ UseTime:0.000818s ] mysql:host=rm-bp130s0438hdc169l.mysql.rds.aliyuncs.com;port=3306;dbname=weiphp;charset=utf8mb4
[ sql ] [ SQL ] SHOW COLUMNS FROM `wp_apps` [ RunTime:0.001192s ]
[ sql ] [ SQL ] SELECT * FROM `wp_apps` WHERE  `status` = 1 [ RunTime:0.000589s ]
[ sql ] [ SQL ] SHOW COLUMNS FROM `wp_menu` [ RunTime:0.001014s ]
[ sql ] [ SQL ] SELECT * FROM `wp_menu` WHERE  `place` = 1  AND `is_hide` = 0 ORDER BY `sort` ASC,`id` ASC [ RunTime:0.000672s ]
[ sql ] [ SQL ] SELECT * FROM `wp_apps` WHERE  `status` = 1 [ RunTime:0.000563s ]
---------------------------------------------------------------
[ 2019-06-08T08:15:51+08:00 ] 115.215.218.185 GET wx.gongniuchazuo.com.cn/public/index.php/Admin/model/index/pbid/80?&mdm=366
[ sql ] [ DB ] CONNECT:[ UseTime:0.000926s ] mysql:host=rm-bp130s0438hdc169l.mysql.rds.aliyuncs.com;port=3306;dbname=weiphp;charset=utf8mb4
[ sql ] [ SQL ] SHOW COLUMNS FROM `wp_apps` [ RunTime:0.000924s ]
[ sql ] [ SQL ] SELECT * FROM `wp_apps` WHERE  `status` = 1 [ RunTime:0.000547s ]
[ sql ] [ SQL ] SHOW COLUMNS FROM `wp_menu` [ RunTime:0.000777s ]
[ sql ] [ SQL ] SELECT * FROM `wp_menu` WHERE  `place` = 1  AND `is_hide` = 0 ORDER BY `sort` ASC,`id` ASC [ RunTime:0.000529s ]
[ sql ] [ SQL ] SELECT * FROM `wp_apps` WHERE  `status` = 1 [ RunTime:0.000488s ]
[ sql ] [ SQL ] SHOW COLUMNS FROM `wp_model` [ RunTime:0.000815s ]
[ sql ] [ SQL ] SELECT `name`,`id` FROM `wp_model` [ RunTime:0.000479s ]
[ sql ] [ SQL ] SELECT COUNT(*) AS tp_count FROM `wp_model` LIMIT 1 [ RunTime:0.000398s ]
[ sql ] [ SQL ] SELECT * FROM `wp_model` ORDER BY `id` DESC LIMIT 0,20 [ RunTime:0.000502s ]
[ sql ] [ SQL ] SELECT `name`,`title` FROM `wp_apps` [ RunTime:0.000365s ]
[ sql ] [ SQL ] SHOW TABLES LIKE 'wp_shop_card_member' [ RunTime:0.000759s ]
[ sql ] [ SQL ] SHOW TABLES LIKE 'wp_test' [ RunTime:0.000676s ]
[ sql ] [ SQL ] SHOW TABLES LIKE 'wp_lottery_games' [ RunTime:0.000665s ]
[ sql ] [ SQL ] SHOW TABLES LIKE 'wp_lottery_games_award_link' [ RunTime:0.000649s ]
[ sql ] [ SQL ] SHOW TABLES LIKE 'wp_addon_category' [ RunTime:0.000643s ]
[ sql ] [ SQL ] SHOW TABLES LIKE 'wp_card_member' [ RunTime:0.000651s ]
[ sql ] [ SQL ] SHOW TABLES LIKE 'wp_exam' [ RunTime:0.000649s ]
[ sql ] [ SQL ] SHOW TABLES LIKE 'wp_card_info' [ RunTime:0.000655s ]
[ sql ] [ SQL ] SHOW TABLES LIKE 'wp_signin_log' [ RunTime:0.000669s ]
[ sql ] [ SQL ] SHOW FULL COLUMNS FROM wp_signin_log [ RunTime:0.000745s ]
[ sql ] [ SQL ] SHOW TABLES LIKE 'wp_shop_order_goods' [ RunTime:0.000711s ]
[ sql ] [ SQL ] SHOW FULL COLUMNS FROM wp_shop_order_goods [ RunTime:0.000713s ]
[ sql ] [ SQL ] SHOW TABLES LIKE 'wp_shop_goods_content' [ RunTime:0.000700s ]
[ sql ] [ SQL ] SHOW FULL COLUMNS FROM wp_shop_goods_content [ RunTime:0.000745s ]
[ sql ] [ SQL ] SHOW TABLES LIKE 'wp_shop_goods_stock' [ RunTime:0.000691s ]
[ sql ] [ SQL ] SHOW FULL COLUMNS FROM wp_shop_goods_stock [ RunTime:0.000833s ]
[ sql ] [ SQL ] SHOW TABLES LIKE 'wp_goods_param_temp' [ RunTime:0.000727s ]
[ sql ] [ SQL ] SHOW FULL COLUMNS FROM wp_goods_param_temp [ RunTime:0.000702s ]
[ sql ] [ SQL ] SHOW TABLES LIKE 'wp_template_messages' [ RunTime:0.000689s ]
[ sql ] [ SQL ] SHOW FULL COLUMNS FROM wp_template_messages [ RunTime:0.000751s ]
[ sql ] [ SQL ] SHOW TABLES LIKE 'wp_event_prizes' [ RunTime:0.000686s ]
[ sql ] [ SQL ] SHOW FULL COLUMNS FROM wp_event_prizes [ RunTime:0.000735s ]
[ sql ] [ SQL ] SHOW TABLES LIKE 'wp_shop_track' [ RunTime:0.000709s ]
[ sql ] [ SQL ] SHOW FULL COLUMNS FROM wp_shop_track [ RunTime:0.000736s ]
[ sql ] [ SQL ] SHOW TABLES LIKE 'wp_stores_user' [ RunTime:0.000692s ]
[ sql ] [ SQL ] SHOW FULL COLUMNS FROM wp_stores_user [ RunTime:0.000779s ]
[ sql ] [ SQL ] SHOW TABLES LIKE 'wp_chat' [ RunTime:0.000706s ]
[ sql ] [ SQL ] SHOW FULL COLUMNS FROM wp_chat [ RunTime:0.000716s ]
[ sql ] [ SQL ] SHOW TABLES LIKE 'wp_shop_membership' [ RunTime:0.000715s ]
[ sql ] [ SQL ] SHOW FULL COLUMNS FROM wp_shop_membership [ RunTime:0.000764s ]
[ sql ] [ SQL ] SHOW TABLES LIKE 'wp_shop_reward' [ RunTime:0.000713s ]
[ sql ] [ SQL ] SHOW FULL COLUMNS FROM wp_shop_reward [ RunTime:0.000744s ]
[ sql ] [ SQL ] SHOW TABLES LIKE 'wp_shop_cashout_account' [ RunTime:0.000720s ]
[ sql ] [ SQL ] SHOW FULL COLUMNS FROM wp_shop_cashout_account [ RunTime:0.000729s ]
[ sql ] [ SQL ] SHOW TABLES LIKE 'wp_shop_reward_condition' [ RunTime:0.000708s ]
[ sql ] [ SQL ] SHOW FULL COLUMNS FROM wp_shop_reward_condition [ RunTime:0.000781s ]
[ sql ] [ SQL ] SHOW TABLES LIKE 'wp_lottery_prize_list' [ RunTime:0.000701s ]
[ sql ] [ SQL ] SHOW FULL COLUMNS FROM wp_lottery_prize_list [ RunTime:0.000738s ]
[ sql ] [ SQL ] SHOW TABLES LIKE 'wp_lzwg_activities' [ RunTime:0.000694s ]
[ sql ] [ SQL ] SHOW FULL COLUMNS FROM wp_lzwg_activities [ RunTime:0.000786s ]
---------------------------------------------------------------
[ 2019-06-08T08:16:04+08:00 ] 115.215.218.185 GET wx.gongniuchazuo.com.cn/public/index.php/admin/attribute/index/model_id/1485/pbid/80
[ sql ] [ DB ] CONNECT:[ UseTime:0.000834s ] mysql:host=rm-bp130s0438hdc169l.mysql.rds.aliyuncs.com;port=3306;dbname=weiphp;charset=utf8mb4
[ sql ] [ SQL ] SHOW COLUMNS FROM `wp_apps` [ RunTime:0.000922s ]
[ sql ] [ SQL ] SELECT * FROM `wp_apps` WHERE  `status` = 1 [ RunTime:0.000554s ]
[ sql ] [ SQL ] SHOW COLUMNS FROM `wp_menu` [ RunTime:0.000824s ]
[ sql ] [ SQL ] SELECT * FROM `wp_menu` WHERE  `place` = 1  AND `is_hide` = 0 ORDER BY `sort` ASC,`id` ASC [ RunTime:0.000539s ]
[ sql ] [ SQL ] SELECT * FROM `wp_apps` WHERE  `status` = 1 [ RunTime:0.000519s ]
[ sql ] [ SQL ] SHOW COLUMNS FROM `wp_model` [ RunTime:0.000856s ]
[ sql ] [ SQL ] SELECT * FROM `wp_model` WHERE  `id` = 1485 LIMIT 1 [ RunTime:0.000467s ]
---------------------------------------------------------------
[ 2019-06-08T08:16:06+08:00 ] 115.215.218.185 GET wx.gongniuchazuo.com.cn/public/index.php/Admin/model/index/pbid/80?&mdm=366
[ sql ] [ DB ] CONNECT:[ UseTime:0.000944s ] mysql:host=rm-bp130s0438hdc169l.mysql.rds.aliyuncs.com;port=3306;dbname=weiphp;charset=utf8mb4
[ sql ] [ SQL ] SHOW COLUMNS FROM `wp_apps` [ RunTime:0.001148s ]
[ sql ] [ SQL ] SELECT * FROM `wp_apps` WHERE  `status` = 1 [ RunTime:0.000634s ]
[ sql ] [ SQL ] SHOW COLUMNS FROM `wp_menu` [ RunTime:0.000881s ]
[ sql ] [ SQL ] SELECT * FROM `wp_menu` WHERE  `place` = 1  AND `is_hide` = 0 ORDER BY `sort` ASC,`id` ASC [ RunTime:0.000535s ]
[ sql ] [ SQL ] SELECT * FROM `wp_apps` WHERE  `status` = 1 [ RunTime:0.000542s ]
[ sql ] [ SQL ] SHOW COLUMNS FROM `wp_model` [ RunTime:0.000931s ]
[ sql ] [ SQL ] SELECT `name`,`id` FROM `wp_model` [ RunTime:0.000470s ]
[ sql ] [ SQL ] SELECT COUNT(*) AS tp_count FROM `wp_model` LIMIT 1 [ RunTime:0.000417s ]
[ sql ] [ SQL ] SELECT * FROM `wp_model` ORDER BY `id` DESC LIMIT 0,20 [ RunTime:0.000505s ]
[ sql ] [ SQL ] SELECT `name`,`title` FROM `wp_apps` [ RunTime:0.000404s ]
[ sql ] [ SQL ] SHOW TABLES LIKE 'wp_shop_card_member' [ RunTime:0.000809s ]
[ sql ] [ SQL ] SHOW TABLES LIKE 'wp_test' [ RunTime:0.000737s ]
[ sql ] [ SQL ] SHOW TABLES LIKE 'wp_lottery_games' [ RunTime:0.000728s ]
[ sql ] [ SQL ] SHOW TABLES LIKE 'wp_lottery_games_award_link' [ RunTime:0.000719s ]
[ sql ] [ SQL ] SHOW TABLES LIKE 'wp_addon_category' [ RunTime:0.000724s ]
[ sql ] [ SQL ] SHOW TABLES LIKE 'wp_card_member' [ RunTime:0.000705s ]
[ sql ] [ SQL ] SHOW TABLES LIKE 'wp_exam' [ RunTime:0.000676s ]
[ sql ] [ SQL ] SHOW TABLES LIKE 'wp_card_info' [ RunTime:0.000723s ]
[ sql ] [ SQL ] SHOW TABLES LIKE 'wp_signin_log' [ RunTime:0.000767s ]
[ sql ] [ SQL ] SHOW FULL COLUMNS FROM wp_signin_log [ RunTime:0.000730s ]
[ sql ] [ SQL ] SHOW TABLES LIKE 'wp_shop_order_goods' [ RunTime:0.000741s ]
[ sql ] [ SQL ] SHOW FULL COLUMNS FROM wp_shop_order_goods [ RunTime:0.000795s ]
[ sql ] [ SQL ] SHOW TABLES LIKE 'wp_shop_goods_content' [ RunTime:0.000723s ]
[ sql ] [ SQL ] SHOW FULL COLUMNS FROM wp_shop_goods_content [ RunTime:0.000743s ]
[ sql ] [ SQL ] SHOW TABLES LIKE 'wp_shop_goods_stock' [ RunTime:0.000745s ]
[ sql ] [ SQL ] SHOW FULL COLUMNS FROM wp_shop_goods_stock [ RunTime:0.000814s ]
[ sql ] [ SQL ] SHOW TABLES LIKE 'wp_goods_param_temp' [ RunTime:0.000689s ]
[ sql ] [ SQL ] SHOW FULL COLUMNS FROM wp_goods_param_temp [ RunTime:0.000823s ]
[ sql ] [ SQL ] SHOW TABLES LIKE 'wp_template_messages' [ RunTime:0.000686s ]
[ sql ] [ SQL ] SHOW FULL COLUMNS FROM wp_template_messages [ RunTime:0.000767s ]
[ sql ] [ SQL ] SHOW TABLES LIKE 'wp_event_prizes' [ RunTime:0.000739s ]
[ sql ] [ SQL ] SHOW FULL COLUMNS FROM wp_event_prizes [ RunTime:0.000854s ]
[ sql ] [ SQL ] SHOW TABLES LIKE 'wp_shop_track' [ RunTime:0.000807s ]
[ sql ] [ SQL ] SHOW FULL COLUMNS FROM wp_shop_track [ RunTime:0.000732s ]
[ sql ] [ SQL ] SHOW TABLES LIKE 'wp_stores_user' [ RunTime:0.000702s ]
[ sql ] [ SQL ] SHOW FULL COLUMNS FROM wp_stores_user [ RunTime:0.000713s ]
[ sql ] [ SQL ] SHOW TABLES LIKE 'wp_chat' [ RunTime:0.000690s ]
[ sql ] [ SQL ] SHOW FULL COLUMNS FROM wp_chat [ RunTime:0.000807s ]
[ sql ] [ SQL ] SHOW TABLES LIKE 'wp_shop_membership' [ RunTime:0.000772s ]
[ sql ] [ SQL ] SHOW FULL COLUMNS FROM wp_shop_membership [ RunTime:0.000768s ]
[ sql ] [ SQL ] SHOW TABLES LIKE 'wp_shop_reward' [ RunTime:0.000766s ]
[ sql ] [ SQL ] SHOW FULL COLUMNS FROM wp_shop_reward [ RunTime:0.000831s ]
[ sql ] [ SQL ] SHOW TABLES LIKE 'wp_shop_cashout_account' [ RunTime:0.000781s ]
[ sql ] [ SQL ] SHOW FULL COLUMNS FROM wp_shop_cashout_account [ RunTime:0.000772s ]
[ sql ] [ SQL ] SHOW TABLES LIKE 'wp_shop_reward_condition' [ RunTime:0.000734s ]
[ sql ] [ SQL ] SHOW FULL COLUMNS FROM wp_shop_reward_condition [ RunTime:0.000772s ]
[ sql ] [ SQL ] SHOW TABLES LIKE 'wp_lottery_prize_list' [ RunTime:0.000740s ]
[ sql ] [ SQL ] SHOW FULL COLUMNS FROM wp_lottery_prize_list [ RunTime:0.000815s ]
[ sql ] [ SQL ] SHOW TABLES LIKE 'wp_lzwg_activities' [ RunTime:0.000695s ]
[ sql ] [ SQL ] SHOW FULL COLUMNS FROM wp_lzwg_activities [ RunTime:0.000790s ]
---------------------------------------------------------------
[ 2019-06-08T08:16:13+08:00 ] 115.215.218.185 GET wx.gongniuchazuo.com.cn/public/index.php/admin/model/del/ids/1485/pbid/80
[ sql ] [ DB ] CONNECT:[ UseTime:0.000960s ] mysql:host=rm-bp130s0438hdc169l.mysql.rds.aliyuncs.com;port=3306;dbname=weiphp;charset=utf8mb4
[ sql ] [ SQL ] SHOW COLUMNS FROM `wp_apps` [ RunTime:0.000930s ]
[ sql ] [ SQL ] SELECT * FROM `wp_apps` WHERE  `status` = 1 [ RunTime:0.000610s ]
[ sql ] [ SQL ] SHOW COLUMNS FROM `wp_menu` [ RunTime:0.000820s ]
[ sql ] [ SQL ] SELECT * FROM `wp_menu` WHERE  `place` = 1  AND `is_hide` = 0 ORDER BY `sort` ASC,`id` ASC [ RunTime:0.000565s ]
[ sql ] [ SQL ] SELECT * FROM `wp_apps` WHERE  `status` = 1 [ RunTime:0.000511s ]
[ sql ] [ SQL ] SHOW COLUMNS FROM `wp_model` [ RunTime:0.000875s ]
[ sql ] [ SQL ] SELECT `id`,`name`,`title`,`extend`,`relation`,`need_pk`,`field_sort`,`field_group`,`attribute_list`,`template_list`,`template_add`,`template_edit`,`list_grid`,`list_row`,`search_key`,`search_list`,`create_time`,`update_time`,`status`,`engine_type`,`addon` FROM `wp_model` WHERE  `id` = 1485 LIMIT 1 [ RunTime:0.000517s ]
[ sql ] [ SQL ] DELETE FROM `wp_model` WHERE  `id` = 1485 [ RunTime:0.000973s ]
[ sql ] [ SQL ]                 DROP TABLE  IF EXISTS wp_card_info; [ RunTime:0.000710s ]
---------------------------------------------------------------
[ 2019-06-08T08:16:37+08:00 ] 115.215.218.185 GET wx.gongniuchazuo.com.cn/public/index.php/Admin/model/index/pbid/80?&mdm=366
[ sql ] [ DB ] CONNECT:[ UseTime:0.000963s ] mysql:host=rm-bp130s0438hdc169l.mysql.rds.aliyuncs.com;port=3306;dbname=weiphp;charset=utf8mb4
[ sql ] [ SQL ] SHOW COLUMNS FROM `wp_apps` [ RunTime:0.001182s ]
[ sql ] [ SQL ] SELECT * FROM `wp_apps` WHERE  `status` = 1 [ RunTime:0.000597s ]
[ sql ] [ SQL ] SHOW COLUMNS FROM `wp_menu` [ RunTime:0.001039s ]
[ sql ] [ SQL ] SELECT * FROM `wp_menu` WHERE  `place` = 1  AND `is_hide` = 0 ORDER BY `sort` ASC,`id` ASC [ RunTime:0.000618s ]
[ sql ] [ SQL ] SELECT * FROM `wp_apps` WHERE  `status` = 1 [ RunTime:0.000588s ]
[ sql ] [ SQL ] SHOW COLUMNS FROM `wp_model` [ RunTime:0.001071s ]
[ sql ] [ SQL ] SELECT `name`,`id` FROM `wp_model` [ RunTime:0.000537s ]
[ sql ] [ SQL ] SELECT COUNT(*) AS tp_count FROM `wp_model` LIMIT 1 [ RunTime:0.000451s ]
[ sql ] [ SQL ] SELECT * FROM `wp_model` ORDER BY `id` DESC LIMIT 0,20 [ RunTime:0.000601s ]
[ sql ] [ SQL ] SELECT `name`,`title` FROM `wp_apps` [ RunTime:0.000437s ]
[ sql ] [ SQL ] SHOW TABLES LIKE 'wp_shop_card_member' [ RunTime:0.000956s ]
[ sql ] [ SQL ] SHOW TABLES LIKE 'wp_test' [ RunTime:0.000874s ]
[ sql ] [ SQL ] SHOW TABLES LIKE 'wp_cardlist' [ RunTime:0.000914s ]
[ sql ] [ SQL ] SHOW TABLES LIKE 'wp_lottery_games' [ RunTime:0.000826s ]
[ sql ] [ SQL ] SHOW TABLES LIKE 'wp_lottery_games_award_link' [ RunTime:0.000828s ]
[ sql ] [ SQL ] SHOW TABLES LIKE 'wp_addon_category' [ RunTime:0.000846s ]
[ sql ] [ SQL ] SHOW TABLES LIKE 'wp_card_member' [ RunTime:0.000668s ]
[ sql ] [ SQL ] SHOW TABLES LIKE 'wp_exam' [ RunTime:0.000737s ]
[ sql ] [ SQL ] SHOW TABLES LIKE 'wp_signin_log' [ RunTime:0.000775s ]
[ sql ] [ SQL ] SHOW FULL COLUMNS FROM wp_signin_log [ RunTime:0.000838s ]
[ sql ] [ SQL ] SHOW TABLES LIKE 'wp_shop_order_goods' [ RunTime:0.000716s ]
[ sql ] [ SQL ] SHOW FULL COLUMNS FROM wp_shop_order_goods [ RunTime:0.000879s ]
[ sql ] [ SQL ] SHOW TABLES LIKE 'wp_shop_goods_content' [ RunTime:0.000736s ]
[ sql ] [ SQL ] SHOW FULL COLUMNS FROM wp_shop_goods_content [ RunTime:0.000881s ]
[ sql ] [ SQL ] SHOW TABLES LIKE 'wp_shop_goods_stock' [ RunTime:0.000834s ]
[ sql ] [ SQL ] SHOW FULL COLUMNS FROM wp_shop_goods_stock [ RunTime:0.000813s ]
[ sql ] [ SQL ] SHOW TABLES LIKE 'wp_goods_param_temp' [ RunTime:0.000687s ]
[ sql ] [ SQL ] SHOW FULL COLUMNS FROM wp_goods_param_temp [ RunTime:0.000788s ]
[ sql ] [ SQL ] SHOW TABLES LIKE 'wp_template_messages' [ RunTime:0.000713s ]
[ sql ] [ SQL ] SHOW FULL COLUMNS FROM wp_template_messages [ RunTime:0.000777s ]
[ sql ] [ SQL ] SHOW TABLES LIKE 'wp_event_prizes' [ RunTime:0.000697s ]
[ sql ] [ SQL ] SHOW FULL COLUMNS FROM wp_event_prizes [ RunTime:0.000780s ]
[ sql ] [ SQL ] SHOW TABLES LIKE 'wp_shop_track' [ RunTime:0.000710s ]
[ sql ] [ SQL ] SHOW FULL COLUMNS FROM wp_shop_track [ RunTime:0.000722s ]
[ sql ] [ SQL ] SHOW TABLES LIKE 'wp_stores_user' [ RunTime:0.000765s ]
[ sql ] [ SQL ] SHOW FULL COLUMNS FROM wp_stores_user [ RunTime:0.000825s ]
[ sql ] [ SQL ] SHOW TABLES LIKE 'wp_chat' [ RunTime:0.000715s ]
[ sql ] [ SQL ] SHOW FULL COLUMNS FROM wp_chat [ RunTime:0.000771s ]
[ sql ] [ SQL ] SHOW TABLES LIKE 'wp_shop_membership' [ RunTime:0.000705s ]
[ sql ] [ SQL ] SHOW FULL COLUMNS FROM wp_shop_membership [ RunTime:0.000729s ]
[ sql ] [ SQL ] SHOW TABLES LIKE 'wp_shop_reward' [ RunTime:0.000682s ]
[ sql ] [ SQL ] SHOW FULL COLUMNS FROM wp_shop_reward [ RunTime:0.000969s ]
[ sql ] [ SQL ] SHOW TABLES LIKE 'wp_shop_cashout_account' [ RunTime:0.000727s ]
[ sql ] [ SQL ] SHOW FULL COLUMNS FROM wp_shop_cashout_account [ RunTime:0.000781s ]
[ sql ] [ SQL ] SHOW TABLES LIKE 'wp_shop_reward_condition' [ RunTime:0.000725s ]
[ sql ] [ SQL ] SHOW FULL COLUMNS FROM wp_shop_reward_condition [ RunTime:0.000796s ]
[ sql ] [ SQL ] SHOW TABLES LIKE 'wp_lottery_prize_list' [ RunTime:0.000770s ]
[ sql ] [ SQL ] SHOW FULL COLUMNS FROM wp_lottery_prize_list [ RunTime:0.000794s ]
[ sql ] [ SQL ] SHOW TABLES LIKE 'wp_lzwg_activities' [ RunTime:0.000898s ]
[ sql ] [ SQL ] SHOW FULL COLUMNS FROM wp_lzwg_activities [ RunTime:0.000873s ]
[ sql ] [ SQL ] SHOW TABLES LIKE 'wp_lzwg_activities_vote' [ RunTime:0.000745s ]
[ sql ] [ SQL ] SHOW FULL COLUMNS FROM wp_lzwg_activities_vote [ RunTime:0.000744s ]
---------------------------------------------------------------
[ 2019-06-08T08:16:45+08:00 ] 115.215.218.185 GET wx.gongniuchazuo.com.cn/public/index.php/admin/model/importmodel/model_name/cardlist/model_addon/shop/pbid/80
[ sql ] [ DB ] CONNECT:[ UseTime:0.000893s ] mysql:host=rm-bp130s0438hdc169l.mysql.rds.aliyuncs.com;port=3306;dbname=weiphp;charset=utf8mb4
[ sql ] [ SQL ] SHOW COLUMNS FROM `wp_apps` [ RunTime:0.000960s ]
[ sql ] [ SQL ] SELECT * FROM `wp_apps` WHERE  `status` = 1 [ RunTime:0.000557s ]
[ sql ] [ SQL ] SHOW COLUMNS FROM `wp_menu` [ RunTime:0.000822s ]
[ sql ] [ SQL ] SELECT * FROM `wp_menu` WHERE  `place` = 1  AND `is_hide` = 0 ORDER BY `sort` ASC,`id` ASC [ RunTime:0.000513s ]
[ sql ] [ SQL ] SELECT * FROM `wp_apps` WHERE  `status` = 1 [ RunTime:0.000489s ]
[ sql ] [ SQL ] SHOW COLUMNS FROM `wp_model` [ RunTime:0.000807s ]
[ sql ] [ SQL ] INSERT INTO `wp_model` (`name` , `title` , `search_key` , `list_row` , `addon`) VALUES ('cardlist' , '会员卡信息' , '' , 20 , 'shop') [ RunTime:0.001002s ]
[ sql ] [ SQL ] SELECT `name` FROM `wp_model` WHERE  `id` = 1486 LIMIT 1 [ RunTime:0.000372s ]
[ sql ] [ SQL ] SHOW TABLES LIKE 'wp_cardlist' [ RunTime:0.000707s ]
[ sql ] [ SQL ] SELECT `engine_type`,`need_pk` FROM `wp_model` WHERE  `id` = 1486 LIMIT 1 [ RunTime:0.000377s ]
[ sql ] [ SQL ]                 CREATE TABLE IF NOT EXISTS `wp_cardlist` (
                `id`  int(10) UNSIGNED NOT NULL AUTO_INCREMENT COMMENT '主键' ,
                `mobile`  varchar(25) NOT NULL  COMMENT '联系电话' ,
                PRIMARY KEY (`id`)
                )ENGINE=MyISAM DEFAULT CHARACTER SET=utf8 COLLATE=utf8_general_ci CHECKSUM=0 ROW_FORMAT=DYNAMIC DELAY_KEY_WRITE=0; [ RunTime:0.002788s ]
[ sql ] [ SQL ] SELECT `name` FROM `wp_model` WHERE  `id` = 1486 LIMIT 1 [ RunTime:0.000369s ]
[ sql ] [ SQL ] SHOW TABLES LIKE 'wp_cardlist' [ RunTime:0.000713s ]
[ sql ] [ SQL ]                 ALTER TABLE `wp_cardlist` ADD COLUMN `name`  varchar(25) NOT NULL  COMMENT '姓名'; [ RunTime:0.010413s ]
[ sql ] [ SQL ] SELECT `name` FROM `wp_model` WHERE  `id` = 1486 LIMIT 1 [ RunTime:0.000421s ]
[ sql ] [ SQL ] SHOW TABLES LIKE 'wp_cardlist' [ RunTime:0.000703s ]
[ sql ] [ SQL ]                 ALTER TABLE `wp_cardlist` ADD COLUMN `card_no`  varchar(25) NULL  COMMENT '卡号'; [ RunTime:0.010262s ]
[ sql ] [ SQL ] SELECT `name` FROM `wp_model` WHERE  `id` = 1486 LIMIT 1 [ RunTime:0.000395s ]
[ sql ] [ SQL ] SHOW TABLES LIKE 'wp_cardlist' [ RunTime:0.000701s ]
[ sql ] [ SQL ]                 ALTER TABLE `wp_cardlist` ADD COLUMN `money`  varchar(25) NOT NULL  COMMENT '余额'; [ RunTime:0.010358s ]
[ sql ] [ SQL ] SELECT `name` FROM `wp_model` WHERE  `id` = 1486 LIMIT 1 [ RunTime:0.000402s ]
[ sql ] [ SQL ] SHOW TABLES LIKE 'wp_cardlist' [ RunTime:0.000695s ]
[ sql ] [ SQL ]                 ALTER TABLE `wp_cardlist` ADD COLUMN `addtime`  varchar(25) NULL  COMMENT '创建时间'; [ RunTime:0.010098s ]
[ sql ] [ SQL ] SELECT `name` FROM `wp_model` WHERE  `id` = 1486 LIMIT 1 [ RunTime:0.000400s ]
[ sql ] [ SQL ] SHOW TABLES LIKE 'wp_cardlist' [ RunTime:0.000674s ]
[ sql ] [ SQL ]                 ALTER TABLE `wp_cardlist` ADD COLUMN `lasttime`  varchar(25) NULL  COMMENT '最后消费时间'; [ RunTime:0.011804s ]
---------------------------------------------------------------
[ 2019-06-08T08:16:48+08:00 ] 115.215.218.185 GET wx.gongniuchazuo.com.cn/public/index.php/admin/model/index/pbid/80
[ sql ] [ DB ] CONNECT:[ UseTime:0.000862s ] mysql:host=rm-bp130s0438hdc169l.mysql.rds.aliyuncs.com;port=3306;dbname=weiphp;charset=utf8mb4
[ sql ] [ SQL ] SHOW COLUMNS FROM `wp_apps` [ RunTime:0.000951s ]
[ sql ] [ SQL ] SELECT * FROM `wp_apps` WHERE  `status` = 1 [ RunTime:0.000560s ]
[ sql ] [ SQL ] SHOW COLUMNS FROM `wp_menu` [ RunTime:0.000921s ]
[ sql ] [ SQL ] SELECT * FROM `wp_menu` WHERE  `place` = 1  AND `is_hide` = 0 ORDER BY `sort` ASC,`id` ASC [ RunTime:0.000529s ]
[ sql ] [ SQL ] SELECT * FROM `wp_apps` WHERE  `status` = 1 [ RunTime:0.000488s ]
[ sql ] [ SQL ] SHOW COLUMNS FROM `wp_model` [ RunTime:0.000891s ]
[ sql ] [ SQL ] SELECT `name`,`id` FROM `wp_model` [ RunTime:0.000474s ]
[ sql ] [ SQL ] SELECT COUNT(*) AS tp_count FROM `wp_model` LIMIT 1 [ RunTime:0.000448s ]
[ sql ] [ SQL ] SELECT * FROM `wp_model` ORDER BY `id` DESC LIMIT 0,20 [ RunTime:0.000513s ]
[ sql ] [ SQL ] SELECT `name`,`title` FROM `wp_apps` [ RunTime:0.000395s ]
[ sql ] [ SQL ] SHOW TABLES LIKE 'wp_shop_card_member' [ RunTime:0.000715s ]
[ sql ] [ SQL ] SHOW TABLES LIKE 'wp_test' [ RunTime:0.000677s ]
[ sql ] [ SQL ] SHOW TABLES LIKE 'wp_lottery_games' [ RunTime:0.000668s ]
[ sql ] [ SQL ] SHOW TABLES LIKE 'wp_lottery_games_award_link' [ RunTime:0.000662s ]
[ sql ] [ SQL ] SHOW TABLES LIKE 'wp_addon_category' [ RunTime:0.000650s ]
[ sql ] [ SQL ] SHOW TABLES LIKE 'wp_card_member' [ RunTime:0.000670s ]
[ sql ] [ SQL ] SHOW TABLES LIKE 'wp_exam' [ RunTime:0.000652s ]
[ sql ] [ SQL ] SHOW TABLES LIKE 'wp_cardlist' [ RunTime:0.000686s ]
[ sql ] [ SQL ] SHOW FULL COLUMNS FROM wp_cardlist [ RunTime:0.000778s ]
[ sql ] [ SQL ] SHOW TABLES LIKE 'wp_signin_log' [ RunTime:0.000699s ]
[ sql ] [ SQL ] SHOW FULL COLUMNS FROM wp_signin_log [ RunTime:0.000752s ]
[ sql ] [ SQL ] SHOW TABLES LIKE 'wp_shop_order_goods' [ RunTime:0.000724s ]
[ sql ] [ SQL ] SHOW FULL COLUMNS FROM wp_shop_order_goods [ RunTime:0.000748s ]
[ sql ] [ SQL ] SHOW TABLES LIKE 'wp_shop_goods_content' [ RunTime:0.000733s ]
[ sql ] [ SQL ] SHOW FULL COLUMNS FROM wp_shop_goods_content [ RunTime:0.000708s ]
[ sql ] [ SQL ] SHOW TABLES LIKE 'wp_shop_goods_stock' [ RunTime:0.000694s ]
[ sql ] [ SQL ] SHOW FULL COLUMNS FROM wp_shop_goods_stock [ RunTime:0.000779s ]
[ sql ] [ SQL ] SHOW TABLES LIKE 'wp_goods_param_temp' [ RunTime:0.000724s ]
[ sql ] [ SQL ] SHOW FULL COLUMNS FROM wp_goods_param_temp [ RunTime:0.000743s ]
[ sql ] [ SQL ] SHOW TABLES LIKE 'wp_template_messages' [ RunTime:0.000709s ]
[ sql ] [ SQL ] SHOW FULL COLUMNS FROM wp_template_messages [ RunTime:0.000772s ]
[ sql ] [ SQL ] SHOW TABLES LIKE 'wp_event_prizes' [ RunTime:0.000720s ]
[ sql ] [ SQL ] SHOW FULL COLUMNS FROM wp_event_prizes [ RunTime:0.000803s ]
[ sql ] [ SQL ] SHOW TABLES LIKE 'wp_shop_track' [ RunTime:0.000772s ]
[ sql ] [ SQL ] SHOW FULL COLUMNS FROM wp_shop_track [ RunTime:0.000753s ]
[ sql ] [ SQL ] SHOW TABLES LIKE 'wp_stores_user' [ RunTime:0.000701s ]
[ sql ] [ SQL ] SHOW FULL COLUMNS FROM wp_stores_user [ RunTime:0.000747s ]
[ sql ] [ SQL ] SHOW TABLES LIKE 'wp_chat' [ RunTime:0.000688s ]
[ sql ] [ SQL ] SHOW FULL COLUMNS FROM wp_chat [ RunTime:0.000760s ]
[ sql ] [ SQL ] SHOW TABLES LIKE 'wp_shop_membership' [ RunTime:0.000732s ]
[ sql ] [ SQL ] SHOW FULL COLUMNS FROM wp_shop_membership [ RunTime:0.000762s ]
[ sql ] [ SQL ] SHOW TABLES LIKE 'wp_shop_reward' [ RunTime:0.000731s ]
[ sql ] [ SQL ] SHOW FULL COLUMNS FROM wp_shop_reward [ RunTime:0.000785s ]
[ sql ] [ SQL ] SHOW TABLES LIKE 'wp_shop_cashout_account' [ RunTime:0.000692s ]
[ sql ] [ SQL ] SHOW FULL COLUMNS FROM wp_shop_cashout_account [ RunTime:0.000727s ]
[ sql ] [ SQL ] SHOW TABLES LIKE 'wp_shop_reward_condition' [ RunTime:0.000706s ]
[ sql ] [ SQL ] SHOW FULL COLUMNS FROM wp_shop_reward_condition [ RunTime:0.000758s ]
[ sql ] [ SQL ] SHOW TABLES LIKE 'wp_lottery_prize_list' [ RunTime:0.000692s ]
[ sql ] [ SQL ] SHOW FULL COLUMNS FROM wp_lottery_prize_list [ RunTime:0.000733s ]
[ sql ] [ SQL ] SHOW TABLES LIKE 'wp_lzwg_activities' [ RunTime:0.000704s ]
[ sql ] [ SQL ] SHOW FULL COLUMNS FROM wp_lzwg_activities [ RunTime:0.000772s ]
---------------------------------------------------------------
[ 2019-06-08T08:16:56+08:00 ] 115.215.218.185 GET wx.gongniuchazuo.com.cn/public/index.php/admin/attribute/index/model_id/1486/pbid/80
[ sql ] [ DB ] CONNECT:[ UseTime:0.000916s ] mysql:host=rm-bp130s0438hdc169l.mysql.rds.aliyuncs.com;port=3306;dbname=weiphp;charset=utf8mb4
[ sql ] [ SQL ] SHOW COLUMNS FROM `wp_apps` [ RunTime:0.000950s ]
[ sql ] [ SQL ] SELECT * FROM `wp_apps` WHERE  `status` = 1 [ RunTime:0.000558s ]
[ sql ] [ SQL ] SHOW COLUMNS FROM `wp_menu` [ RunTime:0.000816s ]
[ sql ] [ SQL ] SELECT * FROM `wp_menu` WHERE  `place` = 1  AND `is_hide` = 0 ORDER BY `sort` ASC,`id` ASC [ RunTime:0.000520s ]
[ sql ] [ SQL ] SELECT * FROM `wp_apps` WHERE  `status` = 1 [ RunTime:0.000495s ]
[ sql ] [ SQL ] SHOW COLUMNS FROM `wp_model` [ RunTime:0.000848s ]
[ sql ] [ SQL ] SELECT * FROM `wp_model` WHERE  `id` = 1486 LIMIT 1 [ RunTime:0.000475s ]
---------------------------------------------------------------
[ 2019-06-08T08:21:17+08:00 ] 115.215.218.185 GET wx.gongniuchazuo.com.cn/public/index.php/Admin/menu/lists/pbid/80?&mdm=368_369
[ sql ] [ DB ] CONNECT:[ UseTime:0.001074s ] mysql:host=rm-bp130s0438hdc169l.mysql.rds.aliyuncs.com;port=3306;dbname=weiphp;charset=utf8mb4
[ sql ] [ SQL ] SHOW COLUMNS FROM `wp_apps` [ RunTime:0.000929s ]
[ sql ] [ SQL ] SELECT * FROM `wp_apps` WHERE  `status` = 1 [ RunTime:0.000601s ]
[ sql ] [ SQL ] SHOW COLUMNS FROM `wp_menu` [ RunTime:0.000808s ]
[ sql ] [ SQL ] SELECT * FROM `wp_menu` WHERE  `place` = 1  AND `is_hide` = 0 ORDER BY `sort` ASC,`id` ASC [ RunTime:0.000536s ]
[ sql ] [ SQL ] SELECT * FROM `wp_apps` WHERE  `status` = 1 [ RunTime:0.000485s ]
[ sql ] [ SQL ] SHOW COLUMNS FROM `wp_model` [ RunTime:0.000812s ]
[ sql ] [ SQL ] SELECT * FROM `wp_model` WHERE  `name` = 'menu' LIMIT 1 [ RunTime:0.000508s ]
[ sql ] [ SQL ] SELECT COUNT(*) AS tp_count FROM `wp_menu` WHERE  `place` = 0 LIMIT 1 [ RunTime:0.000420s ]
[ sql ] [ SQL ] SELECT `title`,`menu_type`,`addon_name`,`url`,`target`,`is_hide`,`sort`,`id` FROM `wp_menu` WHERE  `place` = 0 ORDER BY `id` DESC LIMIT 0,10000 [ RunTime:0.000479s ]
[ sql ] [ SQL ] SELECT `title` FROM `wp_apps` WHERE  `name` = 'sms' LIMIT 1 [ RunTime:0.000395s ]
[ sql ] [ SQL ] SELECT `title` FROM `wp_apps` WHERE  `name` = '' LIMIT 1 [ RunTime:0.000360s ]
[ sql ] [ SQL ] SELECT `title` FROM `wp_apps` WHERE  `name` = '' LIMIT 1 [ RunTime:0.000354s ]
[ sql ] [ SQL ] SELECT `title` FROM `wp_apps` WHERE  `name` = '' LIMIT 1 [ RunTime:0.000388s ]
[ sql ] [ SQL ] SELECT `title` FROM `wp_apps` WHERE  `name` = '' LIMIT 1 [ RunTime:0.000368s ]
[ sql ] [ SQL ] SELECT `title` FROM `wp_apps` WHERE  `name` = '' LIMIT 1 [ RunTime:0.000376s ]
[ sql ] [ SQL ] SELECT `title` FROM `wp_apps` WHERE  `name` = '' LIMIT 1 [ RunTime:0.000371s ]
[ sql ] [ SQL ] SELECT `title` FROM `wp_apps` WHERE  `name` = '' LIMIT 1 [ RunTime:0.000389s ]
[ sql ] [ SQL ] SELECT `title` FROM `wp_apps` WHERE  `name` = '' LIMIT 1 [ RunTime:0.000383s ]
[ sql ] [ SQL ] SELECT `title` FROM `wp_apps` WHERE  `name` = '' LIMIT 1 [ RunTime:0.000377s ]
[ sql ] [ SQL ] SELECT `title` FROM `wp_apps` WHERE  `name` = '' LIMIT 1 [ RunTime:0.000390s ]
[ sql ] [ SQL ] SELECT `title` FROM `wp_apps` WHERE  `name` = '' LIMIT 1 [ RunTime:0.000413s ]
[ sql ] [ SQL ] SELECT `title` FROM `wp_apps` WHERE  `name` = '' LIMIT 1 [ RunTime:0.000388s ]
[ sql ] [ SQL ] SELECT `title` FROM `wp_apps` WHERE  `name` = '' LIMIT 1 [ RunTime:0.000388s ]
[ sql ] [ SQL ] SELECT `title` FROM `wp_apps` WHERE  `name` = '' LIMIT 1 [ RunTime:0.000365s ]
[ sql ] [ SQL ] SELECT `title` FROM `wp_apps` WHERE  `name` = '' LIMIT 1 [ RunTime:0.000370s ]
[ sql ] [ SQL ] SELECT `title` FROM `wp_apps` WHERE  `name` = 'wei_site' LIMIT 1 [ RunTime:0.000369s ]
[ sql ] [ SQL ] SELECT `title` FROM `wp_apps` WHERE  `name` = '' LIMIT 1 [ RunTime:0.000378s ]
[ sql ] [ SQL ] SELECT `title` FROM `wp_apps` WHERE  `name` = 'wei_site' LIMIT 1 [ RunTime:0.000371s ]
[ sql ] [ SQL ] SELECT `title` FROM `wp_apps` WHERE  `name` = 'shop' LIMIT 1 [ RunTime:0.000370s ]
[ sql ] [ SQL ] SELECT `title` FROM `wp_apps` WHERE  `name` = '' LIMIT 1 [ RunTime:0.000386s ]
[ sql ] [ SQL ] SELECT `title` FROM `wp_apps` WHERE  `name` = '' LIMIT 1 [ RunTime:0.000387s ]
[ sql ] [ SQL ] SELECT `title` FROM `wp_apps` WHERE  `name` = '' LIMIT 1 [ RunTime:0.000381s ]
[ sql ] [ SQL ] SELECT `title` FROM `wp_apps` WHERE  `name` = '' LIMIT 1 [ RunTime:0.000384s ]
[ sql ] [ SQL ] SELECT `title` FROM `wp_apps` WHERE  `name` = '' LIMIT 1 [ RunTime:0.000379s ]
[ sql ] [ SQL ] SELECT `title` FROM `wp_apps` WHERE  `name` = '' LIMIT 1 [ RunTime:0.000384s ]
[ sql ] [ SQL ] SELECT `title` FROM `wp_apps` WHERE  `name` = '' LIMIT 1 [ RunTime:0.000359s ]
[ sql ] [ SQL ] SELECT `title` FROM `wp_apps` WHERE  `name` = '' LIMIT 1 [ RunTime:0.000371s ]
[ sql ] [ SQL ] SELECT `title` FROM `wp_apps` WHERE  `name` = '' LIMIT 1 [ RunTime:0.000368s ]
[ sql ] [ SQL ] SELECT `title` FROM `wp_apps` WHERE  `name` = '' LIMIT 1 [ RunTime:0.000366s ]
[ sql ] [ SQL ] SELECT `id`,`menu_type`,`pid`,`title`,`url_type`,`addon_name`,`url`,`target`,`is_hide`,`sort`,`place` FROM `wp_menu` WHERE  `place` = 0 ORDER BY `sort` ASC,`id` ASC [ RunTime:0.000524s ]
[ sql ] [ SQL ] SELECT `title` FROM `wp_apps` WHERE  `name` = 'wei_site' LIMIT 1 [ RunTime:0.000391s ]
[ sql ] [ SQL ] SELECT `title` FROM `wp_apps` WHERE  `name` = '' LIMIT 1 [ RunTime:0.000364s ]
[ sql ] [ SQL ] SELECT `title` FROM `wp_apps` WHERE  `name` = '' LIMIT 1 [ RunTime:0.000369s ]
[ sql ] [ SQL ] SELECT `title` FROM `wp_apps` WHERE  `name` = '' LIMIT 1 [ RunTime:0.000378s ]
[ sql ] [ SQL ] SELECT `title` FROM `wp_apps` WHERE  `name` = '' LIMIT 1 [ RunTime:0.000361s ]
[ sql ] [ SQL ] SELECT `title` FROM `wp_apps` WHERE  `name` = '' LIMIT 1 [ RunTime:0.000358s ]
[ sql ] [ SQL ] SELECT `title` FROM `wp_apps` WHERE  `name` = '' LIMIT 1 [ RunTime:0.000361s ]
[ sql ] [ SQL ] SELECT `title` FROM `wp_apps` WHERE  `name` = '' LIMIT 1 [ RunTime:0.000372s ]
[ sql ] [ SQL ] SELECT `title` FROM `wp_apps` WHERE  `name` = '' LIMIT 1 [ RunTime:0.000389s ]
[ sql ] [ SQL ] SELECT `title` FROM `wp_apps` WHERE  `name` = 'shop' LIMIT 1 [ RunTime:0.000388s ]
[ sql ] [ SQL ] SELECT `title` FROM `wp_apps` WHERE  `name` = '' LIMIT 1 [ RunTime:0.000395s ]
[ sql ] [ SQL ] SELECT `title` FROM `wp_apps` WHERE  `name` = '' LIMIT 1 [ RunTime:0.000388s ]
[ sql ] [ SQL ] SELECT `title` FROM `wp_apps` WHERE  `name` = 'sms' LIMIT 1 [ RunTime:0.000371s ]
[ sql ] [ SQL ] SELECT `title` FROM `wp_apps` WHERE  `name` = '' LIMIT 1 [ RunTime:0.000378s ]
[ sql ] [ SQL ] SELECT `title` FROM `wp_apps` WHERE  `name` = '' LIMIT 1 [ RunTime:0.000377s ]
[ sql ] [ SQL ] SELECT `title` FROM `wp_apps` WHERE  `name` = '' LIMIT 1 [ RunTime:0.000367s ]
[ sql ] [ SQL ] SELECT `title` FROM `wp_apps` WHERE  `name` = '' LIMIT 1 [ RunTime:0.000374s ]
[ sql ] [ SQL ] SELECT `title` FROM `wp_apps` WHERE  `name` = '' LIMIT 1 [ RunTime:0.000365s ]
[ sql ] [ SQL ] SELECT `title` FROM `wp_apps` WHERE  `name` = '' LIMIT 1 [ RunTime:0.000374s ]
[ sql ] [ SQL ] SELECT `title` FROM `wp_apps` WHERE  `name` = '' LIMIT 1 [ RunTime:0.000366s ]
[ sql ] [ SQL ] SELECT `title` FROM `wp_apps` WHERE  `name` = '' LIMIT 1 [ RunTime:0.000390s ]
[ sql ] [ SQL ] SELECT `title` FROM `wp_apps` WHERE  `name` = 'wei_site' LIMIT 1 [ RunTime:0.000393s ]
[ sql ] [ SQL ] SELECT `title` FROM `wp_apps` WHERE  `name` = '' LIMIT 1 [ RunTime:0.000368s ]
[ sql ] [ SQL ] SELECT `title` FROM `wp_apps` WHERE  `name` = '' LIMIT 1 [ RunTime:0.000385s ]
[ sql ] [ SQL ] SELECT `title` FROM `wp_apps` WHERE  `name` = '' LIMIT 1 [ RunTime:0.000385s ]
[ sql ] [ SQL ] SELECT `title` FROM `wp_apps` WHERE  `name` = '' LIMIT 1 [ RunTime:0.000352s ]
[ sql ] [ SQL ] SELECT `title` FROM `wp_apps` WHERE  `name` = '' LIMIT 1 [ RunTime:0.000370s ]
[ sql ] [ SQL ] SELECT `title` FROM `wp_apps` WHERE  `name` = '' LIMIT 1 [ RunTime:0.000382s ]
[ sql ] [ SQL ] SELECT `title` FROM `wp_apps` WHERE  `name` = '' LIMIT 1 [ RunTime:0.000366s ]
[ sql ] [ SQL ] SELECT `title` FROM `wp_apps` WHERE  `name` = '' LIMIT 1 [ RunTime:0.000379s ]
---------------------------------------------------------------
[ 2019-06-08T08:21:18+08:00 ] 115.215.218.185 GET wx.gongniuchazuo.com.cn/public/index.php/admin/menu/add/pbid/80
[ sql ] [ DB ] CONNECT:[ UseTime:0.001083s ] mysql:host=rm-bp130s0438hdc169l.mysql.rds.aliyuncs.com;port=3306;dbname=weiphp;charset=utf8mb4
[ sql ] [ SQL ] SHOW COLUMNS FROM `wp_apps` [ RunTime:0.000990s ]
[ sql ] [ SQL ] SELECT * FROM `wp_apps` WHERE  `status` = 1 [ RunTime:0.000670s ]
[ sql ] [ SQL ] SHOW COLUMNS FROM `wp_menu` [ RunTime:0.001036s ]
[ sql ] [ SQL ] SELECT * FROM `wp_menu` WHERE  `place` = 1  AND `is_hide` = 0 ORDER BY `sort` ASC,`id` ASC [ RunTime:0.000625s ]
[ sql ] [ SQL ] SELECT * FROM `wp_apps` WHERE  `status` = 1 [ RunTime:0.000618s ]
[ sql ] [ SQL ] SHOW COLUMNS FROM `wp_model` [ RunTime:0.001035s ]
[ sql ] [ SQL ] SELECT * FROM `wp_model` WHERE  `id` = 3 LIMIT 1 [ RunTime:0.000577s ]
[ sql ] [ SQL ] SELECT `id`,`title`,`pid`,`sort` FROM `wp_menu` WHERE  `menu_type` = 0  AND `place` = 0  AND `is_hide` = 0 ORDER BY `pid` ASC,`sort` ASC [ RunTime:0.000664s ]
[ sql ] [ SQL ] SELECT `name`,`title` FROM `wp_apps` WHERE  `type` = 0 ORDER BY `id` ASC [ RunTime:0.000532s ]
---------------------------------------------------------------
[ 2019-06-08T08:21:39+08:00 ] 115.215.218.185 POST wx.gongniuchazuo.com.cn/public/index.php/admin/menu/add/pbid/80
[ sql ] [ DB ] CONNECT:[ UseTime:0.000889s ] mysql:host=rm-bp130s0438hdc169l.mysql.rds.aliyuncs.com;port=3306;dbname=weiphp;charset=utf8mb4
[ sql ] [ SQL ] SHOW COLUMNS FROM `wp_apps` [ RunTime:0.000930s ]
[ sql ] [ SQL ] SELECT * FROM `wp_apps` WHERE  `status` = 1 [ RunTime:0.000516s ]
[ sql ] [ SQL ] SHOW COLUMNS FROM `wp_menu` [ RunTime:0.000765s ]
[ sql ] [ SQL ] INSERT INTO `wp_menu` (`menu_type` , `pid` , `title` , `url_type` , `addon_name` , `url` , `target` , `is_hide` , `sort` , `place`) VALUES (1 , '761' , '会员卡' , 1 , '' , 'shop/shop/card' , '_self' , 0 , 0 , 0) [ RunTime:0.001076s ]
---------------------------------------------------------------
[ 2019-06-08T08:21:41+08:00 ] 115.215.218.185 GET wx.gongniuchazuo.com.cn/public/index.php/admin/menu/lists/place/0/pbid/80
[ sql ] [ DB ] CONNECT:[ UseTime:0.000869s ] mysql:host=rm-bp130s0438hdc169l.mysql.rds.aliyuncs.com;port=3306;dbname=weiphp;charset=utf8mb4
[ sql ] [ SQL ] SHOW COLUMNS FROM `wp_apps` [ RunTime:0.000955s ]
[ sql ] [ SQL ] SELECT * FROM `wp_apps` WHERE  `status` = 1 [ RunTime:0.000516s ]
[ sql ] [ SQL ] SHOW COLUMNS FROM `wp_menu` [ RunTime:0.000780s ]
[ sql ] [ SQL ] SELECT * FROM `wp_menu` WHERE  `place` = 1  AND `is_hide` = 0 ORDER BY `sort` ASC,`id` ASC [ RunTime:0.000520s ]
[ sql ] [ SQL ] SELECT * FROM `wp_apps` WHERE  `status` = 1 [ RunTime:0.000462s ]
[ sql ] [ SQL ] SELECT COUNT(*) AS tp_count FROM `wp_menu` WHERE  `place` = 0 LIMIT 1 [ RunTime:0.000411s ]
[ sql ] [ SQL ] SELECT `title`,`menu_type`,`addon_name`,`url`,`target`,`is_hide`,`sort`,`id` FROM `wp_menu` WHERE  `place` = 0 ORDER BY `id` DESC LIMIT 0,10000 [ RunTime:0.000494s ]
[ sql ] [ SQL ] SELECT `title` FROM `wp_apps` WHERE  `name` = '' LIMIT 1 [ RunTime:0.000425s ]
[ sql ] [ SQL ] SELECT `title` FROM `wp_apps` WHERE  `name` = 'sms' LIMIT 1 [ RunTime:0.000405s ]
[ sql ] [ SQL ] SELECT `title` FROM `wp_apps` WHERE  `name` = '' LIMIT 1 [ RunTime:0.000400s ]
[ sql ] [ SQL ] SELECT `title` FROM `wp_apps` WHERE  `name` = '' LIMIT 1 [ RunTime:0.000418s ]
[ sql ] [ SQL ] SELECT `title` FROM `wp_apps` WHERE  `name` = '' LIMIT 1 [ RunTime:0.000383s ]
[ sql ] [ SQL ] SELECT `title` FROM `wp_apps` WHERE  `name` = '' LIMIT 1 [ RunTime:0.000361s ]
[ sql ] [ SQL ] SELECT `title` FROM `wp_apps` WHERE  `name` = '' LIMIT 1 [ RunTime:0.000383s ]
[ sql ] [ SQL ] SELECT `title` FROM `wp_apps` WHERE  `name` = '' LIMIT 1 [ RunTime:0.000377s ]
[ sql ] [ SQL ] SELECT `title` FROM `wp_apps` WHERE  `name` = '' LIMIT 1 [ RunTime:0.000436s ]
[ sql ] [ SQL ] SELECT `title` FROM `wp_apps` WHERE  `name` = '' LIMIT 1 [ RunTime:0.000411s ]
[ sql ] [ SQL ] SELECT `title` FROM `wp_apps` WHERE  `name` = '' LIMIT 1 [ RunTime:0.000427s ]
[ sql ] [ SQL ] SELECT `title` FROM `wp_apps` WHERE  `name` = '' LIMIT 1 [ RunTime:0.000443s ]
[ sql ] [ SQL ] SELECT `title` FROM `wp_apps` WHERE  `name` = '' LIMIT 1 [ RunTime:0.000408s ]
[ sql ] [ SQL ] SELECT `title` FROM `wp_apps` WHERE  `name` = '' LIMIT 1 [ RunTime:0.000430s ]
[ sql ] [ SQL ] SELECT `title` FROM `wp_apps` WHERE  `name` = '' LIMIT 1 [ RunTime:0.000405s ]
[ sql ] [ SQL ] SELECT `title` FROM `wp_apps` WHERE  `name` = '' LIMIT 1 [ RunTime:0.000431s ]
[ sql ] [ SQL ] SELECT `title` FROM `wp_apps` WHERE  `name` = '' LIMIT 1 [ RunTime:0.000422s ]
[ sql ] [ SQL ] SELECT `title` FROM `wp_apps` WHERE  `name` = 'wei_site' LIMIT 1 [ RunTime:0.000423s ]
[ sql ] [ SQL ] SELECT `title` FROM `wp_apps` WHERE  `name` = '' LIMIT 1 [ RunTime:0.000416s ]
[ sql ] [ SQL ] SELECT `title` FROM `wp_apps` WHERE  `name` = 'wei_site' LIMIT 1 [ RunTime:0.000414s ]
[ sql ] [ SQL ] SELECT `title` FROM `wp_apps` WHERE  `name` = 'shop' LIMIT 1 [ RunTime:0.000433s ]
[ sql ] [ SQL ] SELECT `title` FROM `wp_apps` WHERE  `name` = '' LIMIT 1 [ RunTime:0.000399s ]
[ sql ] [ SQL ] SELECT `title` FROM `wp_apps` WHERE  `name` = '' LIMIT 1 [ RunTime:0.000440s ]
[ sql ] [ SQL ] SELECT `title` FROM `wp_apps` WHERE  `name` = '' LIMIT 1 [ RunTime:0.000429s ]
[ sql ] [ SQL ] SELECT `title` FROM `wp_apps` WHERE  `name` = '' LIMIT 1 [ RunTime:0.000420s ]
[ sql ] [ SQL ] SELECT `title` FROM `wp_apps` WHERE  `name` = '' LIMIT 1 [ RunTime:0.000429s ]
[ sql ] [ SQL ] SELECT `title` FROM `wp_apps` WHERE  `name` = '' LIMIT 1 [ RunTime:0.000432s ]
[ sql ] [ SQL ] SELECT `title` FROM `wp_apps` WHERE  `name` = '' LIMIT 1 [ RunTime:0.000427s ]
[ sql ] [ SQL ] SELECT `title` FROM `wp_apps` WHERE  `name` = '' LIMIT 1 [ RunTime:0.000393s ]
[ sql ] [ SQL ] SELECT `title` FROM `wp_apps` WHERE  `name` = '' LIMIT 1 [ RunTime:0.000438s ]
[ sql ] [ SQL ] SELECT `title` FROM `wp_apps` WHERE  `name` = '' LIMIT 1 [ RunTime:0.000481s ]
[ sql ] [ SQL ] SELECT `id`,`menu_type`,`pid`,`title`,`url_type`,`addon_name`,`url`,`target`,`is_hide`,`sort`,`place` FROM `wp_menu` WHERE  `place` = 0 ORDER BY `sort` ASC,`id` ASC [ RunTime:0.000616s ]
[ sql ] [ SQL ] SELECT `title` FROM `wp_apps` WHERE  `name` = 'wei_site' LIMIT 1 [ RunTime:0.000484s ]
[ sql ] [ SQL ] SELECT `title` FROM `wp_apps` WHERE  `name` = '' LIMIT 1 [ RunTime:0.000442s ]
[ sql ] [ SQL ] SELECT `title` FROM `wp_apps` WHERE  `name` = '' LIMIT 1 [ RunTime:0.000450s ]
[ sql ] [ SQL ] SELECT `title` FROM `wp_apps` WHERE  `name` = '' LIMIT 1 [ RunTime:0.000443s ]
[ sql ] [ SQL ] SELECT `title` FROM `wp_apps` WHERE  `name` = '' LIMIT 1 [ RunTime:0.000453s ]
[ sql ] [ SQL ] SELECT `title` FROM `wp_apps` WHERE  `name` = '' LIMIT 1 [ RunTime:0.000507s ]
[ sql ] [ SQL ] SELECT `title` FROM `wp_apps` WHERE  `name` = '' LIMIT 1 [ RunTime:0.000453s ]
[ sql ] [ SQL ] SELECT `title` FROM `wp_apps` WHERE  `name` = '' LIMIT 1 [ RunTime:0.000458s ]
[ sql ] [ SQL ] SELECT `title` FROM `wp_apps` WHERE  `name` = '' LIMIT 1 [ RunTime:0.000478s ]
[ sql ] [ SQL ] SELECT `title` FROM `wp_apps` WHERE  `name` = '' LIMIT 1 [ RunTime:0.000455s ]
[ sql ] [ SQL ] SELECT `title` FROM `wp_apps` WHERE  `name` = 'shop' LIMIT 1 [ RunTime:0.000484s ]
[ sql ] [ SQL ] SELECT `title` FROM `wp_apps` WHERE  `name` = '' LIMIT 1 [ RunTime:0.000473s ]
[ sql ] [ SQL ] SELECT `title` FROM `wp_apps` WHERE  `name` = '' LIMIT 1 [ RunTime:0.000488s ]
[ sql ] [ SQL ] SELECT `title` FROM `wp_apps` WHERE  `name` = 'sms' LIMIT 1 [ RunTime:0.000457s ]
[ sql ] [ SQL ] SELECT `title` FROM `wp_apps` WHERE  `name` = '' LIMIT 1 [ RunTime:0.000483s ]
[ sql ] [ SQL ] SELECT `title` FROM `wp_apps` WHERE  `name` = '' LIMIT 1 [ RunTime:0.000433s ]
[ sql ] [ SQL ] SELECT `title` FROM `wp_apps` WHERE  `name` = '' LIMIT 1 [ RunTime:0.000446s ]
[ sql ] [ SQL ] SELECT `title` FROM `wp_apps` WHERE  `name` = '' LIMIT 1 [ RunTime:0.000450s ]
[ sql ] [ SQL ] SELECT `title` FROM `wp_apps` WHERE  `name` = '' LIMIT 1 [ RunTime:0.000399s ]
[ sql ] [ SQL ] SELECT `title` FROM `wp_apps` WHERE  `name` = '' LIMIT 1 [ RunTime:0.000439s ]
[ sql ] [ SQL ] SELECT `title` FROM `wp_apps` WHERE  `name` = '' LIMIT 1 [ RunTime:0.000411s ]
[ sql ] [ SQL ] SELECT `title` FROM `wp_apps` WHERE  `name` = '' LIMIT 1 [ RunTime:0.000405s ]
[ sql ] [ SQL ] SELECT `title` FROM `wp_apps` WHERE  `name` = 'wei_site' LIMIT 1 [ RunTime:0.000418s ]
[ sql ] [ SQL ] SELECT `title` FROM `wp_apps` WHERE  `name` = '' LIMIT 1 [ RunTime:0.000412s ]
[ sql ] [ SQL ] SELECT `title` FROM `wp_apps` WHERE  `name` = '' LIMIT 1 [ RunTime:0.000415s ]
[ sql ] [ SQL ] SELECT `title` FROM `wp_apps` WHERE  `name` = '' LIMIT 1 [ RunTime:0.000448s ]
[ sql ] [ SQL ] SELECT `title` FROM `wp_apps` WHERE  `name` = '' LIMIT 1 [ RunTime:0.000466s ]
[ sql ] [ SQL ] SELECT `title` FROM `wp_apps` WHERE  `name` = '' LIMIT 1 [ RunTime:0.000458s ]
[ sql ] [ SQL ] SELECT `title` FROM `wp_apps` WHERE  `name` = '' LIMIT 1 [ RunTime:0.000460s ]
[ sql ] [ SQL ] SELECT `title` FROM `wp_apps` WHERE  `name` = '' LIMIT 1 [ RunTime:0.000442s ]
[ sql ] [ SQL ] SELECT `title` FROM `wp_apps` WHERE  `name` = '' LIMIT 1 [ RunTime:0.000433s ]
---------------------------------------------------------------
[ 2019-06-08T08:29:11+08:00 ] 115.215.218.185 GET wx.gongniuchazuo.com.cn/public/index.php/Admin/model/index/pbid/80?&mdm=366
[ sql ] [ DB ] CONNECT:[ UseTime:0.000951s ] mysql:host=rm-bp130s0438hdc169l.mysql.rds.aliyuncs.com;port=3306;dbname=weiphp;charset=utf8mb4
[ sql ] [ SQL ] SHOW COLUMNS FROM `wp_apps` [ RunTime:0.001047s ]
[ sql ] [ SQL ] SELECT * FROM `wp_apps` WHERE  `status` = 1 [ RunTime:0.000550s ]
[ sql ] [ SQL ] SHOW COLUMNS FROM `wp_menu` [ RunTime:0.001041s ]
[ sql ] [ SQL ] SELECT * FROM `wp_menu` WHERE  `place` = 1  AND `is_hide` = 0 ORDER BY `sort` ASC,`id` ASC [ RunTime:0.000621s ]
[ sql ] [ SQL ] SELECT * FROM `wp_apps` WHERE  `status` = 1 [ RunTime:0.000530s ]
[ sql ] [ SQL ] SHOW COLUMNS FROM `wp_model` [ RunTime:0.001093s ]
[ sql ] [ SQL ] SELECT `name`,`id` FROM `wp_model` [ RunTime:0.000477s ]
[ sql ] [ SQL ] SELECT COUNT(*) AS tp_count FROM `wp_model` LIMIT 1 [ RunTime:0.000433s ]
[ sql ] [ SQL ] SELECT * FROM `wp_model` ORDER BY `id` DESC LIMIT 0,20 [ RunTime:0.000504s ]
[ sql ] [ SQL ] SELECT `name`,`title` FROM `wp_apps` [ RunTime:0.000384s ]
[ sql ] [ SQL ] SHOW TABLES LIKE 'wp_shop_card_member' [ RunTime:0.000697s ]
[ sql ] [ SQL ] SHOW TABLES LIKE 'wp_test' [ RunTime:0.000643s ]
[ sql ] [ SQL ] SHOW TABLES LIKE 'wp_lottery_games' [ RunTime:0.000710s ]
[ sql ] [ SQL ] SHOW TABLES LIKE 'wp_lottery_games_award_link' [ RunTime:0.000663s ]
[ sql ] [ SQL ] SHOW TABLES LIKE 'wp_addon_category' [ RunTime:0.000647s ]
[ sql ] [ SQL ] SHOW TABLES LIKE 'wp_card_member' [ RunTime:0.000698s ]
[ sql ] [ SQL ] SHOW TABLES LIKE 'wp_exam' [ RunTime:0.000647s ]
[ sql ] [ SQL ] SHOW TABLES LIKE 'wp_cardlist' [ RunTime:0.000692s ]
[ sql ] [ SQL ] SHOW FULL COLUMNS FROM wp_cardlist [ RunTime:0.000775s ]
[ sql ] [ SQL ] SHOW TABLES LIKE 'wp_signin_log' [ RunTime:0.000732s ]
[ sql ] [ SQL ] SHOW FULL COLUMNS FROM wp_signin_log [ RunTime:0.000780s ]
[ sql ] [ SQL ] SHOW TABLES LIKE 'wp_shop_order_goods' [ RunTime:0.000746s ]
[ sql ] [ SQL ] SHOW FULL COLUMNS FROM wp_shop_order_goods [ RunTime:0.000752s ]
[ sql ] [ SQL ] SHOW TABLES LIKE 'wp_shop_goods_content' [ RunTime:0.000750s ]
[ sql ] [ SQL ] SHOW FULL COLUMNS FROM wp_shop_goods_content [ RunTime:0.000793s ]
[ sql ] [ SQL ] SHOW TABLES LIKE 'wp_shop_goods_stock' [ RunTime:0.000772s ]
[ sql ] [ SQL ] SHOW FULL COLUMNS FROM wp_shop_goods_stock [ RunTime:0.001078s ]
[ sql ] [ SQL ] SHOW TABLES LIKE 'wp_goods_param_temp' [ RunTime:0.000746s ]
[ sql ] [ SQL ] SHOW FULL COLUMNS FROM wp_goods_param_temp [ RunTime:0.000987s ]
[ sql ] [ SQL ] SHOW TABLES LIKE 'wp_template_messages' [ RunTime:0.000884s ]
[ sql ] [ SQL ] SHOW FULL COLUMNS FROM wp_template_messages [ RunTime:0.001094s ]
[ sql ] [ SQL ] SHOW TABLES LIKE 'wp_event_prizes' [ RunTime:0.000838s ]
[ sql ] [ SQL ] SHOW FULL COLUMNS FROM wp_event_prizes [ RunTime:0.000769s ]
[ sql ] [ SQL ] SHOW TABLES LIKE 'wp_shop_track' [ RunTime:0.000789s ]
[ sql ] [ SQL ] SHOW FULL COLUMNS FROM wp_shop_track [ RunTime:0.000781s ]
[ sql ] [ SQL ] SHOW TABLES LIKE 'wp_stores_user' [ RunTime:0.000784s ]
[ sql ] [ SQL ] SHOW FULL COLUMNS FROM wp_stores_user [ RunTime:0.000782s ]
[ sql ] [ SQL ] SHOW TABLES LIKE 'wp_chat' [ RunTime:0.000741s ]
[ sql ] [ SQL ] SHOW FULL COLUMNS FROM wp_chat [ RunTime:0.000780s ]
[ sql ] [ SQL ] SHOW TABLES LIKE 'wp_shop_membership' [ RunTime:0.000893s ]
[ sql ] [ SQL ] SHOW FULL COLUMNS FROM wp_shop_membership [ RunTime:0.000789s ]
[ sql ] [ SQL ] SHOW TABLES LIKE 'wp_shop_reward' [ RunTime:0.000798s ]
[ sql ] [ SQL ] SHOW FULL COLUMNS FROM wp_shop_reward [ RunTime:0.000821s ]
[ sql ] [ SQL ] SHOW TABLES LIKE 'wp_shop_cashout_account' [ RunTime:0.000814s ]
[ sql ] [ SQL ] SHOW FULL COLUMNS FROM wp_shop_cashout_account [ RunTime:0.000863s ]
[ sql ] [ SQL ] SHOW TABLES LIKE 'wp_shop_reward_condition' [ RunTime:0.000774s ]
[ sql ] [ SQL ] SHOW FULL COLUMNS FROM wp_shop_reward_condition [ RunTime:0.000829s ]
[ sql ] [ SQL ] SHOW TABLES LIKE 'wp_lottery_prize_list' [ RunTime:0.000731s ]
[ sql ] [ SQL ] SHOW FULL COLUMNS FROM wp_lottery_prize_list [ RunTime:0.001048s ]
[ sql ] [ SQL ] SHOW TABLES LIKE 'wp_lzwg_activities' [ RunTime:0.000836s ]
[ sql ] [ SQL ] SHOW FULL COLUMNS FROM wp_lzwg_activities [ RunTime:0.000973s ]
---------------------------------------------------------------
[ 2019-06-08T08:29:14+08:00 ] 115.215.218.185 GET wx.gongniuchazuo.com.cn/public/index.php/admin/model/edit/id/1486/pbid/80
[ sql ] [ DB ] CONNECT:[ UseTime:0.001011s ] mysql:host=rm-bp130s0438hdc169l.mysql.rds.aliyuncs.com;port=3306;dbname=weiphp;charset=utf8mb4
[ sql ] [ SQL ] SHOW COLUMNS FROM `wp_apps` [ RunTime:0.000969s ]
[ sql ] [ SQL ] SELECT * FROM `wp_apps` WHERE  `status` = 1 [ RunTime:0.000517s ]
[ sql ] [ SQL ] SHOW COLUMNS FROM `wp_menu` [ RunTime:0.000777s ]
[ sql ] [ SQL ] SELECT * FROM `wp_menu` WHERE  `place` = 1  AND `is_hide` = 0 ORDER BY `sort` ASC,`id` ASC [ RunTime:0.000481s ]
[ sql ] [ SQL ] SELECT * FROM `wp_apps` WHERE  `status` = 1 [ RunTime:0.000475s ]
[ sql ] [ SQL ] SHOW COLUMNS FROM `wp_model` [ RunTime:0.000817s ]
[ sql ] [ SQL ] SELECT `id`,`name`,`title`,`extend`,`relation`,`need_pk`,`field_sort`,`field_group`,`attribute_list`,`template_list`,`template_add`,`template_edit`,`list_grid`,`list_row`,`search_key`,`search_list`,`create_time`,`update_time`,`status`,`engine_type`,`addon` FROM `wp_model` WHERE  `id` = 1486 LIMIT 1 [ RunTime:0.000465s ]
[ sql ] [ SQL ] SELECT `name`,`title` FROM `wp_apps` [ RunTime:0.000348s ]
---------------------------------------------------------------
[ 2019-06-08T09:33:16+08:00 ] 106.14.215.243 GET wx.gongniuchazuo.com.cn/./public/index.php
[ sql ] [ DB ] CONNECT:[ UseTime:0.001001s ] mysql:host=rm-bp130s0438hdc169l.mysql.rds.aliyuncs.com;port=3306;dbname=weiphp;charset=utf8mb4
[ sql ] [ SQL ] SHOW COLUMNS FROM `wp_publics` [ RunTime:0.001306s ]
[ sql ] [ SQL ] SELECT `id` FROM `wp_publics` LIMIT 1 [ RunTime:0.000492s ]
[ sql ] [ SQL ] SHOW COLUMNS FROM `wp_apps` [ RunTime:0.000926s ]
[ sql ] [ SQL ] SELECT * FROM `wp_apps` WHERE  `status` = 1 [ RunTime:0.000623s ]
[ sql ] [ SQL ] SHOW COLUMNS FROM `wp_menu` [ RunTime:0.001036s ]
[ sql ] [ SQL ] SELECT * FROM `wp_menu` WHERE  `place` = 0  AND `is_hide` = 0 ORDER BY `sort` ASC,`id` ASC [ RunTime:0.000621s ]
[ sql ] [ SQL ] SHOW COLUMNS FROM `wp_user` [ RunTime:0.001054s ]
[ sql ] [ SQL ] SELECT * FROM `wp_user` WHERE  `uid` = 1 LIMIT 1 [ RunTime:0.000591s ]
[ sql ] [ SQL ] SHOW COLUMNS FROM `wp_public_follow` [ RunTime:0.000813s ]
[ sql ] [ SQL ] SELECT `openid`,`uid`,`has_subscribe`,`syc_status`,`remark`,`unionid`,`pbid` FROM `wp_public_follow` WHERE  ( uid='1' ) [ RunTime:0.000453s ]
[ sql ] [ SQL ] SHOW COLUMNS FROM `wp_user_tag_link` [ RunTime:0.000864s ]
[ sql ] [ SQL ] SELECT `tag_id` FROM `wp_user_tag_link` WHERE  `uid` = 1 [ RunTime:0.000438s ]
[ sql ] [ SQL ] SHOW COLUMNS FROM `wp_auth_group_access` [ RunTime:0.000826s ]
[ sql ] [ SQL ] SELECT * FROM `wp_auth_group_access` `a` INNER JOIN `wp_auth_group` `s` ON `a`.`group_id`=`s`.`id` WHERE  `uid` = 1 [ RunTime:0.000540s ]
[ sql ] [ SQL ] SELECT * FROM `wp_apps` WHERE  `status` = 1 [ RunTime:0.000546s ]
---------------------------------------------------------------
[ 2019-06-08T10:14:42+08:00 ] 115.215.218.185 GET wx.gongniuchazuo.com.cn/public/index.php/Admin/attribute/index/model_id/1486/pbid/80
[ sql ] [ DB ] CONNECT:[ UseTime:0.000878s ] mysql:host=rm-bp130s0438hdc169l.mysql.rds.aliyuncs.com;port=3306;dbname=weiphp;charset=utf8mb4
[ sql ] [ SQL ] SHOW COLUMNS FROM `wp_apps` [ RunTime:0.001117s ]
[ sql ] [ SQL ] SELECT * FROM `wp_apps` WHERE  `status` = 1 [ RunTime:0.000530s ]
[ sql ] [ SQL ] SHOW COLUMNS FROM `wp_menu` [ RunTime:0.000812s ]
[ sql ] [ SQL ] SELECT * FROM `wp_menu` WHERE  `place` = 1  AND `is_hide` = 0 ORDER BY `sort` ASC,`id` ASC [ RunTime:0.000548s ]
[ sql ] [ SQL ] SELECT * FROM `wp_apps` WHERE  `status` = 1 [ RunTime:0.000491s ]
[ sql ] [ SQL ] SHOW COLUMNS FROM `wp_model` [ RunTime:0.000848s ]
[ sql ] [ SQL ] SELECT * FROM `wp_model` WHERE  `id` = 1486 LIMIT 1 [ RunTime:0.000452s ]
---------------------------------------------------------------
[ 2019-06-08T12:47:27+08:00 ] 47.92.125.35 GET wx.gongniuchazuo.com.cn/public/index.php
[ sql ] [ DB ] CONNECT:[ UseTime:0.000840s ] mysql:host=rm-bp130s0438hdc169l.mysql.rds.aliyuncs.com;port=3306;dbname=weiphp;charset=utf8mb4
[ sql ] [ SQL ] SHOW COLUMNS FROM `wp_publics` [ RunTime:0.000975s ]
[ sql ] [ SQL ] SELECT `id` FROM `wp_publics` LIMIT 1 [ RunTime:0.000370s ]
[ sql ] [ SQL ] SHOW COLUMNS FROM `wp_apps` [ RunTime:0.000813s ]
[ sql ] [ SQL ] SELECT * FROM `wp_apps` WHERE  `status` = 1 [ RunTime:0.000519s ]
[ sql ] [ SQL ] SHOW COLUMNS FROM `wp_menu` [ RunTime:0.000779s ]
[ sql ] [ SQL ] SELECT * FROM `wp_menu` WHERE  `place` = 0  AND `is_hide` = 0 ORDER BY `sort` ASC,`id` ASC [ RunTime:0.000555s ]
[ sql ] [ SQL ] SHOW COLUMNS FROM `wp_user` [ RunTime:0.000932s ]
[ sql ] [ SQL ] SELECT * FROM `wp_user` WHERE  `uid` = 1 LIMIT 1 [ RunTime:0.000501s ]
[ sql ] [ SQL ] SHOW COLUMNS FROM `wp_public_follow` [ RunTime:0.000743s ]
[ sql ] [ SQL ] SELECT `openid`,`uid`,`has_subscribe`,`syc_status`,`remark`,`unionid`,`pbid` FROM `wp_public_follow` WHERE  ( uid='1' ) [ RunTime:0.000412s ]
[ sql ] [ SQL ] SHOW COLUMNS FROM `wp_user_tag_link` [ RunTime:0.000699s ]
[ sql ] [ SQL ] SELECT `tag_id` FROM `wp_user_tag_link` WHERE  `uid` = 1 [ RunTime:0.000369s ]
[ sql ] [ SQL ] SHOW COLUMNS FROM `wp_auth_group_access` [ RunTime:0.000701s ]
[ sql ] [ SQL ] SELECT * FROM `wp_auth_group_access` `a` INNER JOIN `wp_auth_group` `s` ON `a`.`group_id`=`s`.`id` WHERE  `uid` = 1 [ RunTime:0.000521s ]
[ sql ] [ SQL ] SELECT * FROM `wp_apps` WHERE  `status` = 1 [ RunTime:0.000560s ]
---------------------------------------------------------------
[ 2019-06-08T12:47:28+08:00 ] 47.92.125.35 GET wx.gongniuchazuo.com.cn/public/index.php/home/user/login
[ sql ] [ DB ] CONNECT:[ UseTime:0.000959s ] mysql:host=rm-bp130s0438hdc169l.mysql.rds.aliyuncs.com;port=3306;dbname=weiphp;charset=utf8mb4
[ sql ] [ SQL ] SHOW COLUMNS FROM `wp_publics` [ RunTime:0.001352s ]
[ sql ] [ SQL ] SELECT `id` FROM `wp_publics` LIMIT 1 [ RunTime:0.000396s ]
[ sql ] [ SQL ] SHOW COLUMNS FROM `wp_apps` [ RunTime:0.001070s ]
[ sql ] [ SQL ] SELECT * FROM `wp_apps` WHERE  `status` = 1 [ RunTime:0.000601s ]
[ sql ] [ SQL ] SHOW COLUMNS FROM `wp_menu` [ RunTime:0.000979s ]
[ sql ] [ SQL ] SELECT * FROM `wp_menu` WHERE  `place` = 0  AND `is_hide` = 0 ORDER BY `sort` ASC,`id` ASC [ RunTime:0.000628s ]
[ sql ] [ SQL ] SELECT * FROM `wp_apps` WHERE  `status` = 1 [ RunTime:0.000544s ]
[ sql ] [ SQL ] SHOW COLUMNS FROM `wp_qr_code` [ RunTime:0.000982s ]
[ sql ] [ SQL ] SELECT `id`,`qr_code`,`addon`,`aim_id`,`cTime`,`action_name`,`extra_text`,`extra_int`,`request_count`,`scene_id`,`expire_seconds`,`pbid` FROM `wp_qr_code` WHERE  `addon` = 'ScanLogin'  AND `extra_text` = '5cfb3ddfe1578' LIMIT 1 [ RunTime:0.000496s ]
[ sql ] [ SQL ] SELECT `scene_id` FROM `wp_qr_code` WHERE  ( action_name='QR_SCENE' ) ORDER BY `scene_id` DESC LIMIT 1 [ RunTime:0.000529s ]
[ sql ] [ SQL ] INSERT INTO `wp_qr_code` (`scene_id` , `addon` , `aim_id` , `action_name` , `extra_text` , `extra_int` , `cTime` , `pbid` , `qr_code`) VALUES (100011 , 'ScanLogin' , 0 , 'QR_SCENE' , '5cfb3ddfe1578' , 0 , 1559969248 , 80 , 'https://mp.weixin.qq.com/cgi-bin/showqrcode?ticket=gQHC7zwAAAAAAAAAAS5odHRwOi8vd2VpeGluLnFxLmNvbS9xLzAyQTZNZ0VmbWhjU20xZndheXh0MWwAAgTgPftcAwQAjScA') [ RunTime:0.001177s ]
---------------------------------------------------------------
[ 2019-06-08T12:54:20+08:00 ] 47.92.75.171 GET wx.gongniuchazuo.com.cn/public/index.php
[ sql ] [ DB ] CONNECT:[ UseTime:0.000866s ] mysql:host=rm-bp130s0438hdc169l.mysql.rds.aliyuncs.com;port=3306;dbname=weiphp;charset=utf8mb4
[ sql ] [ SQL ] SHOW COLUMNS FROM `wp_publics` [ RunTime:0.001001s ]
[ sql ] [ SQL ] SELECT `id` FROM `wp_publics` LIMIT 1 [ RunTime:0.000383s ]
[ sql ] [ SQL ] SHOW COLUMNS FROM `wp_apps` [ RunTime:0.000911s ]
[ sql ] [ SQL ] SELECT * FROM `wp_apps` WHERE  `status` = 1 [ RunTime:0.000563s ]
[ sql ] [ SQL ] SHOW COLUMNS FROM `wp_menu` [ RunTime:0.000875s ]
[ sql ] [ SQL ] SELECT * FROM `wp_menu` WHERE  `place` = 0  AND `is_hide` = 0 ORDER BY `sort` ASC,`id` ASC [ RunTime:0.000554s ]
[ sql ] [ SQL ] SELECT * FROM `wp_apps` WHERE  `status` = 1 [ RunTime:0.000495s ]
---------------------------------------------------------------
[ 2019-06-08T12:54:20+08:00 ] 47.92.75.171 GET wx.gongniuchazuo.com.cn/public/index.php/home/user/login
[ sql ] [ DB ] CONNECT:[ UseTime:0.000991s ] mysql:host=rm-bp130s0438hdc169l.mysql.rds.aliyuncs.com;port=3306;dbname=weiphp;charset=utf8mb4
[ sql ] [ SQL ] SHOW COLUMNS FROM `wp_publics` [ RunTime:0.001059s ]
[ sql ] [ SQL ] SELECT `id` FROM `wp_publics` LIMIT 1 [ RunTime:0.000398s ]
[ sql ] [ SQL ] SHOW COLUMNS FROM `wp_apps` [ RunTime:0.000795s ]
[ sql ] [ SQL ] SELECT * FROM `wp_apps` WHERE  `status` = 1 [ RunTime:0.000506s ]
[ sql ] [ SQL ] SHOW COLUMNS FROM `wp_menu` [ RunTime:0.000767s ]
[ sql ] [ SQL ] SELECT * FROM `wp_menu` WHERE  `place` = 0  AND `is_hide` = 0 ORDER BY `sort` ASC,`id` ASC [ RunTime:0.000710s ]
[ sql ] [ SQL ] SELECT * FROM `wp_apps` WHERE  `status` = 1 [ RunTime:0.000508s ]
[ sql ] [ SQL ] SHOW COLUMNS FROM `wp_qr_code` [ RunTime:0.000777s ]
[ sql ] [ SQL ] SELECT `id`,`qr_code`,`addon`,`aim_id`,`cTime`,`action_name`,`extra_text`,`extra_int`,`request_count`,`scene_id`,`expire_seconds`,`pbid` FROM `wp_qr_code` WHERE  `addon` = 'ScanLogin'  AND `extra_text` = '5cfb3f7c4193a' LIMIT 1 [ RunTime:0.000487s ]
[ sql ] [ SQL ] SELECT `scene_id` FROM `wp_qr_code` WHERE  ( action_name='QR_SCENE' ) ORDER BY `scene_id` DESC LIMIT 1 [ RunTime:0.000503s ]
[ sql ] [ SQL ] INSERT INTO `wp_qr_code` (`scene_id` , `addon` , `aim_id` , `action_name` , `extra_text` , `extra_int` , `cTime` , `pbid` , `qr_code`) VALUES (100012 , 'ScanLogin' , 0 , 'QR_SCENE' , '5cfb3f7c4193a' , 0 , 1559969660 , 80 , 'https://mp.weixin.qq.com/cgi-bin/showqrcode?ticket=gQFv7zwAAAAAAAAAAS5odHRwOi8vd2VpeGluLnFxLmNvbS9xLzAyTFo3OEZybWhjU20xZFljeU50MXIAAgR8P-tcAwQAjScA') [ RunTime:0.001169s ]
---------------------------------------------------------------
[ 2019-06-08T22:24:17+08:00 ] 115.215.218.185 GET wx.gongniuchazuo.com.cn/public/index.php
[ sql ] [ DB ] CONNECT:[ UseTime:0.000988s ] mysql:host=rm-bp130s0438hdc169l.mysql.rds.aliyuncs.com;port=3306;dbname=weiphp;charset=utf8mb4
[ sql ] [ SQL ] SHOW COLUMNS FROM `wp_publics` [ RunTime:0.000964s ]
[ sql ] [ SQL ] SELECT `id` FROM `wp_publics` LIMIT 1 [ RunTime:0.000352s ]
[ sql ] [ SQL ] SHOW COLUMNS FROM `wp_apps` [ RunTime:0.000767s ]
[ sql ] [ SQL ] SELECT * FROM `wp_apps` WHERE  `status` = 1 [ RunTime:0.000525s ]
[ sql ] [ SQL ] SHOW COLUMNS FROM `wp_menu` [ RunTime:0.000761s ]
[ sql ] [ SQL ] SELECT * FROM `wp_menu` WHERE  `place` = 0  AND `is_hide` = 0 ORDER BY `sort` ASC,`id` ASC [ RunTime:0.000551s ]
[ sql ] [ SQL ] SHOW COLUMNS FROM `wp_user` [ RunTime:0.000962s ]
[ sql ] [ SQL ] SELECT * FROM `wp_user` WHERE  `uid` = 1 LIMIT 1 [ RunTime:0.000534s ]
[ sql ] [ SQL ] SHOW COLUMNS FROM `wp_public_follow` [ RunTime:0.000734s ]
[ sql ] [ SQL ] SELECT `openid`,`uid`,`has_subscribe`,`syc_status`,`remark`,`unionid`,`pbid` FROM `wp_public_follow` WHERE  ( uid='1' ) [ RunTime:0.000505s ]
[ sql ] [ SQL ] SHOW COLUMNS FROM `wp_user_tag_link` [ RunTime:0.000732s ]
[ sql ] [ SQL ] SELECT `tag_id` FROM `wp_user_tag_link` WHERE  `uid` = 1 [ RunTime:0.000404s ]
[ sql ] [ SQL ] SHOW COLUMNS FROM `wp_auth_group_access` [ RunTime:0.000756s ]
[ sql ] [ SQL ] SELECT * FROM `wp_auth_group_access` `a` INNER JOIN `wp_auth_group` `s` ON `a`.`group_id`=`s`.`id` WHERE  `uid` = 1 [ RunTime:0.000540s ]
[ sql ] [ SQL ] SHOW COLUMNS FROM `wp_public_auth` [ RunTime:0.000752s ]
[ sql ] [ SQL ] SELECT `name`,type_3 as val FROM `wp_public_auth` [ RunTime:0.000371s ]
[ sql ] [ SQL ] SELECT * FROM `wp_apps` WHERE  `status` = 1 [ RunTime:0.000462s ]
---------------------------------------------------------------
[ 2019-06-08T22:24:17+08:00 ] 115.215.218.185 GET wx.gongniuchazuo.com.cn/public/index.php/home/user/login
[ sql ] [ DB ] CONNECT:[ UseTime:0.000920s ] mysql:host=rm-bp130s0438hdc169l.mysql.rds.aliyuncs.com;port=3306;dbname=weiphp;charset=utf8mb4
[ sql ] [ SQL ] SHOW COLUMNS FROM `wp_publics` [ RunTime:0.001025s ]
[ sql ] [ SQL ] SELECT `id` FROM `wp_publics` LIMIT 1 [ RunTime:0.000424s ]
[ sql ] [ SQL ] SHOW COLUMNS FROM `wp_apps` [ RunTime:0.000815s ]
[ sql ] [ SQL ] SELECT * FROM `wp_apps` WHERE  `status` = 1 [ RunTime:0.000524s ]
[ sql ] [ SQL ] SHOW COLUMNS FROM `wp_menu` [ RunTime:0.000808s ]
[ sql ] [ SQL ] SELECT * FROM `wp_menu` WHERE  `place` = 0  AND `is_hide` = 0 ORDER BY `sort` ASC,`id` ASC [ RunTime:0.000561s ]
[ sql ] [ SQL ] SELECT * FROM `wp_apps` WHERE  `status` = 1 [ RunTime:0.000528s ]
[ sql ] [ SQL ] SHOW COLUMNS FROM `wp_qr_code` [ RunTime:0.000777s ]
[ sql ] [ SQL ] SELECT `id`,`qr_code`,`addon`,`aim_id`,`cTime`,`action_name`,`extra_text`,`extra_int`,`request_count`,`scene_id`,`expire_seconds`,`pbid` FROM `wp_qr_code` WHERE  `addon` = 'ScanLogin'  AND `extra_text` = '5cfbc511591c0' LIMIT 1 [ RunTime:0.000447s ]
[ sql ] [ SQL ] SELECT `scene_id` FROM `wp_qr_code` WHERE  ( action_name='QR_SCENE' ) ORDER BY `scene_id` DESC LIMIT 1 [ RunTime:0.000538s ]
[ sql ] [ SQL ] INSERT INTO `wp_qr_code` (`scene_id` , `addon` , `aim_id` , `action_name` , `extra_text` , `extra_int` , `cTime` , `pbid` , `qr_code`) VALUES (100013 , 'ScanLogin' , 0 , 'QR_SCENE' , '5cfbc511591c0' , 0 , 1560003857 , 80 , 'https://mp.weixin.qq.com/cgi-bin/showqrcode?ticket=gQGJ8DwAAAAAAAAAAS5odHRwOi8vd2VpeGluLnFxLmNvbS9xLzAyZ1UxLUVKbWhjU20xNGhpenh0MVEAAgQRxftcAwQAjScA') [ RunTime:0.001273s ]
---------------------------------------------------------------
[ 2019-06-08T22:24:29+08:00 ] 115.215.218.185 GET wx.gongniuchazuo.com.cn/public/index.php/admin/
[ sql ] [ DB ] CONNECT:[ UseTime:0.000935s ] mysql:host=rm-bp130s0438hdc169l.mysql.rds.aliyuncs.com;port=3306;dbname=weiphp;charset=utf8mb4
[ sql ] [ SQL ] SHOW COLUMNS FROM `wp_publics` [ RunTime:0.001143s ]
[ sql ] [ SQL ] SELECT `id` FROM `wp_publics` LIMIT 1 [ RunTime:0.000418s ]
[ sql ] [ SQL ] SHOW COLUMNS FROM `wp_apps` [ RunTime:0.000939s ]
[ sql ] [ SQL ] SELECT * FROM `wp_apps` WHERE  `status` = 1 [ RunTime:0.000535s ]
[ sql ] [ SQL ] SHOW COLUMNS FROM `wp_menu` [ RunTime:0.000832s ]
[ sql ] [ SQL ] SELECT * FROM `wp_menu` WHERE  `place` = 1  AND `is_hide` = 0 ORDER BY `sort` ASC,`id` ASC [ RunTime:0.000570s ]
[ sql ] [ SQL ] SELECT * FROM `wp_apps` WHERE  `status` = 1 [ RunTime:0.000534s ]
---------------------------------------------------------------
[ 2019-06-08T22:24:29+08:00 ] 115.215.218.185 GET wx.gongniuchazuo.com.cn/public/index.php/admin/publics/login
[ sql ] [ DB ] CONNECT:[ UseTime:0.000871s ] mysql:host=rm-bp130s0438hdc169l.mysql.rds.aliyuncs.com;port=3306;dbname=weiphp;charset=utf8mb4
[ sql ] [ SQL ] SHOW COLUMNS FROM `wp_publics` [ RunTime:0.001170s ]
[ sql ] [ SQL ] SELECT `id` FROM `wp_publics` LIMIT 1 [ RunTime:0.000378s ]
[ sql ] [ SQL ] SHOW COLUMNS FROM `wp_apps` [ RunTime:0.000861s ]
[ sql ] [ SQL ] SELECT * FROM `wp_apps` WHERE  `status` = 1 [ RunTime:0.000513s ]
[ sql ] [ SQL ] SHOW COLUMNS FROM `wp_menu` [ RunTime:0.000930s ]
[ sql ] [ SQL ] SELECT * FROM `wp_menu` WHERE  `place` = 1  AND `is_hide` = 0 ORDER BY `sort` ASC,`id` ASC [ RunTime:0.000536s ]
[ sql ] [ SQL ] SELECT * FROM `wp_apps` WHERE  `status` = 1 [ RunTime:0.000524s ]
---------------------------------------------------------------
[ 2019-06-08T22:24:31+08:00 ] 115.215.218.185 POST wx.gongniuchazuo.com.cn/public/index.php/admin/publics/login/pbid/80
[ sql ] [ DB ] CONNECT:[ UseTime:0.000824s ] mysql:host=rm-bp130s0438hdc169l.mysql.rds.aliyuncs.com;port=3306;dbname=weiphp;charset=utf8mb4
[ sql ] [ SQL ] SHOW COLUMNS FROM `wp_apps` [ RunTime:0.000998s ]
[ sql ] [ SQL ] SELECT * FROM `wp_apps` WHERE  `status` = 1 [ RunTime:0.000540s ]
[ sql ] [ SQL ] SHOW COLUMNS FROM `wp_user` [ RunTime:0.000938s ]
[ sql ] [ SQL ] SELECT `uid`,`nickname`,`password`,`truename`,`mobile`,`email`,`sex`,`headimgurl`,`city`,`province`,`country`,`language`,`score`,`unionid`,`login_count`,`reg_ip`,`reg_time`,`last_login_ip`,`last_login_time`,`status`,`is_init`,`is_audit`,`subscribe_time`,`remark`,`groupid`,`come_from`,`login_name`,`login_password`,`manager_id`,`level`,`membership`,`bind_openid`,`audit_time`,`grade`,`wpid`,`number` FROM `wp_user` WHERE  `nickname` = 'admin' LIMIT 1 [ RunTime:0.000537s ]
[ sql ] [ SQL ] SHOW COLUMNS FROM `wp_action` [ RunTime:0.000836s ]
[ sql ] [ SQL ] SELECT * FROM `wp_action` WHERE  `name` = 'admin_login' LIMIT 1 [ RunTime:0.000497s ]
[ sql ] [ SQL ] SHOW COLUMNS FROM `wp_action_log` [ RunTime:0.000776s ]
[ sql ] [ SQL ] INSERT INTO `wp_action_log` (`action_id` , `user_id` , `action_ip` , `model` , `record_id` , `create_time` , `remark`) VALUES (12 , 1 , 1943526073 , 'user' , 1 , 1560003871 , 'admin在2019-06-08 22:24登录了后台') [ RunTime:0.001002s ]
[ sql ] [ SQL ] UPDATE `wp_user`  SET `uid` = 1 , `login_count` = login_count+1 , `last_login_time` = 1560003871 , `last_login_ip` = '1943526073'  WHERE  `uid` = 1 [ RunTime:0.000542s ]
---------------------------------------------------------------
[ 2019-06-08T22:24:31+08:00 ] 115.215.218.185 GET wx.gongniuchazuo.com.cn/public/index.php/admin/index/index/pbid/80
[ sql ] [ DB ] CONNECT:[ UseTime:0.000849s ] mysql:host=rm-bp130s0438hdc169l.mysql.rds.aliyuncs.com;port=3306;dbname=weiphp;charset=utf8mb4
[ sql ] [ SQL ] SHOW COLUMNS FROM `wp_apps` [ RunTime:0.000973s ]
[ sql ] [ SQL ] SELECT * FROM `wp_apps` WHERE  `status` = 1 [ RunTime:0.000544s ]
[ sql ] [ SQL ] SHOW COLUMNS FROM `wp_menu` [ RunTime:0.000761s ]
[ sql ] [ SQL ] SELECT * FROM `wp_menu` WHERE  `place` = 1  AND `is_hide` = 0 ORDER BY `sort` ASC,`id` ASC [ RunTime:0.000494s ]
[ sql ] [ SQL ] SELECT * FROM `wp_apps` WHERE  `status` = 1 [ RunTime:0.000475s ]
---------------------------------------------------------------
[ 2019-06-08T22:24:31+08:00 ] 115.215.218.185 GET wx.gongniuchazuo.com.cn/public/index.php/Admin/config/group/pbid/80
[ sql ] [ DB ] CONNECT:[ UseTime:0.000830s ] mysql:host=rm-bp130s0438hdc169l.mysql.rds.aliyuncs.com;port=3306;dbname=weiphp;charset=utf8mb4
[ sql ] [ SQL ] SHOW COLUMNS FROM `wp_apps` [ RunTime:0.000903s ]
[ sql ] [ SQL ] SELECT * FROM `wp_apps` WHERE  `status` = 1 [ RunTime:0.000513s ]
[ sql ] [ SQL ] SHOW COLUMNS FROM `wp_menu` [ RunTime:0.000779s ]
[ sql ] [ SQL ] SELECT * FROM `wp_menu` WHERE  `place` = 1  AND `is_hide` = 0 ORDER BY `sort` ASC,`id` ASC [ RunTime:0.000535s ]
[ sql ] [ SQL ] SELECT * FROM `wp_apps` WHERE  `status` = 1 [ RunTime:0.000476s ]
[ sql ] [ SQL ] SHOW COLUMNS FROM `wp_config` [ RunTime:0.000771s ]
[ sql ] [ SQL ] SELECT `id`,`name`,`title`,`extra`,`value`,`remark`,`type` FROM `wp_config` WHERE  `status` = 1  AND `group` = 1 ORDER BY `sort` [ RunTime:0.000544s ]
---------------------------------------------------------------
[ 2019-06-08T22:24:32+08:00 ] 115.215.218.185 GET wx.gongniuchazuo.com.cn/public/index.php/admin/update/getremoteversion/pbid/80
[ sql ] [ DB ] CONNECT:[ UseTime:0.000768s ] mysql:host=rm-bp130s0438hdc169l.mysql.rds.aliyuncs.com;port=3306;dbname=weiphp;charset=utf8mb4
[ sql ] [ SQL ] SHOW COLUMNS FROM `wp_apps` [ RunTime:0.000900s ]
[ sql ] [ SQL ] SELECT * FROM `wp_apps` WHERE  `status` = 1 [ RunTime:0.000502s ]
[ sql ] [ SQL ] SHOW COLUMNS FROM `wp_menu` [ RunTime:0.000773s ]
[ sql ] [ SQL ] SELECT * FROM `wp_menu` WHERE  `place` = 1  AND `is_hide` = 0 ORDER BY `sort` ASC,`id` ASC [ RunTime:0.000545s ]
[ sql ] [ SQL ] SELECT * FROM `wp_apps` WHERE  `status` = 1 [ RunTime:0.000480s ]
---------------------------------------------------------------
[ 2019-06-08T22:24:33+08:00 ] 115.215.218.185 GET wx.gongniuchazuo.com.cn/public/index.php/Admin/model/index/pbid/80?&mdm=366
[ sql ] [ DB ] CONNECT:[ UseTime:0.000898s ] mysql:host=rm-bp130s0438hdc169l.mysql.rds.aliyuncs.com;port=3306;dbname=weiphp;charset=utf8mb4
[ sql ] [ SQL ] SHOW COLUMNS FROM `wp_apps` [ RunTime:0.000937s ]
[ sql ] [ SQL ] SELECT * FROM `wp_apps` WHERE  `status` = 1 [ RunTime:0.000568s ]
[ sql ] [ SQL ] SHOW COLUMNS FROM `wp_menu` [ RunTime:0.000786s ]
[ sql ] [ SQL ] SELECT * FROM `wp_menu` WHERE  `place` = 1  AND `is_hide` = 0 ORDER BY `sort` ASC,`id` ASC [ RunTime:0.000576s ]
[ sql ] [ SQL ] SELECT * FROM `wp_apps` WHERE  `status` = 1 [ RunTime:0.000471s ]
[ sql ] [ SQL ] SHOW COLUMNS FROM `wp_model` [ RunTime:0.000827s ]
[ sql ] [ SQL ] SELECT `name`,`id` FROM `wp_model` [ RunTime:0.000455s ]
[ sql ] [ SQL ] SELECT COUNT(*) AS tp_count FROM `wp_model` LIMIT 1 [ RunTime:0.000390s ]
[ sql ] [ SQL ] SELECT * FROM `wp_model` ORDER BY `id` DESC LIMIT 0,20 [ RunTime:0.000516s ]
[ sql ] [ SQL ] SELECT `name`,`title` FROM `wp_apps` [ RunTime:0.000455s ]
[ sql ] [ SQL ] SHOW TABLES LIKE 'wp_shop_card_member' [ RunTime:0.000705s ]
[ sql ] [ SQL ] SHOW TABLES LIKE 'wp_test' [ RunTime:0.000651s ]
[ sql ] [ SQL ] SHOW TABLES LIKE 'wp_lottery_games' [ RunTime:0.000666s ]
[ sql ] [ SQL ] SHOW TABLES LIKE 'wp_lottery_games_award_link' [ RunTime:0.000680s ]
[ sql ] [ SQL ] SHOW TABLES LIKE 'wp_addon_category' [ RunTime:0.000657s ]
[ sql ] [ SQL ] SHOW TABLES LIKE 'wp_card_member' [ RunTime:0.000643s ]
[ sql ] [ SQL ] SHOW TABLES LIKE 'wp_exam' [ RunTime:0.000670s ]
[ sql ] [ SQL ] SHOW TABLES LIKE 'wp_cardlist' [ RunTime:0.000672s ]
[ sql ] [ SQL ] SHOW FULL COLUMNS FROM wp_cardlist [ RunTime:0.000725s ]
[ sql ] [ SQL ] SHOW TABLES LIKE 'wp_signin_log' [ RunTime:0.000714s ]
[ sql ] [ SQL ] SHOW FULL COLUMNS FROM wp_signin_log [ RunTime:0.000723s ]
[ sql ] [ SQL ] SHOW TABLES LIKE 'wp_shop_order_goods' [ RunTime:0.000691s ]
[ sql ] [ SQL ] SHOW FULL COLUMNS FROM wp_shop_order_goods [ RunTime:0.000703s ]
[ sql ] [ SQL ] SHOW TABLES LIKE 'wp_shop_goods_content' [ RunTime:0.000692s ]
[ sql ] [ SQL ] SHOW FULL COLUMNS FROM wp_shop_goods_content [ RunTime:0.000707s ]
[ sql ] [ SQL ] SHOW TABLES LIKE 'wp_shop_goods_stock' [ RunTime:0.000694s ]
[ sql ] [ SQL ] SHOW FULL COLUMNS FROM wp_shop_goods_stock [ RunTime:0.000761s ]
[ sql ] [ SQL ] SHOW TABLES LIKE 'wp_goods_param_temp' [ RunTime:0.000747s ]
[ sql ] [ SQL ] SHOW FULL COLUMNS FROM wp_goods_param_temp [ RunTime:0.000741s ]
[ sql ] [ SQL ] SHOW TABLES LIKE 'wp_template_messages' [ RunTime:0.000698s ]
[ sql ] [ SQL ] SHOW FULL COLUMNS FROM wp_template_messages [ RunTime:0.000869s ]
[ sql ] [ SQL ] SHOW TABLES LIKE 'wp_event_prizes' [ RunTime:0.000733s ]
[ sql ] [ SQL ] SHOW FULL COLUMNS FROM wp_event_prizes [ RunTime:0.000725s ]
[ sql ] [ SQL ] SHOW TABLES LIKE 'wp_shop_track' [ RunTime:0.000703s ]
[ sql ] [ SQL ] SHOW FULL COLUMNS FROM wp_shop_track [ RunTime:0.000733s ]
[ sql ] [ SQL ] SHOW TABLES LIKE 'wp_stores_user' [ RunTime:0.000709s ]
[ sql ] [ SQL ] SHOW FULL COLUMNS FROM wp_stores_user [ RunTime:0.000718s ]
[ sql ] [ SQL ] SHOW TABLES LIKE 'wp_chat' [ RunTime:0.000696s ]
[ sql ] [ SQL ] SHOW FULL COLUMNS FROM wp_chat [ RunTime:0.000761s ]
[ sql ] [ SQL ] SHOW TABLES LIKE 'wp_shop_membership' [ RunTime:0.000708s ]
[ sql ] [ SQL ] SHOW FULL COLUMNS FROM wp_shop_membership [ RunTime:0.000741s ]
[ sql ] [ SQL ] SHOW TABLES LIKE 'wp_shop_reward' [ RunTime:0.000691s ]
[ sql ] [ SQL ] SHOW FULL COLUMNS FROM wp_shop_reward [ RunTime:0.000747s ]
[ sql ] [ SQL ] SHOW TABLES LIKE 'wp_shop_cashout_account' [ RunTime:0.000713s ]
[ sql ] [ SQL ] SHOW FULL COLUMNS FROM wp_shop_cashout_account [ RunTime:0.000717s ]
[ sql ] [ SQL ] SHOW TABLES LIKE 'wp_shop_reward_condition' [ RunTime:0.000689s ]
[ sql ] [ SQL ] SHOW FULL COLUMNS FROM wp_shop_reward_condition [ RunTime:0.000762s ]
[ sql ] [ SQL ] SHOW TABLES LIKE 'wp_lottery_prize_list' [ RunTime:0.000680s ]
[ sql ] [ SQL ] SHOW FULL COLUMNS FROM wp_lottery_prize_list [ RunTime:0.000716s ]
[ sql ] [ SQL ] SHOW TABLES LIKE 'wp_lzwg_activities' [ RunTime:0.000681s ]
[ sql ] [ SQL ] SHOW FULL COLUMNS FROM wp_lzwg_activities [ RunTime:0.000759s ]
---------------------------------------------------------------
[ 2019-06-08T22:24:49+08:00 ] 115.215.218.185 GET wx.gongniuchazuo.com.cn/public/index.php/Admin/model/index/pbid/80?&mdm=366
[ sql ] [ DB ] CONNECT:[ UseTime:0.000902s ] mysql:host=rm-bp130s0438hdc169l.mysql.rds.aliyuncs.com;port=3306;dbname=weiphp;charset=utf8mb4
[ sql ] [ SQL ] SHOW COLUMNS FROM `wp_apps` [ RunTime:0.000939s ]
[ sql ] [ SQL ] SELECT * FROM `wp_apps` WHERE  `status` = 1 [ RunTime:0.000550s ]
[ sql ] [ SQL ] SHOW COLUMNS FROM `wp_menu` [ RunTime:0.000801s ]
[ sql ] [ SQL ] SELECT * FROM `wp_menu` WHERE  `place` = 1  AND `is_hide` = 0 ORDER BY `sort` ASC,`id` ASC [ RunTime:0.000533s ]
[ sql ] [ SQL ] SELECT * FROM `wp_apps` WHERE  `status` = 1 [ RunTime:0.000488s ]
[ sql ] [ SQL ] SHOW COLUMNS FROM `wp_model` [ RunTime:0.000837s ]
[ sql ] [ SQL ] SELECT `name`,`id` FROM `wp_model` [ RunTime:0.000449s ]
[ sql ] [ SQL ] SELECT COUNT(*) AS tp_count FROM `wp_model` LIMIT 1 [ RunTime:0.000400s ]
[ sql ] [ SQL ] SELECT * FROM `wp_model` ORDER BY `id` DESC LIMIT 0,20 [ RunTime:0.000511s ]
[ sql ] [ SQL ] SELECT `name`,`title` FROM `wp_apps` [ RunTime:0.000385s ]
[ sql ] [ SQL ] SHOW TABLES LIKE 'wp_cardlog' [ RunTime:0.000697s ]
[ sql ] [ SQL ] SHOW TABLES LIKE 'wp_shop_card_member' [ RunTime:0.000645s ]
[ sql ] [ SQL ] SHOW TABLES LIKE 'wp_test' [ RunTime:0.000640s ]
[ sql ] [ SQL ] SHOW TABLES LIKE 'wp_lottery_games' [ RunTime:0.000638s ]
[ sql ] [ SQL ] SHOW TABLES LIKE 'wp_lottery_games_award_link' [ RunTime:0.000637s ]
[ sql ] [ SQL ] SHOW TABLES LIKE 'wp_addon_category' [ RunTime:0.000640s ]
[ sql ] [ SQL ] SHOW TABLES LIKE 'wp_card_member' [ RunTime:0.000632s ]
[ sql ] [ SQL ] SHOW TABLES LIKE 'wp_exam' [ RunTime:0.000634s ]
[ sql ] [ SQL ] SHOW TABLES LIKE 'wp_cardlist' [ RunTime:0.000669s ]
[ sql ] [ SQL ] SHOW FULL COLUMNS FROM wp_cardlist [ RunTime:0.000745s ]
[ sql ] [ SQL ] SHOW TABLES LIKE 'wp_signin_log' [ RunTime:0.000695s ]
[ sql ] [ SQL ] SHOW FULL COLUMNS FROM wp_signin_log [ RunTime:0.000741s ]
[ sql ] [ SQL ] SHOW TABLES LIKE 'wp_shop_order_goods' [ RunTime:0.000679s ]
[ sql ] [ SQL ] SHOW FULL COLUMNS FROM wp_shop_order_goods [ RunTime:0.000735s ]
[ sql ] [ SQL ] SHOW TABLES LIKE 'wp_shop_goods_content' [ RunTime:0.000701s ]
[ sql ] [ SQL ] SHOW FULL COLUMNS FROM wp_shop_goods_content [ RunTime:0.000710s ]
[ sql ] [ SQL ] SHOW TABLES LIKE 'wp_shop_goods_stock' [ RunTime:0.000713s ]
[ sql ] [ SQL ] SHOW FULL COLUMNS FROM wp_shop_goods_stock [ RunTime:0.000766s ]
[ sql ] [ SQL ] SHOW TABLES LIKE 'wp_goods_param_temp' [ RunTime:0.000687s ]
[ sql ] [ SQL ] SHOW FULL COLUMNS FROM wp_goods_param_temp [ RunTime:0.000730s ]
[ sql ] [ SQL ] SHOW TABLES LIKE 'wp_template_messages' [ RunTime:0.000693s ]
[ sql ] [ SQL ] SHOW FULL COLUMNS FROM wp_template_messages [ RunTime:0.000772s ]
[ sql ] [ SQL ] SHOW TABLES LIKE 'wp_event_prizes' [ RunTime:0.000683s ]
[ sql ] [ SQL ] SHOW FULL COLUMNS FROM wp_event_prizes [ RunTime:0.000731s ]
[ sql ] [ SQL ] SHOW TABLES LIKE 'wp_shop_track' [ RunTime:0.000709s ]
[ sql ] [ SQL ] SHOW FULL COLUMNS FROM wp_shop_track [ RunTime:0.000743s ]
[ sql ] [ SQL ] SHOW TABLES LIKE 'wp_stores_user' [ RunTime:0.000686s ]
[ sql ] [ SQL ] SHOW FULL COLUMNS FROM wp_stores_user [ RunTime:0.000702s ]
[ sql ] [ SQL ] SHOW TABLES LIKE 'wp_chat' [ RunTime:0.000677s ]
[ sql ] [ SQL ] SHOW FULL COLUMNS FROM wp_chat [ RunTime:0.000731s ]
[ sql ] [ SQL ] SHOW TABLES LIKE 'wp_shop_membership' [ RunTime:0.000683s ]
[ sql ] [ SQL ] SHOW FULL COLUMNS FROM wp_shop_membership [ RunTime:0.000706s ]
[ sql ] [ SQL ] SHOW TABLES LIKE 'wp_shop_reward' [ RunTime:0.000705s ]
[ sql ] [ SQL ] SHOW FULL COLUMNS FROM wp_shop_reward [ RunTime:0.000789s ]
[ sql ] [ SQL ] SHOW TABLES LIKE 'wp_shop_cashout_account' [ RunTime:0.000676s ]
[ sql ] [ SQL ] SHOW FULL COLUMNS FROM wp_shop_cashout_account [ RunTime:0.000722s ]
[ sql ] [ SQL ] SHOW TABLES LIKE 'wp_shop_reward_condition' [ RunTime:0.000690s ]
[ sql ] [ SQL ] SHOW FULL COLUMNS FROM wp_shop_reward_condition [ RunTime:0.000783s ]
[ sql ] [ SQL ] SHOW TABLES LIKE 'wp_lottery_prize_list' [ RunTime:0.000710s ]
[ sql ] [ SQL ] SHOW FULL COLUMNS FROM wp_lottery_prize_list [ RunTime:0.000706s ]
[ sql ] [ SQL ] SHOW TABLES LIKE 'wp_lzwg_activities' [ RunTime:0.000675s ]
[ sql ] [ SQL ] SHOW FULL COLUMNS FROM wp_lzwg_activities [ RunTime:0.000790s ]
---------------------------------------------------------------
[ 2019-06-08T22:24:53+08:00 ] 115.215.218.185 GET wx.gongniuchazuo.com.cn/public/index.php/admin/model/importmodel/model_name/cardlog/model_addon/shop/pbid/80
[ sql ] [ DB ] CONNECT:[ UseTime:0.000959s ] mysql:host=rm-bp130s0438hdc169l.mysql.rds.aliyuncs.com;port=3306;dbname=weiphp;charset=utf8mb4
[ sql ] [ SQL ] SHOW COLUMNS FROM `wp_apps` [ RunTime:0.000929s ]
[ sql ] [ SQL ] SELECT * FROM `wp_apps` WHERE  `status` = 1 [ RunTime:0.000611s ]
[ sql ] [ SQL ] SHOW COLUMNS FROM `wp_menu` [ RunTime:0.000895s ]
[ sql ] [ SQL ] SELECT * FROM `wp_menu` WHERE  `place` = 1  AND `is_hide` = 0 ORDER BY `sort` ASC,`id` ASC [ RunTime:0.000580s ]
[ sql ] [ SQL ] SELECT * FROM `wp_apps` WHERE  `status` = 1 [ RunTime:0.000568s ]
[ sql ] [ SQL ] SHOW COLUMNS FROM `wp_model` [ RunTime:0.000899s ]
[ sql ] [ SQL ] INSERT INTO `wp_model` (`name` , `title` , `search_key` , `list_row` , `addon`) VALUES ('cardlog' , '会员卡操作记录' , '' , 20 , 'shop') [ RunTime:0.001028s ]
[ sql ] [ SQL ] SELECT `name` FROM `wp_model` WHERE  `id` = 1487 LIMIT 1 [ RunTime:0.000471s ]
[ sql ] [ SQL ] SHOW TABLES LIKE 'wp_cardlog' [ RunTime:0.000786s ]
[ sql ] [ SQL ] SELECT `engine_type`,`need_pk` FROM `wp_model` WHERE  `id` = 1487 LIMIT 1 [ RunTime:0.000459s ]
[ sql ] [ SQL ]                 CREATE TABLE IF NOT EXISTS `wp_cardlog` (
                `id`  int(10) UNSIGNED NOT NULL AUTO_INCREMENT COMMENT '主键' ,
                `addtime`  varchar(25) NOT NULL  COMMENT '操作时间' ,
                PRIMARY KEY (`id`)
                )ENGINE=MyISAM DEFAULT CHARACTER SET=utf8 COLLATE=utf8_general_ci CHECKSUM=0 ROW_FORMAT=DYNAMIC DELAY_KEY_WRITE=0; [ RunTime:0.004162s ]
---------------------------------------------------------------
[ 2019-06-08T22:24:56+08:00 ] 115.215.218.185 GET wx.gongniuchazuo.com.cn/public/index.php/admin/model/index/pbid/80
[ sql ] [ DB ] CONNECT:[ UseTime:0.000864s ] mysql:host=rm-bp130s0438hdc169l.mysql.rds.aliyuncs.com;port=3306;dbname=weiphp;charset=utf8mb4
[ sql ] [ SQL ] SHOW COLUMNS FROM `wp_apps` [ RunTime:0.000903s ]
[ sql ] [ SQL ] SELECT * FROM `wp_apps` WHERE  `status` = 1 [ RunTime:0.000517s ]
[ sql ] [ SQL ] SHOW COLUMNS FROM `wp_menu` [ RunTime:0.000804s ]
[ sql ] [ SQL ] SELECT * FROM `wp_menu` WHERE  `place` = 1  AND `is_hide` = 0 ORDER BY `sort` ASC,`id` ASC [ RunTime:0.000502s ]
[ sql ] [ SQL ] SELECT * FROM `wp_apps` WHERE  `status` = 1 [ RunTime:0.000477s ]
[ sql ] [ SQL ] SHOW COLUMNS FROM `wp_model` [ RunTime:0.000826s ]
[ sql ] [ SQL ] SELECT `name`,`id` FROM `wp_model` [ RunTime:0.000437s ]
[ sql ] [ SQL ] SELECT COUNT(*) AS tp_count FROM `wp_model` LIMIT 1 [ RunTime:0.000383s ]
[ sql ] [ SQL ] SELECT * FROM `wp_model` ORDER BY `id` DESC LIMIT 0,20 [ RunTime:0.000483s ]
[ sql ] [ SQL ] SELECT `name`,`title` FROM `wp_apps` [ RunTime:0.000381s ]
[ sql ] [ SQL ] SHOW TABLES LIKE 'wp_shop_card_member' [ RunTime:0.000705s ]
[ sql ] [ SQL ] SHOW TABLES LIKE 'wp_test' [ RunTime:0.000662s ]
[ sql ] [ SQL ] SHOW TABLES LIKE 'wp_lottery_games' [ RunTime:0.000642s ]
[ sql ] [ SQL ] SHOW TABLES LIKE 'wp_lottery_games_award_link' [ RunTime:0.000641s ]
[ sql ] [ SQL ] SHOW TABLES LIKE 'wp_addon_category' [ RunTime:0.000624s ]
[ sql ] [ SQL ] SHOW TABLES LIKE 'wp_card_member' [ RunTime:0.000619s ]
[ sql ] [ SQL ] SHOW TABLES LIKE 'wp_exam' [ RunTime:0.000627s ]
[ sql ] [ SQL ] SHOW TABLES LIKE 'wp_cardlog' [ RunTime:0.000627s ]
[ sql ] [ SQL ] SHOW FULL COLUMNS FROM wp_cardlog [ RunTime:0.000864s ]
[ sql ] [ SQL ] SHOW TABLES LIKE 'wp_cardlist' [ RunTime:0.000669s ]
[ sql ] [ SQL ] SHOW FULL COLUMNS FROM wp_cardlist [ RunTime:0.000698s ]
[ sql ] [ SQL ] SHOW TABLES LIKE 'wp_signin_log' [ RunTime:0.000673s ]
[ sql ] [ SQL ] SHOW FULL COLUMNS FROM wp_signin_log [ RunTime:0.000708s ]
[ sql ] [ SQL ] SHOW TABLES LIKE 'wp_shop_order_goods' [ RunTime:0.000685s ]
[ sql ] [ SQL ] SHOW FULL COLUMNS FROM wp_shop_order_goods [ RunTime:0.000703s ]
[ sql ] [ SQL ] SHOW TABLES LIKE 'wp_shop_goods_content' [ RunTime:0.000659s ]
[ sql ] [ SQL ] SHOW FULL COLUMNS FROM wp_shop_goods_content [ RunTime:0.000708s ]
[ sql ] [ SQL ] SHOW TABLES LIKE 'wp_shop_goods_stock' [ RunTime:0.000775s ]
[ sql ] [ SQL ] SHOW FULL COLUMNS FROM wp_shop_goods_stock [ RunTime:0.000793s ]
[ sql ] [ SQL ] SHOW TABLES LIKE 'wp_goods_param_temp' [ RunTime:0.000675s ]
[ sql ] [ SQL ] SHOW FULL COLUMNS FROM wp_goods_param_temp [ RunTime:0.000710s ]
[ sql ] [ SQL ] SHOW TABLES LIKE 'wp_template_messages' [ RunTime:0.000673s ]
[ sql ] [ SQL ] SHOW FULL COLUMNS FROM wp_template_messages [ RunTime:0.000745s ]
[ sql ] [ SQL ] SHOW TABLES LIKE 'wp_event_prizes' [ RunTime:0.000666s ]
[ sql ] [ SQL ] SHOW FULL COLUMNS FROM wp_event_prizes [ RunTime:0.000709s ]
[ sql ] [ SQL ] SHOW TABLES LIKE 'wp_shop_track' [ RunTime:0.000692s ]
[ sql ] [ SQL ] SHOW FULL COLUMNS FROM wp_shop_track [ RunTime:0.000697s ]
[ sql ] [ SQL ] SHOW TABLES LIKE 'wp_stores_user' [ RunTime:0.000660s ]
[ sql ] [ SQL ] SHOW FULL COLUMNS FROM wp_stores_user [ RunTime:0.000682s ]
[ sql ] [ SQL ] SHOW TABLES LIKE 'wp_chat' [ RunTime:0.000668s ]
[ sql ] [ SQL ] SHOW FULL COLUMNS FROM wp_chat [ RunTime:0.000721s ]
[ sql ] [ SQL ] SHOW TABLES LIKE 'wp_shop_membership' [ RunTime:0.000696s ]
[ sql ] [ SQL ] SHOW FULL COLUMNS FROM wp_shop_membership [ RunTime:0.000696s ]
[ sql ] [ SQL ] SHOW TABLES LIKE 'wp_shop_reward' [ RunTime:0.000694s ]
[ sql ] [ SQL ] SHOW FULL COLUMNS FROM wp_shop_reward [ RunTime:0.000737s ]
[ sql ] [ SQL ] SHOW TABLES LIKE 'wp_shop_cashout_account' [ RunTime:0.000672s ]
[ sql ] [ SQL ] SHOW FULL COLUMNS FROM wp_shop_cashout_account [ RunTime:0.000694s ]
[ sql ] [ SQL ] SHOW TABLES LIKE 'wp_shop_reward_condition' [ RunTime:0.000688s ]
[ sql ] [ SQL ] SHOW FULL COLUMNS FROM wp_shop_reward_condition [ RunTime:0.000713s ]
[ sql ] [ SQL ] SHOW TABLES LIKE 'wp_lottery_prize_list' [ RunTime:0.000659s ]
[ sql ] [ SQL ] SHOW FULL COLUMNS FROM wp_lottery_prize_list [ RunTime:0.000737s ]
---------------------------------------------------------------
[ 2019-06-08T22:25:04+08:00 ] 115.215.218.185 GET wx.gongniuchazuo.com.cn/public/index.php/admin/model/index/pbid/80/title/card
[ sql ] [ DB ] CONNECT:[ UseTime:0.001004s ] mysql:host=rm-bp130s0438hdc169l.mysql.rds.aliyuncs.com;port=3306;dbname=weiphp;charset=utf8mb4
[ sql ] [ SQL ] SHOW COLUMNS FROM `wp_apps` [ RunTime:0.000901s ]
[ sql ] [ SQL ] SELECT * FROM `wp_apps` WHERE  `status` = 1 [ RunTime:0.000585s ]
[ sql ] [ SQL ] SHOW COLUMNS FROM `wp_menu` [ RunTime:0.000772s ]
[ sql ] [ SQL ] SELECT * FROM `wp_menu` WHERE  `place` = 1  AND `is_hide` = 0 ORDER BY `sort` ASC,`id` ASC [ RunTime:0.000595s ]
[ sql ] [ SQL ] SELECT * FROM `wp_apps` WHERE  `status` = 1 [ RunTime:0.000557s ]
[ sql ] [ SQL ] SHOW COLUMNS FROM `wp_model` [ RunTime:0.000846s ]
[ sql ] [ SQL ] SELECT `name`,`id` FROM `wp_model` [ RunTime:0.000467s ]
[ sql ] [ SQL ] SELECT COUNT(*) AS tp_count FROM `wp_model` WHERE  `name` LIKE '%card%' LIMIT 1 [ RunTime:0.000455s ]
[ sql ] [ SQL ] SELECT * FROM `wp_model` WHERE  `name` LIKE '%card%' ORDER BY `id` DESC LIMIT 0,20 [ RunTime:0.000654s ]
[ sql ] [ SQL ] SELECT `name`,`title` FROM `wp_apps` [ RunTime:0.000423s ]
[ sql ] [ SQL ] SHOW TABLES LIKE 'wp_shop_card_member' [ RunTime:0.000736s ]
[ sql ] [ SQL ] SHOW TABLES LIKE 'wp_test' [ RunTime:0.000835s ]
[ sql ] [ SQL ] SHOW TABLES LIKE 'wp_lottery_games' [ RunTime:0.000730s ]
[ sql ] [ SQL ] SHOW TABLES LIKE 'wp_lottery_games_award_link' [ RunTime:0.000674s ]
[ sql ] [ SQL ] SHOW TABLES LIKE 'wp_addon_category' [ RunTime:0.000658s ]
[ sql ] [ SQL ] SHOW TABLES LIKE 'wp_card_member' [ RunTime:0.000673s ]
[ sql ] [ SQL ] SHOW TABLES LIKE 'wp_exam' [ RunTime:0.000646s ]
[ sql ] [ SQL ] SHOW TABLES LIKE 'wp_cardlog' [ RunTime:0.000673s ]
[ sql ] [ SQL ] SHOW FULL COLUMNS FROM wp_cardlog [ RunTime:0.000722s ]
[ sql ] [ SQL ] SHOW TABLES LIKE 'wp_cardlist' [ RunTime:0.000691s ]
[ sql ] [ SQL ] SHOW FULL COLUMNS FROM wp_cardlist [ RunTime:0.000710s ]
---------------------------------------------------------------
[ 2019-06-08T22:25:12+08:00 ] 115.215.218.185 GET wx.gongniuchazuo.com.cn/public/index.php/admin/attribute/index/model_id/1487/pbid/80
[ sql ] [ DB ] CONNECT:[ UseTime:0.000959s ] mysql:host=rm-bp130s0438hdc169l.mysql.rds.aliyuncs.com;port=3306;dbname=weiphp;charset=utf8mb4
[ sql ] [ SQL ] SHOW COLUMNS FROM `wp_apps` [ RunTime:0.000923s ]
[ sql ] [ SQL ] SELECT * FROM `wp_apps` WHERE  `status` = 1 [ RunTime:0.000548s ]
[ sql ] [ SQL ] SHOW COLUMNS FROM `wp_menu` [ RunTime:0.000815s ]
[ sql ] [ SQL ] SELECT * FROM `wp_menu` WHERE  `place` = 1  AND `is_hide` = 0 ORDER BY `sort` ASC,`id` ASC [ RunTime:0.000535s ]
[ sql ] [ SQL ] SELECT * FROM `wp_apps` WHERE  `status` = 1 [ RunTime:0.000555s ]
[ sql ] [ SQL ] SHOW COLUMNS FROM `wp_model` [ RunTime:0.001116s ]
[ sql ] [ SQL ] SELECT * FROM `wp_model` WHERE  `id` = 1487 LIMIT 1 [ RunTime:0.000501s ]
