---------------------------------------------------------------
[ 2019-06-11T03:34:07+08:00 ] 47.98.97.81 GET www.gnb2b.com/./public/index.php
[ sql ] [ DB ] CONNECT:[ UseTime:0.001015s ] mysql:host=rm-bp130s0438hdc169l.mysql.rds.aliyuncs.com;port=3306;dbname=weiphp;charset=utf8mb4
[ sql ] [ SQL ] SHOW COLUMNS FROM `wp_publics` [ RunTime:0.001050s ]
[ sql ] [ SQL ] SELECT `id` FROM `wp_publics` LIMIT 1 [ RunTime:0.000472s ]
[ sql ] [ SQL ] SHOW COLUMNS FROM `wp_apps` [ RunTime:0.000799s ]
[ sql ] [ SQL ] SELECT * FROM `wp_apps` WHERE  `status` = 1 [ RunTime:0.000600s ]
[ sql ] [ SQL ] SHOW COLUMNS FROM `wp_menu` [ RunTime:0.000852s ]
[ sql ] [ SQL ] SELECT * FROM `wp_menu` WHERE  `place` = 0  AND `is_hide` = 0 ORDER BY `sort` ASC,`id` ASC [ RunTime:0.000618s ]
[ sql ] [ SQL ] SHOW COLUMNS FROM `wp_user` [ RunTime:0.001016s ]
[ sql ] [ SQL ] SELECT * FROM `wp_user` WHERE  `uid` = 1 LIMIT 1 [ RunTime:0.000642s ]
[ sql ] [ SQL ] SHOW COLUMNS FROM `wp_public_follow` [ RunTime:0.000811s ]
[ sql ] [ SQL ] SELECT `openid`,`uid`,`has_subscribe`,`syc_status`,`remark`,`unionid`,`pbid` FROM `wp_public_follow` WHERE  ( uid='1' ) [ RunTime:0.000480s ]
[ sql ] [ SQL ] SHOW COLUMNS FROM `wp_user_tag_link` [ RunTime:0.000777s ]
[ sql ] [ SQL ] SELECT `tag_id` FROM `wp_user_tag_link` WHERE  `uid` = 1 [ RunTime:0.000441s ]
[ sql ] [ SQL ] SHOW COLUMNS FROM `wp_auth_group_access` [ RunTime:0.000754s ]
[ sql ] [ SQL ] SELECT * FROM `wp_auth_group_access` `a` INNER JOIN `wp_auth_group` `s` ON `a`.`group_id`=`s`.`id` WHERE  `uid` = 1 [ RunTime:0.000552s ]
[ sql ] [ SQL ] SELECT * FROM `wp_apps` WHERE  `status` = 1 [ RunTime:0.000563s ]
---------------------------------------------------------------
[ 2019-06-11T06:33:13+08:00 ] 115.215.218.185 GET wx.gongniuchazuo.com.cn/public/index.php
[ sql ] [ DB ] CONNECT:[ UseTime:0.000930s ] mysql:host=rm-bp130s0438hdc169l.mysql.rds.aliyuncs.com;port=3306;dbname=weiphp;charset=utf8mb4
[ sql ] [ SQL ] SHOW COLUMNS FROM `wp_user` [ RunTime:0.001055s ]
[ sql ] [ SQL ] SELECT * FROM `wp_user` WHERE  `uid` = 1 LIMIT 1 [ RunTime:0.000554s ]
[ sql ] [ SQL ] SHOW COLUMNS FROM `wp_public_follow` [ RunTime:0.000762s ]
[ sql ] [ SQL ] SELECT `openid`,`uid`,`has_subscribe`,`syc_status`,`remark`,`unionid`,`pbid` FROM `wp_public_follow` WHERE  ( uid='1' ) [ RunTime:0.000427s ]
[ sql ] [ SQL ] SHOW COLUMNS FROM `wp_user_tag_link` [ RunTime:0.000699s ]
[ sql ] [ SQL ] SELECT `tag_id` FROM `wp_user_tag_link` WHERE  `uid` = 1 [ RunTime:0.000350s ]
[ sql ] [ SQL ] SHOW COLUMNS FROM `wp_auth_group_access` [ RunTime:0.000689s ]
[ sql ] [ SQL ] SELECT * FROM `wp_auth_group_access` `a` INNER JOIN `wp_auth_group` `s` ON `a`.`group_id`=`s`.`id` WHERE  `uid` = 1 [ RunTime:0.000494s ]
[ sql ] [ SQL ] SHOW COLUMNS FROM `wp_apps` [ RunTime:0.000775s ]
[ sql ] [ SQL ] SELECT * FROM `wp_apps` WHERE  `status` = 1 [ RunTime:0.000484s ]
[ sql ] [ SQL ] SHOW COLUMNS FROM `wp_menu` [ RunTime:0.000756s ]
[ sql ] [ SQL ] SELECT * FROM `wp_menu` WHERE  `place` = 0  AND `is_hide` = 0 ORDER BY `sort` ASC,`id` ASC [ RunTime:0.000528s ]
[ sql ] [ SQL ] SELECT * FROM `wp_apps` WHERE  `status` = 1 [ RunTime:0.000513s ]
---------------------------------------------------------------
[ 2019-06-11T06:33:13+08:00 ] 115.215.218.185 GET wx.gongniuchazuo.com.cn/public/index.php/home/user/login
[ sql ] [ DB ] CONNECT:[ UseTime:0.000760s ] mysql:host=rm-bp130s0438hdc169l.mysql.rds.aliyuncs.com;port=3306;dbname=weiphp;charset=utf8mb4
[ sql ] [ SQL ] SHOW COLUMNS FROM `wp_apps` [ RunTime:0.000887s ]
[ sql ] [ SQL ] SELECT * FROM `wp_apps` WHERE  `status` = 1 [ RunTime:0.000555s ]
[ sql ] [ SQL ] SHOW COLUMNS FROM `wp_menu` [ RunTime:0.000842s ]
[ sql ] [ SQL ] SELECT * FROM `wp_menu` WHERE  `place` = 0  AND `is_hide` = 0 ORDER BY `sort` ASC,`id` ASC [ RunTime:0.000579s ]
[ sql ] [ SQL ] SELECT * FROM `wp_apps` WHERE  `status` = 1 [ RunTime:0.000540s ]
---------------------------------------------------------------
[ 2019-06-11T06:33:13+08:00 ] 115.215.218.185 GET wx.gongniuchazuo.com.cn/public/index.php/weixin/publics/lists/pbid/80
[ sql ] [ DB ] CONNECT:[ UseTime:0.000807s ] mysql:host=rm-bp130s0438hdc169l.mysql.rds.aliyuncs.com;port=3306;dbname=weiphp;charset=utf8mb4
[ sql ] [ SQL ] SHOW COLUMNS FROM `wp_apps` [ RunTime:0.000991s ]
[ sql ] [ SQL ] SELECT * FROM `wp_apps` WHERE  `status` = 1 [ RunTime:0.000563s ]
[ sql ] [ SQL ] SHOW COLUMNS FROM `wp_menu` [ RunTime:0.000825s ]
[ sql ] [ SQL ] SELECT * FROM `wp_menu` WHERE  `place` = 0  AND `is_hide` = 0 ORDER BY `sort` ASC,`id` ASC [ RunTime:0.000545s ]
[ sql ] [ SQL ] SELECT * FROM `wp_apps` WHERE  `status` = 1 [ RunTime:0.000535s ]
[ sql ] [ SQL ] SHOW COLUMNS FROM `wp_model` [ RunTime:0.000870s ]
[ sql ] [ SQL ] SELECT * FROM `wp_model` WHERE  `name` = 'publics' LIMIT 1 [ RunTime:0.000526s ]
[ sql ] [ SQL ] SHOW COLUMNS FROM `wp_publics` [ RunTime:0.000843s ]
[ sql ] [ SQL ] SELECT `id`,`uid`,`public_name`,`public_id`,`wechat`,`interface_url`,`headface_url`,`area`,`addon_status`,`is_use`,`type`,`appid`,`secret`,`encodingaeskey`,`tips_url`,`domain`,`is_bind`,`mch_id`,`partner_key`,`cert_pem`,`key_pem`,`authorizer_refresh_token`,`check_file`,`app_type`,`wpid`,`order_payok_messageid` FROM `wp_publics` WHERE  `uid` = 1 [ RunTime:0.000517s ]
---------------------------------------------------------------
[ 2019-06-11T06:33:16+08:00 ] 115.215.218.185 GET wx.gongniuchazuo.com.cn/public/index.php/home/user/logout/pbid/80
[ sql ] [ DB ] CONNECT:[ UseTime:0.000916s ] mysql:host=rm-bp130s0438hdc169l.mysql.rds.aliyuncs.com;port=3306;dbname=weiphp;charset=utf8mb4
[ sql ] [ SQL ] SHOW COLUMNS FROM `wp_apps` [ RunTime:0.000879s ]
[ sql ] [ SQL ] SELECT * FROM `wp_apps` WHERE  `status` = 1 [ RunTime:0.000533s ]
---------------------------------------------------------------
[ 2019-06-11T06:33:16+08:00 ] 115.215.218.185 GET wx.gongniuchazuo.com.cn/public/index.php/home/user/login/pbid/80&
[ sql ] [ DB ] CONNECT:[ UseTime:0.000875s ] mysql:host=rm-bp130s0438hdc169l.mysql.rds.aliyuncs.com;port=3306;dbname=weiphp;charset=utf8mb4
[ sql ] [ SQL ] SHOW COLUMNS FROM `wp_apps` [ RunTime:0.001150s ]
[ sql ] [ SQL ] SELECT * FROM `wp_apps` WHERE  `status` = 1 [ RunTime:0.000569s ]
[ sql ] [ SQL ] SHOW COLUMNS FROM `wp_menu` [ RunTime:0.000856s ]
[ sql ] [ SQL ] SELECT * FROM `wp_menu` WHERE  `place` = 0  AND `is_hide` = 0 ORDER BY `sort` ASC,`id` ASC [ RunTime:0.000555s ]
[ sql ] [ SQL ] SELECT * FROM `wp_apps` WHERE  `status` = 1 [ RunTime:0.000481s ]
[ sql ] [ SQL ] SHOW COLUMNS FROM `wp_qr_code` [ RunTime:0.000797s ]
[ sql ] [ SQL ] SELECT `id`,`qr_code`,`addon`,`aim_id`,`cTime`,`action_name`,`extra_text`,`extra_int`,`request_count`,`scene_id`,`expire_seconds`,`pbid` FROM `wp_qr_code` WHERE  `addon` = 'ScanLogin'  AND `extra_text` = '5cfedaac16feb' LIMIT 1 [ RunTime:0.000443s ]
[ sql ] [ SQL ] SELECT `scene_id` FROM `wp_qr_code` WHERE  ( action_name='QR_SCENE' ) ORDER BY `scene_id` DESC LIMIT 1 [ RunTime:0.000611s ]
[ sql ] [ SQL ] INSERT INTO `wp_qr_code` (`scene_id` , `addon` , `aim_id` , `action_name` , `extra_text` , `extra_int` , `cTime` , `pbid` , `qr_code`) VALUES (100016 , 'ScanLogin' , 0 , 'QR_SCENE' , '5cfedaac16feb' , 0 , 1560205996 , 80 , 'https://mp.weixin.qq.com/cgi-bin/showqrcode?ticket=gQHc8DwAAAAAAAAAAS5odHRwOi8vd2VpeGluLnFxLmNvbS9xLzAyaGtlQkVkbWhjU20xNklEQ3h0MUoAAgSs2v5cAwQAjScA') [ RunTime:0.001281s ]
---------------------------------------------------------------
[ 2019-06-11T06:33:26+08:00 ] 115.215.218.185 GET wx.gongniuchazuo.com.cn/public/index.php/home/user/start
[ sql ] [ DB ] CONNECT:[ UseTime:0.000840s ] mysql:host=rm-bp130s0438hdc169l.mysql.rds.aliyuncs.com;port=3306;dbname=weiphp;charset=utf8mb4
[ sql ] [ SQL ] SHOW COLUMNS FROM `wp_apps` [ RunTime:0.000983s ]
[ sql ] [ SQL ] SELECT * FROM `wp_apps` WHERE  `status` = 1 [ RunTime:0.000530s ]
[ sql ] [ SQL ] SHOW COLUMNS FROM `wp_menu` [ RunTime:0.000768s ]
[ sql ] [ SQL ] SELECT * FROM `wp_menu` WHERE  `place` = 0  AND `is_hide` = 0 ORDER BY `sort` ASC,`id` ASC [ RunTime:0.000533s ]
[ sql ] [ SQL ] SELECT * FROM `wp_apps` WHERE  `status` = 1 [ RunTime:0.000465s ]
---------------------------------------------------------------
[ 2019-06-11T06:33:43+08:00 ] 115.215.218.185 GET wx.gongniuchazuo.com.cn/public/index.php/home/user/start
[ sql ] [ DB ] CONNECT:[ UseTime:0.001032s ] mysql:host=rm-bp130s0438hdc169l.mysql.rds.aliyuncs.com;port=3306;dbname=weiphp;charset=utf8mb4
[ sql ] [ SQL ] SHOW COLUMNS FROM `wp_publics` [ RunTime:0.001228s ]
[ sql ] [ SQL ] SELECT `id` FROM `wp_publics` LIMIT 1 [ RunTime:0.000391s ]
[ sql ] [ SQL ] SHOW COLUMNS FROM `wp_apps` [ RunTime:0.000806s ]
[ sql ] [ SQL ] SELECT * FROM `wp_apps` WHERE  `status` = 1 [ RunTime:0.000522s ]
[ sql ] [ SQL ] SHOW COLUMNS FROM `wp_menu` [ RunTime:0.000797s ]
[ sql ] [ SQL ] SELECT * FROM `wp_menu` WHERE  `place` = 0  AND `is_hide` = 0 ORDER BY `sort` ASC,`id` ASC [ RunTime:0.000547s ]
[ sql ] [ SQL ] SELECT * FROM `wp_apps` WHERE  `status` = 1 [ RunTime:0.000509s ]
---------------------------------------------------------------
[ 2019-06-11T06:33:53+08:00 ] 115.215.218.185 GET wx.gongniuchazuo.com.cn/public/index.php/home/user/time/pbid/80
[ sql ] [ DB ] CONNECT:[ UseTime:0.000884s ] mysql:host=rm-bp130s0438hdc169l.mysql.rds.aliyuncs.com;port=3306;dbname=weiphp;charset=utf8mb4
[ sql ] [ SQL ] SHOW COLUMNS FROM `wp_apps` [ RunTime:0.000948s ]
[ sql ] [ SQL ] SELECT * FROM `wp_apps` WHERE  `status` = 1 [ RunTime:0.000615s ]
[ sql ] [ SQL ] SHOW COLUMNS FROM `wp_menu` [ RunTime:0.000917s ]
[ sql ] [ SQL ] SELECT * FROM `wp_menu` WHERE  `place` = 0  AND `is_hide` = 0 ORDER BY `sort` ASC,`id` ASC [ RunTime:0.000582s ]
[ sql ] [ SQL ] SELECT * FROM `wp_apps` WHERE  `status` = 1 [ RunTime:0.000601s ]
---------------------------------------------------------------
[ 2019-06-11T06:33:58+08:00 ] 115.215.218.185 GET wx.gongniuchazuo.com.cn/public/index.php/home/user/start
[ sql ] [ DB ] CONNECT:[ UseTime:0.000774s ] mysql:host=rm-bp130s0438hdc169l.mysql.rds.aliyuncs.com;port=3306;dbname=weiphp;charset=utf8mb4
[ sql ] [ SQL ] SHOW COLUMNS FROM `wp_apps` [ RunTime:0.000927s ]
[ sql ] [ SQL ] SELECT * FROM `wp_apps` WHERE  `status` = 1 [ RunTime:0.000541s ]
[ sql ] [ SQL ] SHOW COLUMNS FROM `wp_menu` [ RunTime:0.000761s ]
[ sql ] [ SQL ] SELECT * FROM `wp_menu` WHERE  `place` = 0  AND `is_hide` = 0 ORDER BY `sort` ASC,`id` ASC [ RunTime:0.000545s ]
[ sql ] [ SQL ] SELECT * FROM `wp_apps` WHERE  `status` = 1 [ RunTime:0.000480s ]
---------------------------------------------------------------
[ 2019-06-11T06:34:43+08:00 ] 61.129.6.147 GET wx.gongniuchazuo.com.cn/public/index.php/home/user/start
[ sql ] [ DB ] CONNECT:[ UseTime:0.000915s ] mysql:host=rm-bp130s0438hdc169l.mysql.rds.aliyuncs.com;port=3306;dbname=weiphp;charset=utf8mb4
[ sql ] [ SQL ] SHOW COLUMNS FROM `wp_publics` [ RunTime:0.001029s ]
[ sql ] [ SQL ] SELECT `id` FROM `wp_publics` LIMIT 1 [ RunTime:0.000436s ]
[ sql ] [ SQL ] SHOW COLUMNS FROM `wp_apps` [ RunTime:0.000896s ]
[ sql ] [ SQL ] SELECT * FROM `wp_apps` WHERE  `status` = 1 [ RunTime:0.000500s ]
[ sql ] [ SQL ] SHOW COLUMNS FROM `wp_menu` [ RunTime:0.000796s ]
[ sql ] [ SQL ] SELECT * FROM `wp_menu` WHERE  `place` = 0  AND `is_hide` = 0 ORDER BY `sort` ASC,`id` ASC [ RunTime:0.000598s ]
[ sql ] [ SQL ] SELECT * FROM `wp_apps` WHERE  `status` = 1 [ RunTime:0.000535s ]
---------------------------------------------------------------
[ 2019-06-11T06:34:53+08:00 ] 61.151.207.186 GET wx.gongniuchazuo.com.cn/public/index.php/home/user/time/pbid/80
[ sql ] [ DB ] CONNECT:[ UseTime:0.000872s ] mysql:host=rm-bp130s0438hdc169l.mysql.rds.aliyuncs.com;port=3306;dbname=weiphp;charset=utf8mb4
[ sql ] [ SQL ] SHOW COLUMNS FROM `wp_apps` [ RunTime:0.000936s ]
[ sql ] [ SQL ] SELECT * FROM `wp_apps` WHERE  `status` = 1 [ RunTime:0.000554s ]
[ sql ] [ SQL ] SHOW COLUMNS FROM `wp_menu` [ RunTime:0.000816s ]
[ sql ] [ SQL ] SELECT * FROM `wp_menu` WHERE  `place` = 0  AND `is_hide` = 0 ORDER BY `sort` ASC,`id` ASC [ RunTime:0.000522s ]
[ sql ] [ SQL ] SELECT * FROM `wp_apps` WHERE  `status` = 1 [ RunTime:0.000529s ]
---------------------------------------------------------------
[ 2019-06-11T06:37:26+08:00 ] 115.215.218.185 GET wx.gongniuchazuo.com.cn/public/index.php/home/user/submit
[ sql ] [ DB ] CONNECT:[ UseTime:0.000925s ] mysql:host=rm-bp130s0438hdc169l.mysql.rds.aliyuncs.com;port=3306;dbname=weiphp;charset=utf8mb4
[ sql ] [ SQL ] SHOW COLUMNS FROM `wp_apps` [ RunTime:0.000965s ]
[ sql ] [ SQL ] SELECT * FROM `wp_apps` WHERE  `status` = 1 [ RunTime:0.000511s ]
[ sql ] [ SQL ] SHOW COLUMNS FROM `wp_menu` [ RunTime:0.000905s ]
[ sql ] [ SQL ] SELECT * FROM `wp_menu` WHERE  `place` = 0  AND `is_hide` = 0 ORDER BY `sort` ASC,`id` ASC [ RunTime:0.000556s ]
[ sql ] [ SQL ] SELECT * FROM `wp_apps` WHERE  `status` = 1 [ RunTime:0.000552s ]
---------------------------------------------------------------
[ 2019-06-11T06:37:52+08:00 ] 115.215.218.185 GET wx.gongniuchazuo.com.cn/public/index.php/home/user/start/pbid/80
[ sql ] [ DB ] CONNECT:[ UseTime:0.000957s ] mysql:host=rm-bp130s0438hdc169l.mysql.rds.aliyuncs.com;port=3306;dbname=weiphp;charset=utf8mb4
[ sql ] [ SQL ] SHOW COLUMNS FROM `wp_apps` [ RunTime:0.000913s ]
[ sql ] [ SQL ] SELECT * FROM `wp_apps` WHERE  `status` = 1 [ RunTime:0.000503s ]
[ sql ] [ SQL ] SHOW COLUMNS FROM `wp_menu` [ RunTime:0.000995s ]
[ sql ] [ SQL ] SELECT * FROM `wp_menu` WHERE  `place` = 0  AND `is_hide` = 0 ORDER BY `sort` ASC,`id` ASC [ RunTime:0.000646s ]
[ sql ] [ SQL ] SELECT * FROM `wp_apps` WHERE  `status` = 1 [ RunTime:0.000489s ]
---------------------------------------------------------------
[ 2019-06-11T06:38:10+08:00 ] 115.215.218.185 GET wx.gongniuchazuo.com.cn/public/index.php/home/user/start/pbid/80
[ sql ] [ DB ] CONNECT:[ UseTime:0.000983s ] mysql:host=rm-bp130s0438hdc169l.mysql.rds.aliyuncs.com;port=3306;dbname=weiphp;charset=utf8mb4
[ sql ] [ SQL ] SHOW COLUMNS FROM `wp_apps` [ RunTime:0.001197s ]
[ sql ] [ SQL ] SELECT * FROM `wp_apps` WHERE  `status` = 1 [ RunTime:0.000610s ]
[ sql ] [ SQL ] SHOW COLUMNS FROM `wp_menu` [ RunTime:0.001073s ]
[ sql ] [ SQL ] SELECT * FROM `wp_menu` WHERE  `place` = 0  AND `is_hide` = 0 ORDER BY `sort` ASC,`id` ASC [ RunTime:0.000648s ]
[ sql ] [ SQL ] SELECT * FROM `wp_apps` WHERE  `status` = 1 [ RunTime:0.000528s ]
---------------------------------------------------------------
[ 2019-06-11T06:38:26+08:00 ] 61.129.8.179 GET wx.gongniuchazuo.com.cn/public/index.php/home/user/submit
[ sql ] [ DB ] CONNECT:[ UseTime:0.000986s ] mysql:host=rm-bp130s0438hdc169l.mysql.rds.aliyuncs.com;port=3306;dbname=weiphp;charset=utf8mb4
[ sql ] [ SQL ] SHOW COLUMNS FROM `wp_publics` [ RunTime:0.001015s ]
[ sql ] [ SQL ] SELECT `id` FROM `wp_publics` LIMIT 1 [ RunTime:0.000380s ]
[ sql ] [ SQL ] SHOW COLUMNS FROM `wp_apps` [ RunTime:0.000776s ]
[ sql ] [ SQL ] SELECT * FROM `wp_apps` WHERE  `status` = 1 [ RunTime:0.000524s ]
[ sql ] [ SQL ] SHOW COLUMNS FROM `wp_menu` [ RunTime:0.000774s ]
[ sql ] [ SQL ] SELECT * FROM `wp_menu` WHERE  `place` = 0  AND `is_hide` = 0 ORDER BY `sort` ASC,`id` ASC [ RunTime:0.000548s ]
[ sql ] [ SQL ] SELECT * FROM `wp_apps` WHERE  `status` = 1 [ RunTime:0.000485s ]
---------------------------------------------------------------
[ 2019-06-11T06:38:52+08:00 ] 101.89.239.230 GET wx.gongniuchazuo.com.cn/public/index.php/home/user/start/pbid/80
[ sql ] [ DB ] CONNECT:[ UseTime:0.000858s ] mysql:host=rm-bp130s0438hdc169l.mysql.rds.aliyuncs.com;port=3306;dbname=weiphp;charset=utf8mb4
[ sql ] [ SQL ] SHOW COLUMNS FROM `wp_apps` [ RunTime:0.000961s ]
[ sql ] [ SQL ] SELECT * FROM `wp_apps` WHERE  `status` = 1 [ RunTime:0.000587s ]
[ sql ] [ SQL ] SHOW COLUMNS FROM `wp_menu` [ RunTime:0.000864s ]
[ sql ] [ SQL ] SELECT * FROM `wp_menu` WHERE  `place` = 0  AND `is_hide` = 0 ORDER BY `sort` ASC,`id` ASC [ RunTime:0.000604s ]
[ sql ] [ SQL ] SELECT * FROM `wp_apps` WHERE  `status` = 1 [ RunTime:0.000541s ]
---------------------------------------------------------------
[ 2019-06-11T06:41:43+08:00 ] 115.215.218.185 GET wx.gongniuchazuo.com.cn/public/index.php/home/user/time
[ sql ] [ DB ] CONNECT:[ UseTime:0.001052s ] mysql:host=rm-bp130s0438hdc169l.mysql.rds.aliyuncs.com;port=3306;dbname=weiphp;charset=utf8mb4
[ sql ] [ SQL ] SHOW COLUMNS FROM `wp_apps` [ RunTime:0.000878s ]
[ sql ] [ SQL ] SELECT * FROM `wp_apps` WHERE  `status` = 1 [ RunTime:0.000552s ]
[ sql ] [ SQL ] SHOW COLUMNS FROM `wp_menu` [ RunTime:0.000829s ]
[ sql ] [ SQL ] SELECT * FROM `wp_menu` WHERE  `place` = 0  AND `is_hide` = 0 ORDER BY `sort` ASC,`id` ASC [ RunTime:0.000602s ]
[ sql ] [ SQL ] SELECT * FROM `wp_apps` WHERE  `status` = 1 [ RunTime:0.000504s ]
---------------------------------------------------------------
[ 2019-06-11T06:41:46+08:00 ] 115.215.218.185 GET wx.gongniuchazuo.com.cn/public/index.php/home/user/time
[ sql ] [ DB ] CONNECT:[ UseTime:0.000983s ] mysql:host=rm-bp130s0438hdc169l.mysql.rds.aliyuncs.com;port=3306;dbname=weiphp;charset=utf8mb4
[ sql ] [ SQL ] SHOW COLUMNS FROM `wp_apps` [ RunTime:0.000897s ]
[ sql ] [ SQL ] SELECT * FROM `wp_apps` WHERE  `status` = 1 [ RunTime:0.000533s ]
[ sql ] [ SQL ] SHOW COLUMNS FROM `wp_menu` [ RunTime:0.000796s ]
[ sql ] [ SQL ] SELECT * FROM `wp_menu` WHERE  `place` = 0  AND `is_hide` = 0 ORDER BY `sort` ASC,`id` ASC [ RunTime:0.000549s ]
[ sql ] [ SQL ] SELECT * FROM `wp_apps` WHERE  `status` = 1 [ RunTime:0.000492s ]
---------------------------------------------------------------
[ 2019-06-11T06:41:50+08:00 ] 115.215.218.185 GET wx.gongniuchazuo.com.cn/public/index.php/home/user/submit
[ sql ] [ DB ] CONNECT:[ UseTime:0.000945s ] mysql:host=rm-bp130s0438hdc169l.mysql.rds.aliyuncs.com;port=3306;dbname=weiphp;charset=utf8mb4
[ sql ] [ SQL ] SHOW COLUMNS FROM `wp_apps` [ RunTime:0.000938s ]
[ sql ] [ SQL ] SELECT * FROM `wp_apps` WHERE  `status` = 1 [ RunTime:0.000595s ]
[ sql ] [ SQL ] SHOW COLUMNS FROM `wp_menu` [ RunTime:0.001040s ]
[ sql ] [ SQL ] SELECT * FROM `wp_menu` WHERE  `place` = 0  AND `is_hide` = 0 ORDER BY `sort` ASC,`id` ASC [ RunTime:0.000565s ]
[ sql ] [ SQL ] SELECT * FROM `wp_apps` WHERE  `status` = 1 [ RunTime:0.000574s ]
---------------------------------------------------------------
[ 2019-06-11T06:42:43+08:00 ] 101.89.239.230 GET wx.gongniuchazuo.com.cn/public/index.php/home/user/time
[ sql ] [ DB ] CONNECT:[ UseTime:0.000862s ] mysql:host=rm-bp130s0438hdc169l.mysql.rds.aliyuncs.com;port=3306;dbname=weiphp;charset=utf8mb4
[ sql ] [ SQL ] SHOW COLUMNS FROM `wp_publics` [ RunTime:0.000974s ]
[ sql ] [ SQL ] SELECT `id` FROM `wp_publics` LIMIT 1 [ RunTime:0.000370s ]
[ sql ] [ SQL ] SHOW COLUMNS FROM `wp_apps` [ RunTime:0.000738s ]
[ sql ] [ SQL ] SELECT * FROM `wp_apps` WHERE  `status` = 1 [ RunTime:0.000487s ]
[ sql ] [ SQL ] SHOW COLUMNS FROM `wp_menu` [ RunTime:0.000771s ]
[ sql ] [ SQL ] SELECT * FROM `wp_menu` WHERE  `place` = 0  AND `is_hide` = 0 ORDER BY `sort` ASC,`id` ASC [ RunTime:0.000522s ]
[ sql ] [ SQL ] SELECT * FROM `wp_apps` WHERE  `status` = 1 [ RunTime:0.000479s ]
---------------------------------------------------------------
[ 2019-06-11T06:43:32+08:00 ] 115.215.218.185 GET wx.gongniuchazuo.com.cn/public/index.php/home/user/time
[ sql ] [ DB ] CONNECT:[ UseTime:0.000934s ] mysql:host=rm-bp130s0438hdc169l.mysql.rds.aliyuncs.com;port=3306;dbname=weiphp;charset=utf8mb4
[ sql ] [ SQL ] SHOW COLUMNS FROM `wp_apps` [ RunTime:0.001116s ]
[ sql ] [ SQL ] SELECT * FROM `wp_apps` WHERE  `status` = 1 [ RunTime:0.000616s ]
[ sql ] [ SQL ] SHOW COLUMNS FROM `wp_menu` [ RunTime:0.000805s ]
[ sql ] [ SQL ] SELECT * FROM `wp_menu` WHERE  `place` = 0  AND `is_hide` = 0 ORDER BY `sort` ASC,`id` ASC [ RunTime:0.000543s ]
[ sql ] [ SQL ] SELECT * FROM `wp_apps` WHERE  `status` = 1 [ RunTime:0.000554s ]
---------------------------------------------------------------
[ 2019-06-11T06:43:41+08:00 ] 115.215.218.185 GET wx.gongniuchazuo.com.cn/public/index.php/home/user/start/pbid/80
[ sql ] [ DB ] CONNECT:[ UseTime:0.000939s ] mysql:host=rm-bp130s0438hdc169l.mysql.rds.aliyuncs.com;port=3306;dbname=weiphp;charset=utf8mb4
[ sql ] [ SQL ] SHOW COLUMNS FROM `wp_apps` [ RunTime:0.001144s ]
[ sql ] [ SQL ] SELECT * FROM `wp_apps` WHERE  `status` = 1 [ RunTime:0.000595s ]
[ sql ] [ SQL ] SHOW COLUMNS FROM `wp_menu` [ RunTime:0.001008s ]
[ sql ] [ SQL ] SELECT * FROM `wp_menu` WHERE  `place` = 0  AND `is_hide` = 0 ORDER BY `sort` ASC,`id` ASC [ RunTime:0.000649s ]
[ sql ] [ SQL ] SELECT * FROM `wp_apps` WHERE  `status` = 1 [ RunTime:0.000578s ]
---------------------------------------------------------------
[ 2019-06-11T06:43:45+08:00 ] 115.215.218.185 GET wx.gongniuchazuo.com.cn/public/index.php/home/user/time/pbid/80
[ sql ] [ DB ] CONNECT:[ UseTime:0.000878s ] mysql:host=rm-bp130s0438hdc169l.mysql.rds.aliyuncs.com;port=3306;dbname=weiphp;charset=utf8mb4
[ sql ] [ SQL ] SHOW COLUMNS FROM `wp_apps` [ RunTime:0.000956s ]
[ sql ] [ SQL ] SELECT * FROM `wp_apps` WHERE  `status` = 1 [ RunTime:0.000545s ]
[ sql ] [ SQL ] SHOW COLUMNS FROM `wp_menu` [ RunTime:0.000816s ]
[ sql ] [ SQL ] SELECT * FROM `wp_menu` WHERE  `place` = 0  AND `is_hide` = 0 ORDER BY `sort` ASC,`id` ASC [ RunTime:0.000553s ]
[ sql ] [ SQL ] SELECT * FROM `wp_apps` WHERE  `status` = 1 [ RunTime:0.000529s ]
---------------------------------------------------------------
[ 2019-06-11T06:44:45+08:00 ] 101.91.60.109 GET wx.gongniuchazuo.com.cn/public/index.php/home/user/time/pbid/80
[ sql ] [ DB ] CONNECT:[ UseTime:0.000922s ] mysql:host=rm-bp130s0438hdc169l.mysql.rds.aliyuncs.com;port=3306;dbname=weiphp;charset=utf8mb4
[ sql ] [ SQL ] SHOW COLUMNS FROM `wp_apps` [ RunTime:0.001036s ]
[ sql ] [ SQL ] SELECT * FROM `wp_apps` WHERE  `status` = 1 [ RunTime:0.000541s ]
[ sql ] [ SQL ] SHOW COLUMNS FROM `wp_menu` [ RunTime:0.000803s ]
[ sql ] [ SQL ] SELECT * FROM `wp_menu` WHERE  `place` = 0  AND `is_hide` = 0 ORDER BY `sort` ASC,`id` ASC [ RunTime:0.000562s ]
[ sql ] [ SQL ] SELECT * FROM `wp_apps` WHERE  `status` = 1 [ RunTime:0.000485s ]
---------------------------------------------------------------
[ 2019-06-11T06:50:43+08:00 ] 115.215.218.185 GET wx.gongniuchazuo.com.cn/public/index.php/home/user/info
[ sql ] [ DB ] CONNECT:[ UseTime:0.001014s ] mysql:host=rm-bp130s0438hdc169l.mysql.rds.aliyuncs.com;port=3306;dbname=weiphp;charset=utf8mb4
[ sql ] [ SQL ] SHOW COLUMNS FROM `wp_apps` [ RunTime:0.000957s ]
[ sql ] [ SQL ] SELECT * FROM `wp_apps` WHERE  `status` = 1 [ RunTime:0.000535s ]
[ sql ] [ SQL ] SHOW COLUMNS FROM `wp_menu` [ RunTime:0.000794s ]
[ sql ] [ SQL ] SELECT * FROM `wp_menu` WHERE  `place` = 0  AND `is_hide` = 0 ORDER BY `sort` ASC,`id` ASC [ RunTime:0.000518s ]
[ sql ] [ SQL ] SELECT * FROM `wp_apps` WHERE  `status` = 1 [ RunTime:0.000498s ]
---------------------------------------------------------------
[ 2019-06-11T06:51:43+08:00 ] 101.89.29.97 GET wx.gongniuchazuo.com.cn/public/index.php/home/user/info
[ sql ] [ DB ] CONNECT:[ UseTime:0.000928s ] mysql:host=rm-bp130s0438hdc169l.mysql.rds.aliyuncs.com;port=3306;dbname=weiphp;charset=utf8mb4
[ sql ] [ SQL ] SHOW COLUMNS FROM `wp_publics` [ RunTime:0.000980s ]
[ sql ] [ SQL ] SELECT `id` FROM `wp_publics` LIMIT 1 [ RunTime:0.000395s ]
[ sql ] [ SQL ] SHOW COLUMNS FROM `wp_apps` [ RunTime:0.000817s ]
[ sql ] [ SQL ] SELECT * FROM `wp_apps` WHERE  `status` = 1 [ RunTime:0.000493s ]
[ sql ] [ SQL ] SHOW COLUMNS FROM `wp_menu` [ RunTime:0.000813s ]
[ sql ] [ SQL ] SELECT * FROM `wp_menu` WHERE  `place` = 0  AND `is_hide` = 0 ORDER BY `sort` ASC,`id` ASC [ RunTime:0.000538s ]
[ sql ] [ SQL ] SELECT * FROM `wp_apps` WHERE  `status` = 1 [ RunTime:0.000572s ]
---------------------------------------------------------------
[ 2019-06-11T06:52:10+08:00 ] 115.215.218.185 GET wx.gongniuchazuo.com.cn/public/index.php/home/user/time
[ sql ] [ DB ] CONNECT:[ UseTime:0.001020s ] mysql:host=rm-bp130s0438hdc169l.mysql.rds.aliyuncs.com;port=3306;dbname=weiphp;charset=utf8mb4
[ sql ] [ SQL ] SHOW COLUMNS FROM `wp_publics` [ RunTime:0.001276s ]
[ sql ] [ SQL ] SELECT `id` FROM `wp_publics` LIMIT 1 [ RunTime:0.000405s ]
[ sql ] [ SQL ] SHOW COLUMNS FROM `wp_apps` [ RunTime:0.001055s ]
[ sql ] [ SQL ] SELECT * FROM `wp_apps` WHERE  `status` = 1 [ RunTime:0.000575s ]
[ sql ] [ SQL ] SHOW COLUMNS FROM `wp_menu` [ RunTime:0.001004s ]
[ sql ] [ SQL ] SELECT * FROM `wp_menu` WHERE  `place` = 0  AND `is_hide` = 0 ORDER BY `sort` ASC,`id` ASC [ RunTime:0.000628s ]
[ sql ] [ SQL ] SELECT * FROM `wp_apps` WHERE  `status` = 1 [ RunTime:0.000582s ]
---------------------------------------------------------------
[ 2019-06-11T06:54:19+08:00 ] 115.215.218.185 GET wx.gongniuchazuo.com.cn/public/index.php/home/user/start
[ sql ] [ DB ] CONNECT:[ UseTime:0.001070s ] mysql:host=rm-bp130s0438hdc169l.mysql.rds.aliyuncs.com;port=3306;dbname=weiphp;charset=utf8mb4
[ sql ] [ SQL ] SHOW COLUMNS FROM `wp_apps` [ RunTime:0.000946s ]
[ sql ] [ SQL ] SELECT * FROM `wp_apps` WHERE  `status` = 1 [ RunTime:0.000555s ]
[ sql ] [ SQL ] SHOW COLUMNS FROM `wp_menu` [ RunTime:0.000880s ]
[ sql ] [ SQL ] SELECT * FROM `wp_menu` WHERE  `place` = 0  AND `is_hide` = 0 ORDER BY `sort` ASC,`id` ASC [ RunTime:0.000552s ]
[ sql ] [ SQL ] SELECT * FROM `wp_apps` WHERE  `status` = 1 [ RunTime:0.000499s ]
---------------------------------------------------------------
[ 2019-06-11T06:54:23+08:00 ] 115.215.218.185 GET wx.gongniuchazuo.com.cn/public/index.php/home/user/time/pbid/80
[ sql ] [ DB ] CONNECT:[ UseTime:0.000957s ] mysql:host=rm-bp130s0438hdc169l.mysql.rds.aliyuncs.com;port=3306;dbname=weiphp;charset=utf8mb4
[ sql ] [ SQL ] SHOW COLUMNS FROM `wp_apps` [ RunTime:0.001151s ]
[ sql ] [ SQL ] SELECT * FROM `wp_apps` WHERE  `status` = 1 [ RunTime:0.000566s ]
[ sql ] [ SQL ] SHOW COLUMNS FROM `wp_menu` [ RunTime:0.000860s ]
[ sql ] [ SQL ] SELECT * FROM `wp_menu` WHERE  `place` = 0  AND `is_hide` = 0 ORDER BY `sort` ASC,`id` ASC [ RunTime:0.000567s ]
[ sql ] [ SQL ] SELECT * FROM `wp_apps` WHERE  `status` = 1 [ RunTime:0.000491s ]
---------------------------------------------------------------
[ 2019-06-11T07:19:20+08:00 ] 112.17.239.202 GET wx.gongniuchazuo.com.cn/public/index.php/home/user/start
[ sql ] [ DB ] CONNECT:[ UseTime:0.001013s ] mysql:host=rm-bp130s0438hdc169l.mysql.rds.aliyuncs.com;port=3306;dbname=weiphp;charset=utf8mb4
[ sql ] [ SQL ] SHOW COLUMNS FROM `wp_apps` [ RunTime:0.000970s ]
[ sql ] [ SQL ] SELECT * FROM `wp_apps` WHERE  `status` = 1 [ RunTime:0.000568s ]
[ sql ] [ SQL ] SHOW COLUMNS FROM `wp_menu` [ RunTime:0.000863s ]
[ sql ] [ SQL ] SELECT * FROM `wp_menu` WHERE  `place` = 0  AND `is_hide` = 0 ORDER BY `sort` ASC,`id` ASC [ RunTime:0.000566s ]
[ sql ] [ SQL ] SELECT * FROM `wp_apps` WHERE  `status` = 1 [ RunTime:0.000571s ]
---------------------------------------------------------------
[ 2019-06-11T07:19:46+08:00 ] 112.17.239.202 GET wx.gongniuchazuo.com.cn/public/index.php/home/user/time
[ sql ] [ DB ] CONNECT:[ UseTime:0.001014s ] mysql:host=rm-bp130s0438hdc169l.mysql.rds.aliyuncs.com;port=3306;dbname=weiphp;charset=utf8mb4
[ sql ] [ SQL ] SHOW COLUMNS FROM `wp_apps` [ RunTime:0.000996s ]
[ sql ] [ SQL ] SELECT * FROM `wp_apps` WHERE  `status` = 1 [ RunTime:0.000614s ]
[ sql ] [ SQL ] SHOW COLUMNS FROM `wp_menu` [ RunTime:0.000807s ]
[ sql ] [ SQL ] SELECT * FROM `wp_menu` WHERE  `place` = 0  AND `is_hide` = 0 ORDER BY `sort` ASC,`id` ASC [ RunTime:0.000551s ]
[ sql ] [ SQL ] SELECT * FROM `wp_apps` WHERE  `status` = 1 [ RunTime:0.000506s ]
---------------------------------------------------------------
[ 2019-06-11T07:28:21+08:00 ] 112.17.239.202 GET wx.gongniuchazuo.com.cn/public/index.php/home/user/start
[ sql ] [ DB ] CONNECT:[ UseTime:0.001038s ] mysql:host=rm-bp130s0438hdc169l.mysql.rds.aliyuncs.com;port=3306;dbname=weiphp;charset=utf8mb4
[ sql ] [ SQL ] SHOW COLUMNS FROM `wp_apps` [ RunTime:0.000974s ]
[ sql ] [ SQL ] SELECT * FROM `wp_apps` WHERE  `status` = 1 [ RunTime:0.000658s ]
[ sql ] [ SQL ] SHOW COLUMNS FROM `wp_menu` [ RunTime:0.000806s ]
[ sql ] [ SQL ] SELECT * FROM `wp_menu` WHERE  `place` = 0  AND `is_hide` = 0 ORDER BY `sort` ASC,`id` ASC [ RunTime:0.000628s ]
[ sql ] [ SQL ] SELECT * FROM `wp_apps` WHERE  `status` = 1 [ RunTime:0.000571s ]
---------------------------------------------------------------
[ 2019-06-11T07:28:25+08:00 ] 112.17.239.202 GET wx.gongniuchazuo.com.cn/public/index.php/home/user/submit
[ sql ] [ DB ] CONNECT:[ UseTime:0.000967s ] mysql:host=rm-bp130s0438hdc169l.mysql.rds.aliyuncs.com;port=3306;dbname=weiphp;charset=utf8mb4
[ sql ] [ SQL ] SHOW COLUMNS FROM `wp_apps` [ RunTime:0.001201s ]
[ sql ] [ SQL ] SELECT * FROM `wp_apps` WHERE  `status` = 1 [ RunTime:0.000607s ]
[ sql ] [ SQL ] SHOW COLUMNS FROM `wp_menu` [ RunTime:0.000988s ]
[ sql ] [ SQL ] SELECT * FROM `wp_menu` WHERE  `place` = 0  AND `is_hide` = 0 ORDER BY `sort` ASC,`id` ASC [ RunTime:0.000662s ]
[ sql ] [ SQL ] SELECT * FROM `wp_apps` WHERE  `status` = 1 [ RunTime:0.000598s ]
---------------------------------------------------------------
[ 2019-06-11T07:28:51+08:00 ] 112.17.239.202 GET wx.gongniuchazuo.com.cn/public/index.php/home/user/submit
[ sql ] [ DB ] CONNECT:[ UseTime:0.001021s ] mysql:host=rm-bp130s0438hdc169l.mysql.rds.aliyuncs.com;port=3306;dbname=weiphp;charset=utf8mb4
[ sql ] [ SQL ] SHOW COLUMNS FROM `wp_apps` [ RunTime:0.000971s ]
[ sql ] [ SQL ] SELECT * FROM `wp_apps` WHERE  `status` = 1 [ RunTime:0.000529s ]
[ sql ] [ SQL ] SHOW COLUMNS FROM `wp_menu` [ RunTime:0.000831s ]
[ sql ] [ SQL ] SELECT * FROM `wp_menu` WHERE  `place` = 0  AND `is_hide` = 0 ORDER BY `sort` ASC,`id` ASC [ RunTime:0.000655s ]
[ sql ] [ SQL ] SELECT * FROM `wp_apps` WHERE  `status` = 1 [ RunTime:0.000566s ]
---------------------------------------------------------------
[ 2019-06-11T07:29:00+08:00 ] 112.17.239.202 GET wx.gongniuchazuo.com.cn/public/index.php/home/user/start
[ sql ] [ DB ] CONNECT:[ UseTime:0.001009s ] mysql:host=rm-bp130s0438hdc169l.mysql.rds.aliyuncs.com;port=3306;dbname=weiphp;charset=utf8mb4
[ sql ] [ SQL ] SHOW COLUMNS FROM `wp_apps` [ RunTime:0.001017s ]
[ sql ] [ SQL ] SELECT * FROM `wp_apps` WHERE  `status` = 1 [ RunTime:0.000647s ]
[ sql ] [ SQL ] SHOW COLUMNS FROM `wp_menu` [ RunTime:0.000898s ]
[ sql ] [ SQL ] SELECT * FROM `wp_menu` WHERE  `place` = 0  AND `is_hide` = 0 ORDER BY `sort` ASC,`id` ASC [ RunTime:0.000627s ]
[ sql ] [ SQL ] SELECT * FROM `wp_apps` WHERE  `status` = 1 [ RunTime:0.000574s ]
---------------------------------------------------------------
[ 2019-06-11T07:29:05+08:00 ] 101.227.139.161 GET wx.gongniuchazuo.com.cn/public/index.php/home/user/start
[ sql ] [ DB ] CONNECT:[ UseTime:0.001037s ] mysql:host=rm-bp130s0438hdc169l.mysql.rds.aliyuncs.com;port=3306;dbname=weiphp;charset=utf8mb4
[ sql ] [ SQL ] SHOW COLUMNS FROM `wp_publics` [ RunTime:0.001014s ]
[ sql ] [ SQL ] SELECT `id` FROM `wp_publics` LIMIT 1 [ RunTime:0.000384s ]
[ sql ] [ SQL ] SHOW COLUMNS FROM `wp_apps` [ RunTime:0.000993s ]
[ sql ] [ SQL ] SELECT * FROM `wp_apps` WHERE  `status` = 1 [ RunTime:0.000587s ]
[ sql ] [ SQL ] SHOW COLUMNS FROM `wp_menu` [ RunTime:0.000813s ]
[ sql ] [ SQL ] SELECT * FROM `wp_menu` WHERE  `place` = 0  AND `is_hide` = 0 ORDER BY `sort` ASC,`id` ASC [ RunTime:0.000636s ]
[ sql ] [ SQL ] SELECT * FROM `wp_apps` WHERE  `status` = 1 [ RunTime:0.000526s ]
---------------------------------------------------------------
[ 2019-06-11T07:29:19+08:00 ] 101.227.139.172 GET wx.gongniuchazuo.com.cn/public/index.php/home/user/time
[ sql ] [ DB ] CONNECT:[ UseTime:0.001019s ] mysql:host=rm-bp130s0438hdc169l.mysql.rds.aliyuncs.com;port=3306;dbname=weiphp;charset=utf8mb4
[ sql ] [ SQL ] SHOW COLUMNS FROM `wp_publics` [ RunTime:0.001088s ]
[ sql ] [ SQL ] SELECT `id` FROM `wp_publics` LIMIT 1 [ RunTime:0.000422s ]
[ sql ] [ SQL ] SHOW COLUMNS FROM `wp_apps` [ RunTime:0.000935s ]
[ sql ] [ SQL ] SELECT * FROM `wp_apps` WHERE  `status` = 1 [ RunTime:0.000578s ]
[ sql ] [ SQL ] SHOW COLUMNS FROM `wp_menu` [ RunTime:0.000872s ]
[ sql ] [ SQL ] SELECT * FROM `wp_menu` WHERE  `place` = 0  AND `is_hide` = 0 ORDER BY `sort` ASC,`id` ASC [ RunTime:0.000557s ]
[ sql ] [ SQL ] SELECT * FROM `wp_apps` WHERE  `status` = 1 [ RunTime:0.000561s ]
---------------------------------------------------------------
[ 2019-06-11T07:29:20+08:00 ] 101.227.139.172 GET wx.gongniuchazuo.com.cn/public/index.php/home/user/submit
[ sql ] [ DB ] CONNECT:[ UseTime:0.000928s ] mysql:host=rm-bp130s0438hdc169l.mysql.rds.aliyuncs.com;port=3306;dbname=weiphp;charset=utf8mb4
[ sql ] [ SQL ] SHOW COLUMNS FROM `wp_publics` [ RunTime:0.001048s ]
[ sql ] [ SQL ] SELECT `id` FROM `wp_publics` LIMIT 1 [ RunTime:0.000417s ]
[ sql ] [ SQL ] SHOW COLUMNS FROM `wp_apps` [ RunTime:0.000799s ]
[ sql ] [ SQL ] SELECT * FROM `wp_apps` WHERE  `status` = 1 [ RunTime:0.000544s ]
[ sql ] [ SQL ] SHOW COLUMNS FROM `wp_menu` [ RunTime:0.000900s ]
[ sql ] [ SQL ] SELECT * FROM `wp_menu` WHERE  `place` = 0  AND `is_hide` = 0 ORDER BY `sort` ASC,`id` ASC [ RunTime:0.000598s ]
[ sql ] [ SQL ] SELECT * FROM `wp_apps` WHERE  `status` = 1 [ RunTime:0.000550s ]
---------------------------------------------------------------
[ 2019-06-11T07:29:25+08:00 ] 101.227.139.172 GET wx.gongniuchazuo.com.cn/public/index.php/home/user/info
[ sql ] [ DB ] CONNECT:[ UseTime:0.000939s ] mysql:host=rm-bp130s0438hdc169l.mysql.rds.aliyuncs.com;port=3306;dbname=weiphp;charset=utf8mb4
[ sql ] [ SQL ] SHOW COLUMNS FROM `wp_publics` [ RunTime:0.001092s ]
[ sql ] [ SQL ] SELECT `id` FROM `wp_publics` LIMIT 1 [ RunTime:0.000455s ]
[ sql ] [ SQL ] SHOW COLUMNS FROM `wp_apps` [ RunTime:0.000893s ]
[ sql ] [ SQL ] SELECT * FROM `wp_apps` WHERE  `status` = 1 [ RunTime:0.000587s ]
[ sql ] [ SQL ] SHOW COLUMNS FROM `wp_menu` [ RunTime:0.000871s ]
[ sql ] [ SQL ] SELECT * FROM `wp_menu` WHERE  `place` = 0  AND `is_hide` = 0 ORDER BY `sort` ASC,`id` ASC [ RunTime:0.000676s ]
[ sql ] [ SQL ] SELECT * FROM `wp_apps` WHERE  `status` = 1 [ RunTime:0.000588s ]
---------------------------------------------------------------
[ 2019-06-11T07:33:07+08:00 ] 112.17.239.202 GET wx.gongniuchazuo.com.cn/public/index.php/home/user/start
[ sql ] [ DB ] CONNECT:[ UseTime:0.000985s ] mysql:host=rm-bp130s0438hdc169l.mysql.rds.aliyuncs.com;port=3306;dbname=weiphp;charset=utf8mb4
[ sql ] [ SQL ] SHOW COLUMNS FROM `wp_apps` [ RunTime:0.000967s ]
[ sql ] [ SQL ] SELECT * FROM `wp_apps` WHERE  `status` = 1 [ RunTime:0.000589s ]
[ sql ] [ SQL ] SHOW COLUMNS FROM `wp_menu` [ RunTime:0.000872s ]
[ sql ] [ SQL ] SELECT * FROM `wp_menu` WHERE  `place` = 0  AND `is_hide` = 0 ORDER BY `sort` ASC,`id` ASC [ RunTime:0.000552s ]
[ sql ] [ SQL ] SELECT * FROM `wp_apps` WHERE  `status` = 1 [ RunTime:0.000521s ]
---------------------------------------------------------------
[ 2019-06-11T07:39:44+08:00 ] 39.180.43.224 GET wx.gongniuchazuo.com.cn/public/index.php/home/user/time
[ sql ] [ DB ] CONNECT:[ UseTime:0.001002s ] mysql:host=rm-bp130s0438hdc169l.mysql.rds.aliyuncs.com;port=3306;dbname=weiphp;charset=utf8mb4
[ sql ] [ SQL ] SHOW COLUMNS FROM `wp_publics` [ RunTime:0.000990s ]
[ sql ] [ SQL ] SELECT `id` FROM `wp_publics` LIMIT 1 [ RunTime:0.000392s ]
[ sql ] [ SQL ] SHOW COLUMNS FROM `wp_apps` [ RunTime:0.000820s ]
[ sql ] [ SQL ] SELECT * FROM `wp_apps` WHERE  `status` = 1 [ RunTime:0.000512s ]
[ sql ] [ SQL ] SHOW COLUMNS FROM `wp_menu` [ RunTime:0.000818s ]
[ sql ] [ SQL ] SELECT * FROM `wp_menu` WHERE  `place` = 0  AND `is_hide` = 0 ORDER BY `sort` ASC,`id` ASC [ RunTime:0.000560s ]
[ sql ] [ SQL ] SHOW COLUMNS FROM `wp_user` [ RunTime:0.000941s ]
[ sql ] [ SQL ] SELECT * FROM `wp_user` WHERE  `uid` = 1 LIMIT 1 [ RunTime:0.000505s ]
[ sql ] [ SQL ] SHOW COLUMNS FROM `wp_public_follow` [ RunTime:0.000862s ]
[ sql ] [ SQL ] SELECT `openid`,`uid`,`has_subscribe`,`syc_status`,`remark`,`unionid`,`pbid` FROM `wp_public_follow` WHERE  ( uid='1' ) [ RunTime:0.000461s ]
[ sql ] [ SQL ] SHOW COLUMNS FROM `wp_user_tag_link` [ RunTime:0.000725s ]
[ sql ] [ SQL ] SELECT `tag_id` FROM `wp_user_tag_link` WHERE  `uid` = 1 [ RunTime:0.000356s ]
[ sql ] [ SQL ] SHOW COLUMNS FROM `wp_auth_group_access` [ RunTime:0.000699s ]
[ sql ] [ SQL ] SELECT * FROM `wp_auth_group_access` `a` INNER JOIN `wp_auth_group` `s` ON `a`.`group_id`=`s`.`id` WHERE  `uid` = 1 [ RunTime:0.000473s ]
[ sql ] [ SQL ] SELECT * FROM `wp_apps` WHERE  `status` = 1 [ RunTime:0.000499s ]
---------------------------------------------------------------
[ 2019-06-11T07:39:52+08:00 ] 39.180.43.224 GET wx.gongniuchazuo.com.cn/public/index.php/home/user/info
[ sql ] [ DB ] CONNECT:[ UseTime:0.001092s ] mysql:host=rm-bp130s0438hdc169l.mysql.rds.aliyuncs.com;port=3306;dbname=weiphp;charset=utf8mb4
[ sql ] [ SQL ] SHOW COLUMNS FROM `wp_publics` [ RunTime:0.001010s ]
[ sql ] [ SQL ] SELECT `id` FROM `wp_publics` LIMIT 1 [ RunTime:0.000369s ]
[ sql ] [ SQL ] SHOW COLUMNS FROM `wp_apps` [ RunTime:0.000777s ]
[ sql ] [ SQL ] SELECT * FROM `wp_apps` WHERE  `status` = 1 [ RunTime:0.000558s ]
[ sql ] [ SQL ] SHOW COLUMNS FROM `wp_menu` [ RunTime:0.000785s ]
[ sql ] [ SQL ] SELECT * FROM `wp_menu` WHERE  `place` = 0  AND `is_hide` = 0 ORDER BY `sort` ASC,`id` ASC [ RunTime:0.000521s ]
[ sql ] [ SQL ] SELECT * FROM `wp_apps` WHERE  `status` = 1 [ RunTime:0.000485s ]
---------------------------------------------------------------
[ 2019-06-11T07:40:46+08:00 ] 101.89.29.86 GET wx.gongniuchazuo.com.cn/public/index.php/home/user/time
[ sql ] [ DB ] CONNECT:[ UseTime:0.000810s ] mysql:host=rm-bp130s0438hdc169l.mysql.rds.aliyuncs.com;port=3306;dbname=weiphp;charset=utf8mb4
[ sql ] [ SQL ] SHOW COLUMNS FROM `wp_publics` [ RunTime:0.001109s ]
[ sql ] [ SQL ] SELECT `id` FROM `wp_publics` LIMIT 1 [ RunTime:0.000375s ]
[ sql ] [ SQL ] SHOW COLUMNS FROM `wp_apps` [ RunTime:0.001038s ]
[ sql ] [ SQL ] SELECT * FROM `wp_apps` WHERE  `status` = 1 [ RunTime:0.000523s ]
[ sql ] [ SQL ] SHOW COLUMNS FROM `wp_menu` [ RunTime:0.000830s ]
[ sql ] [ SQL ] SELECT * FROM `wp_menu` WHERE  `place` = 0  AND `is_hide` = 0 ORDER BY `sort` ASC,`id` ASC [ RunTime:0.000544s ]
[ sql ] [ SQL ] SELECT * FROM `wp_apps` WHERE  `status` = 1 [ RunTime:0.000505s ]
---------------------------------------------------------------
[ 2019-06-11T07:40:51+08:00 ] 61.151.207.186 GET wx.gongniuchazuo.com.cn/public/index.php/home/user/info
[ sql ] [ DB ] CONNECT:[ UseTime:0.000864s ] mysql:host=rm-bp130s0438hdc169l.mysql.rds.aliyuncs.com;port=3306;dbname=weiphp;charset=utf8mb4
[ sql ] [ SQL ] SHOW COLUMNS FROM `wp_publics` [ RunTime:0.001267s ]
[ sql ] [ SQL ] SELECT `id` FROM `wp_publics` LIMIT 1 [ RunTime:0.000374s ]
[ sql ] [ SQL ] SHOW COLUMNS FROM `wp_apps` [ RunTime:0.000817s ]
[ sql ] [ SQL ] SELECT * FROM `wp_apps` WHERE  `status` = 1 [ RunTime:0.000488s ]
[ sql ] [ SQL ] SHOW COLUMNS FROM `wp_menu` [ RunTime:0.000809s ]
[ sql ] [ SQL ] SELECT * FROM `wp_menu` WHERE  `place` = 0  AND `is_hide` = 0 ORDER BY `sort` ASC,`id` ASC [ RunTime:0.000515s ]
[ sql ] [ SQL ] SELECT * FROM `wp_apps` WHERE  `status` = 1 [ RunTime:0.000479s ]
---------------------------------------------------------------
[ 2019-06-11T07:50:25+08:00 ] 112.17.239.202 GET wx.gongniuchazuo.com.cn/public/index.php/home/user/info
[ sql ] [ DB ] CONNECT:[ UseTime:0.000975s ] mysql:host=rm-bp130s0438hdc169l.mysql.rds.aliyuncs.com;port=3306;dbname=weiphp;charset=utf8mb4
[ sql ] [ SQL ] SHOW COLUMNS FROM `wp_apps` [ RunTime:0.001052s ]
[ sql ] [ SQL ] SELECT * FROM `wp_apps` WHERE  `status` = 1 [ RunTime:0.000571s ]
[ sql ] [ SQL ] SHOW COLUMNS FROM `wp_menu` [ RunTime:0.000907s ]
[ sql ] [ SQL ] SELECT * FROM `wp_menu` WHERE  `place` = 0  AND `is_hide` = 0 ORDER BY `sort` ASC,`id` ASC [ RunTime:0.000602s ]
[ sql ] [ SQL ] SELECT * FROM `wp_apps` WHERE  `status` = 1 [ RunTime:0.000509s ]
---------------------------------------------------------------
[ 2019-06-11T07:51:35+08:00 ] 112.17.239.202 GET wx.gongniuchazuo.com.cn/public/index.php/home/user/info
[ sql ] [ DB ] CONNECT:[ UseTime:0.000991s ] mysql:host=rm-bp130s0438hdc169l.mysql.rds.aliyuncs.com;port=3306;dbname=weiphp;charset=utf8mb4
[ sql ] [ SQL ] SHOW COLUMNS FROM `wp_apps` [ RunTime:0.001031s ]
[ sql ] [ SQL ] SELECT * FROM `wp_apps` WHERE  `status` = 1 [ RunTime:0.000551s ]
[ sql ] [ SQL ] SHOW COLUMNS FROM `wp_menu` [ RunTime:0.000790s ]
[ sql ] [ SQL ] SELECT * FROM `wp_menu` WHERE  `place` = 0  AND `is_hide` = 0 ORDER BY `sort` ASC,`id` ASC [ RunTime:0.000569s ]
[ sql ] [ SQL ] SELECT * FROM `wp_apps` WHERE  `status` = 1 [ RunTime:0.000499s ]
---------------------------------------------------------------
[ 2019-06-11T07:53:05+08:00 ] 112.17.239.202 GET wx.gongniuchazuo.com.cn/public/index.php/home/user/start
[ sql ] [ DB ] CONNECT:[ UseTime:0.001020s ] mysql:host=rm-bp130s0438hdc169l.mysql.rds.aliyuncs.com;port=3306;dbname=weiphp;charset=utf8mb4
[ sql ] [ SQL ] SHOW COLUMNS FROM `wp_apps` [ RunTime:0.000917s ]
[ sql ] [ SQL ] SELECT * FROM `wp_apps` WHERE  `status` = 1 [ RunTime:0.000530s ]
[ sql ] [ SQL ] SHOW COLUMNS FROM `wp_menu` [ RunTime:0.000840s ]
[ sql ] [ SQL ] SELECT * FROM `wp_menu` WHERE  `place` = 0  AND `is_hide` = 0 ORDER BY `sort` ASC,`id` ASC [ RunTime:0.000564s ]
[ sql ] [ SQL ] SELECT * FROM `wp_apps` WHERE  `status` = 1 [ RunTime:0.000489s ]
---------------------------------------------------------------
[ 2019-06-11T07:55:49+08:00 ] 115.231.56.230 GET wx.gongniuchazuo.com.cn/public/index.php/home/user/start
[ sql ] [ DB ] CONNECT:[ UseTime:0.000948s ] mysql:host=rm-bp130s0438hdc169l.mysql.rds.aliyuncs.com;port=3306;dbname=weiphp;charset=utf8mb4
[ sql ] [ SQL ] SHOW COLUMNS FROM `wp_publics` [ RunTime:0.000995s ]
[ sql ] [ SQL ] SELECT `id` FROM `wp_publics` LIMIT 1 [ RunTime:0.000395s ]
[ sql ] [ SQL ] SHOW COLUMNS FROM `wp_apps` [ RunTime:0.000782s ]
[ sql ] [ SQL ] SELECT * FROM `wp_apps` WHERE  `status` = 1 [ RunTime:0.000512s ]
[ sql ] [ SQL ] SHOW COLUMNS FROM `wp_menu` [ RunTime:0.001035s ]
[ sql ] [ SQL ] SELECT * FROM `wp_menu` WHERE  `place` = 0  AND `is_hide` = 0 ORDER BY `sort` ASC,`id` ASC [ RunTime:0.000644s ]
[ sql ] [ SQL ] SELECT * FROM `wp_apps` WHERE  `status` = 1 [ RunTime:0.000595s ]
---------------------------------------------------------------
[ 2019-06-11T07:56:06+08:00 ] 115.231.56.230 GET wx.gongniuchazuo.com.cn/public/index.php/home/user/submit
[ sql ] [ DB ] CONNECT:[ UseTime:0.000993s ] mysql:host=rm-bp130s0438hdc169l.mysql.rds.aliyuncs.com;port=3306;dbname=weiphp;charset=utf8mb4
[ sql ] [ SQL ] SHOW COLUMNS FROM `wp_publics` [ RunTime:0.001128s ]
[ sql ] [ SQL ] SELECT `id` FROM `wp_publics` LIMIT 1 [ RunTime:0.000405s ]
[ sql ] [ SQL ] SHOW COLUMNS FROM `wp_apps` [ RunTime:0.001121s ]
[ sql ] [ SQL ] SELECT * FROM `wp_apps` WHERE  `status` = 1 [ RunTime:0.000565s ]
[ sql ] [ SQL ] SHOW COLUMNS FROM `wp_menu` [ RunTime:0.000913s ]
[ sql ] [ SQL ] SELECT * FROM `wp_menu` WHERE  `place` = 0  AND `is_hide` = 0 ORDER BY `sort` ASC,`id` ASC [ RunTime:0.000626s ]
[ sql ] [ SQL ] SELECT * FROM `wp_apps` WHERE  `status` = 1 [ RunTime:0.000531s ]
---------------------------------------------------------------
[ 2019-06-11T15:15:13+08:00 ] 47.92.107.192 GET wx.gongniuchazuo.com.cn/./public/index.php
[ sql ] [ DB ] CONNECT:[ UseTime:0.000941s ] mysql:host=rm-bp130s0438hdc169l.mysql.rds.aliyuncs.com;port=3306;dbname=weiphp;charset=utf8mb4
[ sql ] [ SQL ] SHOW COLUMNS FROM `wp_publics` [ RunTime:0.001223s ]
[ sql ] [ SQL ] SELECT `id` FROM `wp_publics` LIMIT 1 [ RunTime:0.000394s ]
[ sql ] [ SQL ] SHOW COLUMNS FROM `wp_apps` [ RunTime:0.000827s ]
[ sql ] [ SQL ] SELECT * FROM `wp_apps` WHERE  `status` = 1 [ RunTime:0.000526s ]
[ sql ] [ SQL ] SHOW COLUMNS FROM `wp_menu` [ RunTime:0.000791s ]
[ sql ] [ SQL ] SELECT * FROM `wp_menu` WHERE  `place` = 0  AND `is_hide` = 0 ORDER BY `sort` ASC,`id` ASC [ RunTime:0.000540s ]
[ sql ] [ SQL ] SHOW COLUMNS FROM `wp_user` [ RunTime:0.000953s ]
[ sql ] [ SQL ] SELECT * FROM `wp_user` WHERE  `uid` = 1 LIMIT 1 [ RunTime:0.000507s ]
[ sql ] [ SQL ] SHOW COLUMNS FROM `wp_public_follow` [ RunTime:0.000717s ]
[ sql ] [ SQL ] SELECT `openid`,`uid`,`has_subscribe`,`syc_status`,`remark`,`unionid`,`pbid` FROM `wp_public_follow` WHERE  ( uid='1' ) [ RunTime:0.000410s ]
[ sql ] [ SQL ] SHOW COLUMNS FROM `wp_user_tag_link` [ RunTime:0.000702s ]
[ sql ] [ SQL ] SELECT `tag_id` FROM `wp_user_tag_link` WHERE  `uid` = 1 [ RunTime:0.000350s ]
[ sql ] [ SQL ] SHOW COLUMNS FROM `wp_auth_group_access` [ RunTime:0.000695s ]
[ sql ] [ SQL ] SELECT * FROM `wp_auth_group_access` `a` INNER JOIN `wp_auth_group` `s` ON `a`.`group_id`=`s`.`id` WHERE  `uid` = 1 [ RunTime:0.000499s ]
[ sql ] [ SQL ] SHOW COLUMNS FROM `wp_public_auth` [ RunTime:0.000761s ]
[ sql ] [ SQL ] SELECT `name`,type_3 as val FROM `wp_public_auth` [ RunTime:0.000416s ]
[ sql ] [ SQL ] SELECT * FROM `wp_apps` WHERE  `status` = 1 [ RunTime:0.000466s ]
---------------------------------------------------------------
[ 2019-06-11T20:01:25+08:00 ] 115.215.218.28 GET wx.gongniuchazuo.com.cn/public/index.php/home/user/start
[ sql ] [ DB ] CONNECT:[ UseTime:0.001061s ] mysql:host=rm-bp130s0438hdc169l.mysql.rds.aliyuncs.com;port=3306;dbname=weiphp;charset=utf8mb4
[ sql ] [ SQL ] SHOW COLUMNS FROM `wp_publics` [ RunTime:0.001094s ]
[ sql ] [ SQL ] SELECT `id` FROM `wp_publics` LIMIT 1 [ RunTime:0.000412s ]
[ sql ] [ SQL ] SHOW COLUMNS FROM `wp_apps` [ RunTime:0.000789s ]
[ sql ] [ SQL ] SELECT * FROM `wp_apps` WHERE  `status` = 1 [ RunTime:0.000521s ]
[ sql ] [ SQL ] SHOW COLUMNS FROM `wp_menu` [ RunTime:0.000804s ]
[ sql ] [ SQL ] SELECT * FROM `wp_menu` WHERE  `place` = 0  AND `is_hide` = 0 ORDER BY `sort` ASC,`id` ASC [ RunTime:0.000560s ]
[ sql ] [ SQL ] SHOW COLUMNS FROM `wp_user` [ RunTime:0.000983s ]
[ sql ] [ SQL ] SELECT * FROM `wp_user` WHERE  `uid` = 1 LIMIT 1 [ RunTime:0.000519s ]
[ sql ] [ SQL ] SHOW COLUMNS FROM `wp_public_follow` [ RunTime:0.000741s ]
[ sql ] [ SQL ] SELECT `openid`,`uid`,`has_subscribe`,`syc_status`,`remark`,`unionid`,`pbid` FROM `wp_public_follow` WHERE  ( uid='1' ) [ RunTime:0.000434s ]
[ sql ] [ SQL ] SHOW COLUMNS FROM `wp_user_tag_link` [ RunTime:0.000726s ]
[ sql ] [ SQL ] SELECT `tag_id` FROM `wp_user_tag_link` WHERE  `uid` = 1 [ RunTime:0.000386s ]
[ sql ] [ SQL ] SHOW COLUMNS FROM `wp_auth_group_access` [ RunTime:0.000763s ]
[ sql ] [ SQL ] SELECT * FROM `wp_auth_group_access` `a` INNER JOIN `wp_auth_group` `s` ON `a`.`group_id`=`s`.`id` WHERE  `uid` = 1 [ RunTime:0.000517s ]
[ sql ] [ SQL ] SELECT * FROM `wp_apps` WHERE  `status` = 1 [ RunTime:0.000484s ]
---------------------------------------------------------------
[ 2019-06-11T20:02:04+08:00 ] 115.215.218.28 GET wx.gongniuchazuo.com.cn/public/index.php/home/user/start
[ sql ] [ DB ] CONNECT:[ UseTime:0.001053s ] mysql:host=rm-bp130s0438hdc169l.mysql.rds.aliyuncs.com;port=3306;dbname=weiphp;charset=utf8mb4
[ sql ] [ SQL ] SHOW COLUMNS FROM `wp_apps` [ RunTime:0.001065s ]
[ sql ] [ SQL ] SELECT * FROM `wp_apps` WHERE  `status` = 1 [ RunTime:0.000530s ]
[ sql ] [ SQL ] SHOW COLUMNS FROM `wp_menu` [ RunTime:0.000819s ]
[ sql ] [ SQL ] SELECT * FROM `wp_menu` WHERE  `place` = 0  AND `is_hide` = 0 ORDER BY `sort` ASC,`id` ASC [ RunTime:0.000568s ]
[ sql ] [ SQL ] SELECT * FROM `wp_apps` WHERE  `status` = 1 [ RunTime:0.000531s ]
---------------------------------------------------------------
[ 2019-06-11T20:02:32+08:00 ] 115.215.218.28 GET wx.gongniuchazuo.com.cn/public/index.php/home/user/time/pbid/80
[ sql ] [ DB ] CONNECT:[ UseTime:0.001104s ] mysql:host=rm-bp130s0438hdc169l.mysql.rds.aliyuncs.com;port=3306;dbname=weiphp;charset=utf8mb4
[ sql ] [ SQL ] SHOW COLUMNS FROM `wp_apps` [ RunTime:0.000950s ]
[ sql ] [ SQL ] SELECT * FROM `wp_apps` WHERE  `status` = 1 [ RunTime:0.000606s ]
[ sql ] [ SQL ] SHOW COLUMNS FROM `wp_menu` [ RunTime:0.000893s ]
[ sql ] [ SQL ] SELECT * FROM `wp_menu` WHERE  `place` = 0  AND `is_hide` = 0 ORDER BY `sort` ASC,`id` ASC [ RunTime:0.000634s ]
[ sql ] [ SQL ] SELECT * FROM `wp_apps` WHERE  `status` = 1 [ RunTime:0.000579s ]
---------------------------------------------------------------
[ 2019-06-11T20:02:41+08:00 ] 115.215.218.28 GET wx.gongniuchazuo.com.cn/public/index.php/home/user/info/pbid/80
[ sql ] [ DB ] CONNECT:[ UseTime:0.000893s ] mysql:host=rm-bp130s0438hdc169l.mysql.rds.aliyuncs.com;port=3306;dbname=weiphp;charset=utf8mb4
[ sql ] [ SQL ] SHOW COLUMNS FROM `wp_apps` [ RunTime:0.000909s ]
[ sql ] [ SQL ] SELECT * FROM `wp_apps` WHERE  `status` = 1 [ RunTime:0.000536s ]
[ sql ] [ SQL ] SHOW COLUMNS FROM `wp_menu` [ RunTime:0.000785s ]
[ sql ] [ SQL ] SELECT * FROM `wp_menu` WHERE  `place` = 0  AND `is_hide` = 0 ORDER BY `sort` ASC,`id` ASC [ RunTime:0.000537s ]
[ sql ] [ SQL ] SELECT * FROM `wp_apps` WHERE  `status` = 1 [ RunTime:0.000502s ]
---------------------------------------------------------------
[ 2019-06-11T20:03:01+08:00 ] 115.215.218.28 GET wx.gongniuchazuo.com.cn/public/index.php/home/user/info/pbid/time.html
[ sql ] [ DB ] CONNECT:[ UseTime:0.000852s ] mysql:host=rm-bp130s0438hdc169l.mysql.rds.aliyuncs.com;port=3306;dbname=weiphp;charset=utf8mb4
[ sql ] [ SQL ] SHOW COLUMNS FROM `wp_apps` [ RunTime:0.001153s ]
[ sql ] [ SQL ] SELECT * FROM `wp_apps` WHERE  `status` = 1 [ RunTime:0.000595s ]
[ sql ] [ SQL ] SHOW COLUMNS FROM `wp_menu` [ RunTime:0.000868s ]
[ sql ] [ SQL ] SELECT * FROM `wp_menu` WHERE  `place` = 0  AND `is_hide` = 0 ORDER BY `sort` ASC,`id` ASC [ RunTime:0.000543s ]
[ sql ] [ SQL ] SELECT * FROM `wp_apps` WHERE  `status` = 1 [ RunTime:0.000508s ]
---------------------------------------------------------------
[ 2019-06-11T20:03:02+08:00 ] 115.215.218.28 GET wx.gongniuchazuo.com.cn/public/index.php/home/user/info/pbid/time.html
[ sql ] [ DB ] CONNECT:[ UseTime:0.000934s ] mysql:host=rm-bp130s0438hdc169l.mysql.rds.aliyuncs.com;port=3306;dbname=weiphp;charset=utf8mb4
[ sql ] [ SQL ] SHOW COLUMNS FROM `wp_apps` [ RunTime:0.000934s ]
[ sql ] [ SQL ] SELECT * FROM `wp_apps` WHERE  `status` = 1 [ RunTime:0.000538s ]
[ sql ] [ SQL ] SHOW COLUMNS FROM `wp_menu` [ RunTime:0.001047s ]
[ sql ] [ SQL ] SELECT * FROM `wp_menu` WHERE  `place` = 0  AND `is_hide` = 0 ORDER BY `sort` ASC,`id` ASC [ RunTime:0.000562s ]
[ sql ] [ SQL ] SELECT * FROM `wp_apps` WHERE  `status` = 1 [ RunTime:0.000539s ]
---------------------------------------------------------------
[ 2019-06-11T20:03:03+08:00 ] 115.215.218.28 GET wx.gongniuchazuo.com.cn/public/index.php/home/user/info/pbid/time.html
[ sql ] [ DB ] CONNECT:[ UseTime:0.001036s ] mysql:host=rm-bp130s0438hdc169l.mysql.rds.aliyuncs.com;port=3306;dbname=weiphp;charset=utf8mb4
[ sql ] [ SQL ] SHOW COLUMNS FROM `wp_apps` [ RunTime:0.001240s ]
[ sql ] [ SQL ] SELECT * FROM `wp_apps` WHERE  `status` = 1 [ RunTime:0.000628s ]
[ sql ] [ SQL ] SHOW COLUMNS FROM `wp_menu` [ RunTime:0.000925s ]
[ sql ] [ SQL ] SELECT * FROM `wp_menu` WHERE  `place` = 0  AND `is_hide` = 0 ORDER BY `sort` ASC,`id` ASC [ RunTime:0.000652s ]
[ sql ] [ SQL ] SELECT * FROM `wp_apps` WHERE  `status` = 1 [ RunTime:0.000606s ]
---------------------------------------------------------------
[ 2019-06-11T20:03:04+08:00 ] 115.215.218.28 GET wx.gongniuchazuo.com.cn/public/index.php/home/user/info/pbid/time.html
[ sql ] [ DB ] CONNECT:[ UseTime:0.000893s ] mysql:host=rm-bp130s0438hdc169l.mysql.rds.aliyuncs.com;port=3306;dbname=weiphp;charset=utf8mb4
[ sql ] [ SQL ] SHOW COLUMNS FROM `wp_apps` [ RunTime:0.000952s ]
[ sql ] [ SQL ] SELECT * FROM `wp_apps` WHERE  `status` = 1 [ RunTime:0.000545s ]
[ sql ] [ SQL ] SHOW COLUMNS FROM `wp_menu` [ RunTime:0.000782s ]
[ sql ] [ SQL ] SELECT * FROM `wp_menu` WHERE  `place` = 0  AND `is_hide` = 0 ORDER BY `sort` ASC,`id` ASC [ RunTime:0.000547s ]
[ sql ] [ SQL ] SELECT * FROM `wp_apps` WHERE  `status` = 1 [ RunTime:0.000510s ]
---------------------------------------------------------------
[ 2019-06-11T20:03:05+08:00 ] 115.215.218.28 GET wx.gongniuchazuo.com.cn/public/index.php/home/user/info/pbid/time.html
[ sql ] [ DB ] CONNECT:[ UseTime:0.000927s ] mysql:host=rm-bp130s0438hdc169l.mysql.rds.aliyuncs.com;port=3306;dbname=weiphp;charset=utf8mb4
[ sql ] [ SQL ] SHOW COLUMNS FROM `wp_apps` [ RunTime:0.001046s ]
[ sql ] [ SQL ] SELECT * FROM `wp_apps` WHERE  `status` = 1 [ RunTime:0.000563s ]
[ sql ] [ SQL ] SHOW COLUMNS FROM `wp_menu` [ RunTime:0.000826s ]
[ sql ] [ SQL ] SELECT * FROM `wp_menu` WHERE  `place` = 0  AND `is_hide` = 0 ORDER BY `sort` ASC,`id` ASC [ RunTime:0.000532s ]
[ sql ] [ SQL ] SELECT * FROM `wp_apps` WHERE  `status` = 1 [ RunTime:0.000522s ]
---------------------------------------------------------------
[ 2019-06-11T20:03:05+08:00 ] 115.215.218.28 GET wx.gongniuchazuo.com.cn/public/index.php/home/user/info/pbid/time.html
[ sql ] [ DB ] CONNECT:[ UseTime:0.000817s ] mysql:host=rm-bp130s0438hdc169l.mysql.rds.aliyuncs.com;port=3306;dbname=weiphp;charset=utf8mb4
[ sql ] [ SQL ] SHOW COLUMNS FROM `wp_apps` [ RunTime:0.000944s ]
[ sql ] [ SQL ] SELECT * FROM `wp_apps` WHERE  `status` = 1 [ RunTime:0.000609s ]
[ sql ] [ SQL ] SHOW COLUMNS FROM `wp_menu` [ RunTime:0.000939s ]
[ sql ] [ SQL ] SELECT * FROM `wp_menu` WHERE  `place` = 0  AND `is_hide` = 0 ORDER BY `sort` ASC,`id` ASC [ RunTime:0.000656s ]
[ sql ] [ SQL ] SELECT * FROM `wp_apps` WHERE  `status` = 1 [ RunTime:0.000528s ]
---------------------------------------------------------------
[ 2019-06-11T20:03:10+08:00 ] 115.215.218.28 GET wx.gongniuchazuo.com.cn/public/index.php/home/user/start
[ sql ] [ DB ] CONNECT:[ UseTime:0.000878s ] mysql:host=rm-bp130s0438hdc169l.mysql.rds.aliyuncs.com;port=3306;dbname=weiphp;charset=utf8mb4
[ sql ] [ SQL ] SHOW COLUMNS FROM `wp_apps` [ RunTime:0.000939s ]
[ sql ] [ SQL ] SELECT * FROM `wp_apps` WHERE  `status` = 1 [ RunTime:0.000558s ]
[ sql ] [ SQL ] SHOW COLUMNS FROM `wp_menu` [ RunTime:0.000839s ]
[ sql ] [ SQL ] SELECT * FROM `wp_menu` WHERE  `place` = 0  AND `is_hide` = 0 ORDER BY `sort` ASC,`id` ASC [ RunTime:0.000540s ]
[ sql ] [ SQL ] SELECT * FROM `wp_apps` WHERE  `status` = 1 [ RunTime:0.000532s ]
---------------------------------------------------------------
[ 2019-06-11T20:03:41+08:00 ] 61.151.178.197 GET wx.gongniuchazuo.com.cn/public/index.php/home/user/info/pbid/80
[ sql ] [ DB ] CONNECT:[ UseTime:0.000881s ] mysql:host=rm-bp130s0438hdc169l.mysql.rds.aliyuncs.com;port=3306;dbname=weiphp;charset=utf8mb4
[ sql ] [ SQL ] SHOW COLUMNS FROM `wp_apps` [ RunTime:0.001019s ]
[ sql ] [ SQL ] SELECT * FROM `wp_apps` WHERE  `status` = 1 [ RunTime:0.000570s ]
[ sql ] [ SQL ] SHOW COLUMNS FROM `wp_menu` [ RunTime:0.000854s ]
[ sql ] [ SQL ] SELECT * FROM `wp_menu` WHERE  `place` = 0  AND `is_hide` = 0 ORDER BY `sort` ASC,`id` ASC [ RunTime:0.000561s ]
[ sql ] [ SQL ] SELECT * FROM `wp_apps` WHERE  `status` = 1 [ RunTime:0.000511s ]
---------------------------------------------------------------
[ 2019-06-11T20:04:01+08:00 ] 61.129.6.147 GET wx.gongniuchazuo.com.cn/public/index.php/home/user/info/pbid/time.html
[ sql ] [ DB ] CONNECT:[ UseTime:0.000956s ] mysql:host=rm-bp130s0438hdc169l.mysql.rds.aliyuncs.com;port=3306;dbname=weiphp;charset=utf8mb4
[ sql ] [ SQL ] SHOW COLUMNS FROM `wp_publics` [ RunTime:0.001027s ]
[ sql ] [ SQL ] SELECT `id` FROM `wp_publics` LIMIT 1 [ RunTime:0.000475s ]
[ sql ] [ SQL ] SHOW COLUMNS FROM `wp_apps` [ RunTime:0.000789s ]
[ sql ] [ SQL ] SELECT * FROM `wp_apps` WHERE  `status` = 1 [ RunTime:0.000581s ]
[ sql ] [ SQL ] SHOW COLUMNS FROM `wp_menu` [ RunTime:0.000897s ]
[ sql ] [ SQL ] SELECT * FROM `wp_menu` WHERE  `place` = 0  AND `is_hide` = 0 ORDER BY `sort` ASC,`id` ASC [ RunTime:0.000622s ]
[ sql ] [ SQL ] SELECT * FROM `wp_apps` WHERE  `status` = 1 [ RunTime:0.000619s ]
---------------------------------------------------------------
[ 2019-06-11T20:04:18+08:00 ] 115.215.218.28 GET wx.gongniuchazuo.com.cn/public/index.php/home/user/start
[ sql ] [ DB ] CONNECT:[ UseTime:0.000829s ] mysql:host=rm-bp130s0438hdc169l.mysql.rds.aliyuncs.com;port=3306;dbname=weiphp;charset=utf8mb4
[ sql ] [ SQL ] SHOW COLUMNS FROM `wp_publics` [ RunTime:0.001035s ]
[ sql ] [ SQL ] SELECT `id` FROM `wp_publics` LIMIT 1 [ RunTime:0.000425s ]
[ sql ] [ SQL ] SHOW COLUMNS FROM `wp_apps` [ RunTime:0.000805s ]
[ sql ] [ SQL ] SELECT * FROM `wp_apps` WHERE  `status` = 1 [ RunTime:0.000514s ]
[ sql ] [ SQL ] SHOW COLUMNS FROM `wp_menu` [ RunTime:0.000767s ]
[ sql ] [ SQL ] SELECT * FROM `wp_menu` WHERE  `place` = 0  AND `is_hide` = 0 ORDER BY `sort` ASC,`id` ASC [ RunTime:0.000541s ]
[ sql ] [ SQL ] SELECT * FROM `wp_apps` WHERE  `status` = 1 [ RunTime:0.000502s ]
---------------------------------------------------------------
[ 2019-06-11T20:04:31+08:00 ] 115.215.218.28 GET wx.gongniuchazuo.com.cn/public/index.php/home/user/time/pbid/80
[ sql ] [ DB ] CONNECT:[ UseTime:0.001024s ] mysql:host=rm-bp130s0438hdc169l.mysql.rds.aliyuncs.com;port=3306;dbname=weiphp;charset=utf8mb4
[ sql ] [ SQL ] SHOW COLUMNS FROM `wp_apps` [ RunTime:0.000960s ]
[ sql ] [ SQL ] SELECT * FROM `wp_apps` WHERE  `status` = 1 [ RunTime:0.000514s ]
[ sql ] [ SQL ] SHOW COLUMNS FROM `wp_menu` [ RunTime:0.000811s ]
[ sql ] [ SQL ] SELECT * FROM `wp_menu` WHERE  `place` = 0  AND `is_hide` = 0 ORDER BY `sort` ASC,`id` ASC [ RunTime:0.000561s ]
[ sql ] [ SQL ] SELECT * FROM `wp_apps` WHERE  `status` = 1 [ RunTime:0.000499s ]
---------------------------------------------------------------
[ 2019-06-11T20:04:42+08:00 ] 115.215.218.28 GET wx.gongniuchazuo.com.cn/public/index.php/home/user/info/pbid/80
[ sql ] [ DB ] CONNECT:[ UseTime:0.000975s ] mysql:host=rm-bp130s0438hdc169l.mysql.rds.aliyuncs.com;port=3306;dbname=weiphp;charset=utf8mb4
[ sql ] [ SQL ] SHOW COLUMNS FROM `wp_apps` [ RunTime:0.000943s ]
[ sql ] [ SQL ] SELECT * FROM `wp_apps` WHERE  `status` = 1 [ RunTime:0.000531s ]
[ sql ] [ SQL ] SHOW COLUMNS FROM `wp_menu` [ RunTime:0.000767s ]
[ sql ] [ SQL ] SELECT * FROM `wp_menu` WHERE  `place` = 0  AND `is_hide` = 0 ORDER BY `sort` ASC,`id` ASC [ RunTime:0.000539s ]
[ sql ] [ SQL ] SELECT * FROM `wp_apps` WHERE  `status` = 1 [ RunTime:0.000504s ]
---------------------------------------------------------------
[ 2019-06-11T20:06:18+08:00 ] 115.215.218.28 GET wx.gongniuchazuo.com.cn/public/index.php/home/user/start
[ sql ] [ DB ] CONNECT:[ UseTime:0.000948s ] mysql:host=rm-bp130s0438hdc169l.mysql.rds.aliyuncs.com;port=3306;dbname=weiphp;charset=utf8mb4
[ sql ] [ SQL ] SHOW COLUMNS FROM `wp_publics` [ RunTime:0.001021s ]
[ sql ] [ SQL ] SELECT `id` FROM `wp_publics` LIMIT 1 [ RunTime:0.000402s ]
[ sql ] [ SQL ] SHOW COLUMNS FROM `wp_apps` [ RunTime:0.000820s ]
[ sql ] [ SQL ] SELECT * FROM `wp_apps` WHERE  `status` = 1 [ RunTime:0.000518s ]
[ sql ] [ SQL ] SHOW COLUMNS FROM `wp_menu` [ RunTime:0.000810s ]
[ sql ] [ SQL ] SELECT * FROM `wp_menu` WHERE  `place` = 0  AND `is_hide` = 0 ORDER BY `sort` ASC,`id` ASC [ RunTime:0.000540s ]
[ sql ] [ SQL ] SELECT * FROM `wp_apps` WHERE  `status` = 1 [ RunTime:0.000485s ]
---------------------------------------------------------------
[ 2019-06-11T20:06:34+08:00 ] 115.215.218.28 GET wx.gongniuchazuo.com.cn/public/index.php/home/user/time/pbid/80
[ sql ] [ DB ] CONNECT:[ UseTime:0.000816s ] mysql:host=rm-bp130s0438hdc169l.mysql.rds.aliyuncs.com;port=3306;dbname=weiphp;charset=utf8mb4
[ sql ] [ SQL ] SHOW COLUMNS FROM `wp_apps` [ RunTime:0.000908s ]
[ sql ] [ SQL ] SELECT * FROM `wp_apps` WHERE  `status` = 1 [ RunTime:0.000500s ]
[ sql ] [ SQL ] SHOW COLUMNS FROM `wp_menu` [ RunTime:0.000780s ]
[ sql ] [ SQL ] SELECT * FROM `wp_menu` WHERE  `place` = 0  AND `is_hide` = 0 ORDER BY `sort` ASC,`id` ASC [ RunTime:0.000539s ]
[ sql ] [ SQL ] SELECT * FROM `wp_apps` WHERE  `status` = 1 [ RunTime:0.000489s ]
---------------------------------------------------------------
[ 2019-06-11T20:06:45+08:00 ] 115.215.218.28 GET wx.gongniuchazuo.com.cn/public/index.php/home/user/info/pbid/80
[ sql ] [ DB ] CONNECT:[ UseTime:0.000921s ] mysql:host=rm-bp130s0438hdc169l.mysql.rds.aliyuncs.com;port=3306;dbname=weiphp;charset=utf8mb4
[ sql ] [ SQL ] SHOW COLUMNS FROM `wp_apps` [ RunTime:0.000965s ]
[ sql ] [ SQL ] SELECT * FROM `wp_apps` WHERE  `status` = 1 [ RunTime:0.000579s ]
[ sql ] [ SQL ] SHOW COLUMNS FROM `wp_menu` [ RunTime:0.000791s ]
[ sql ] [ SQL ] SELECT * FROM `wp_menu` WHERE  `place` = 0  AND `is_hide` = 0 ORDER BY `sort` ASC,`id` ASC [ RunTime:0.000557s ]
[ sql ] [ SQL ] SELECT * FROM `wp_apps` WHERE  `status` = 1 [ RunTime:0.000493s ]
---------------------------------------------------------------
[ 2019-06-11T20:10:58+08:00 ] 115.215.218.28 GET wx.gongniuchazuo.com.cn/public/index.php/home/user/start
[ sql ] [ DB ] CONNECT:[ UseTime:0.000960s ] mysql:host=rm-bp130s0438hdc169l.mysql.rds.aliyuncs.com;port=3306;dbname=weiphp;charset=utf8mb4
[ sql ] [ SQL ] SHOW COLUMNS FROM `wp_apps` [ RunTime:0.000934s ]
[ sql ] [ SQL ] SELECT * FROM `wp_apps` WHERE  `status` = 1 [ RunTime:0.000623s ]
[ sql ] [ SQL ] SHOW COLUMNS FROM `wp_menu` [ RunTime:0.000802s ]
[ sql ] [ SQL ] SELECT * FROM `wp_menu` WHERE  `place` = 0  AND `is_hide` = 0 ORDER BY `sort` ASC,`id` ASC [ RunTime:0.000554s ]
[ sql ] [ SQL ] SELECT * FROM `wp_apps` WHERE  `status` = 1 [ RunTime:0.000524s ]
---------------------------------------------------------------
[ 2019-06-11T20:11:22+08:00 ] 115.215.218.28 GET wx.gongniuchazuo.com.cn/public/index.php/home/user/info/pbid/time.html
[ sql ] [ DB ] CONNECT:[ UseTime:0.000967s ] mysql:host=rm-bp130s0438hdc169l.mysql.rds.aliyuncs.com;port=3306;dbname=weiphp;charset=utf8mb4
[ sql ] [ SQL ] SHOW COLUMNS FROM `wp_apps` [ RunTime:0.001123s ]
[ sql ] [ SQL ] SELECT * FROM `wp_apps` WHERE  `status` = 1 [ RunTime:0.000610s ]
[ sql ] [ SQL ] SHOW COLUMNS FROM `wp_menu` [ RunTime:0.000990s ]
[ sql ] [ SQL ] SELECT * FROM `wp_menu` WHERE  `place` = 0  AND `is_hide` = 0 ORDER BY `sort` ASC,`id` ASC [ RunTime:0.000636s ]
[ sql ] [ SQL ] SELECT * FROM `wp_apps` WHERE  `status` = 1 [ RunTime:0.000561s ]
---------------------------------------------------------------
[ 2019-06-11T20:11:23+08:00 ] 115.215.218.28 GET wx.gongniuchazuo.com.cn/public/index.php/home/user/info/pbid/time.html
[ sql ] [ DB ] CONNECT:[ UseTime:0.000976s ] mysql:host=rm-bp130s0438hdc169l.mysql.rds.aliyuncs.com;port=3306;dbname=weiphp;charset=utf8mb4
[ sql ] [ SQL ] SHOW COLUMNS FROM `wp_apps` [ RunTime:0.001093s ]
[ sql ] [ SQL ] SELECT * FROM `wp_apps` WHERE  `status` = 1 [ RunTime:0.000603s ]
[ sql ] [ SQL ] SHOW COLUMNS FROM `wp_menu` [ RunTime:0.000964s ]
[ sql ] [ SQL ] SELECT * FROM `wp_menu` WHERE  `place` = 0  AND `is_hide` = 0 ORDER BY `sort` ASC,`id` ASC [ RunTime:0.000661s ]
[ sql ] [ SQL ] SELECT * FROM `wp_apps` WHERE  `status` = 1 [ RunTime:0.000573s ]
