---------------------------------------------------------------
[ 2019-06-12T06:37:30+08:00 ] 115.215.218.28 GET wx.gongniuchazuo.com.cn/public/index.php/home/user/info/pbid/time.html
[ info ] [ LANG ] /data/httpd/wx/thinkphp/lang/zh-cn.php
[ info ] [ ROUTE ] array (
)
[ info ] [ HEADER ] array (
  'host' => 'wx.gongniuchazuo.com.cn',
  'connection' => 'keep-alive',
  'upgrade-insecure-requests' => '1',
  'user-agent' => 'Mozilla/5.0 (iPhone; CPU iPhone OS 9_1 like Mac OS X) AppleWebKit/601.1.46 (KHTML, like Gecko) Version/9.0 Mobile/13B143 Safari/601.1 wechatdevtools/1.02.1906062 MicroMessenger/6.7.3 Language/zh_CN webview/15602546561955937 webdebugger port/60482',
  'sec-fetch-dest' => 'document',
  'sec-fetch-site' => 'same-origin',
  'sec-fetch-user' => '?T',
  'accept' => 'text/html,application/xhtml+xml,application/xml;q=0.9,image/webp,image/apng,*/*;q=0.8,application/signed-exchange;v=b3',
  'referer' => 'http://wx.gongniuchazuo.com.cn/public/index.php/home/user/info/pbid/time.html',
  'accept-encoding' => 'gzip, deflate',
  'accept-language' => 'zh-CN,zh;q=0.9',
  'cookie' => 'PHPSESSID=v403ruq31h4vd1oemkhq1c6qh6',
  'content-type' => '',
  'content-length' => '',
)
[ info ] [ PARAM ] array (
  'pbid' => 'time',
)
[ info ] [ DB ] INIT mysql
[ info ] [ VIEW ] /data/httpd/wx/application/home/view/user/info.html [ array (
  0 => 'get_param',
  1 => 'public_info',
  2 => 'page_title',
  3 => 'system_copy_right',
  4 => 'tongji_code',
  5 => 'mid',
  6 => 'uid',
  7 => 'myinfo',
  8 => 'add_button',
  9 => 'del_button',
  10 => 'search_button',
  11 => 'check_all',
  12 => 'top_more_button',
  13 => 'top_menu',
  14 => 'now_top_menu_name',
  15 => 'nav',
) ]
---------------------------------------------------------------
[ 2019-06-12T06:37:31+08:00 ] 115.215.218.28 GET wx.gongniuchazuo.com.cn/public/index.php/home/user/info/pbid/time.html
[ info ] [ LANG ] /data/httpd/wx/thinkphp/lang/zh-cn.php
[ info ] [ ROUTE ] array (
)
[ info ] [ HEADER ] array (
  'host' => 'wx.gongniuchazuo.com.cn',
  'connection' => 'keep-alive',
  'upgrade-insecure-requests' => '1',
  'user-agent' => 'Mozilla/5.0 (iPhone; CPU iPhone OS 9_1 like Mac OS X) AppleWebKit/601.1.46 (KHTML, like Gecko) Version/9.0 Mobile/13B143 Safari/601.1 wechatdevtools/1.02.1906062 MicroMessenger/6.7.3 Language/zh_CN webview/15602546561955937 webdebugger port/60482',
  'sec-fetch-dest' => 'document',
  'sec-fetch-site' => 'same-origin',
  'sec-fetch-user' => '?T',
  'accept' => 'text/html,application/xhtml+xml,application/xml;q=0.9,image/webp,image/apng,*/*;q=0.8,application/signed-exchange;v=b3',
  'referer' => 'http://wx.gongniuchazuo.com.cn/public/index.php/home/user/info/pbid/time.html',
  'accept-encoding' => 'gzip, deflate',
  'accept-language' => 'zh-CN,zh;q=0.9',
  'cookie' => 'PHPSESSID=v403ruq31h4vd1oemkhq1c6qh6',
  'content-type' => '',
  'content-length' => '',
)
[ info ] [ PARAM ] array (
  'pbid' => 'time',
)
[ info ] [ DB ] INIT mysql
[ info ] [ VIEW ] /data/httpd/wx/application/home/view/user/info.html [ array (
  0 => 'get_param',
  1 => 'public_info',
  2 => 'page_title',
  3 => 'system_copy_right',
  4 => 'tongji_code',
  5 => 'mid',
  6 => 'uid',
  7 => 'myinfo',
  8 => 'add_button',
  9 => 'del_button',
  10 => 'search_button',
  11 => 'check_all',
  12 => 'top_more_button',
  13 => 'top_menu',
  14 => 'now_top_menu_name',
  15 => 'nav',
) ]
---------------------------------------------------------------
[ 2019-06-12T06:37:32+08:00 ] 115.215.218.28 GET wx.gongniuchazuo.com.cn/public/index.php/home/user/info/pbid/time.html
[ info ] [ LANG ] /data/httpd/wx/thinkphp/lang/zh-cn.php
[ info ] [ ROUTE ] array (
)
[ info ] [ HEADER ] array (
  'host' => 'wx.gongniuchazuo.com.cn',
  'connection' => 'keep-alive',
  'upgrade-insecure-requests' => '1',
  'user-agent' => 'Mozilla/5.0 (iPhone; CPU iPhone OS 9_1 like Mac OS X) AppleWebKit/601.1.46 (KHTML, like Gecko) Version/9.0 Mobile/13B143 Safari/601.1 wechatdevtools/1.02.1906062 MicroMessenger/6.7.3 Language/zh_CN webview/15602546561955937 webdebugger port/60482',
  'sec-fetch-dest' => 'document',
  'sec-fetch-site' => 'same-origin',
  'sec-fetch-user' => '?T',
  'accept' => 'text/html,application/xhtml+xml,application/xml;q=0.9,image/webp,image/apng,*/*;q=0.8,application/signed-exchange;v=b3',
  'referer' => 'http://wx.gongniuchazuo.com.cn/public/index.php/home/user/info/pbid/time.html',
  'accept-encoding' => 'gzip, deflate',
  'accept-language' => 'zh-CN,zh;q=0.9',
  'cookie' => 'PHPSESSID=v403ruq31h4vd1oemkhq1c6qh6',
  'content-type' => '',
  'content-length' => '',
)
[ info ] [ PARAM ] array (
  'pbid' => 'time',
)
[ info ] [ DB ] INIT mysql
[ info ] [ VIEW ] /data/httpd/wx/application/home/view/user/info.html [ array (
  0 => 'get_param',
  1 => 'public_info',
  2 => 'page_title',
  3 => 'system_copy_right',
  4 => 'tongji_code',
  5 => 'mid',
  6 => 'uid',
  7 => 'myinfo',
  8 => 'add_button',
  9 => 'del_button',
  10 => 'search_button',
  11 => 'check_all',
  12 => 'top_more_button',
  13 => 'top_menu',
  14 => 'now_top_menu_name',
  15 => 'nav',
) ]
---------------------------------------------------------------
[ 2019-06-12T06:37:39+08:00 ] 115.215.218.28 GET wx.gongniuchazuo.com.cn/public/index.php/home/user/info/pbid/time.html
[ info ] [ LANG ] /data/httpd/wx/thinkphp/lang/zh-cn.php
[ info ] [ ROUTE ] array (
)
[ info ] [ HEADER ] array (
  'host' => 'wx.gongniuchazuo.com.cn',
  'connection' => 'keep-alive',
  'cache-control' => 'max-age=0',
  'upgrade-insecure-requests' => '1',
  'user-agent' => 'Mozilla/5.0 (iPhone; CPU iPhone OS 9_1 like Mac OS X) AppleWebKit/601.1.46 (KHTML, like Gecko) Version/9.0 Mobile/13B143 Safari/601.1 wechatdevtools/1.02.1906062 MicroMessenger/7.0.4 Language/zh_CN webview/15602546561955937 webdebugger port/60482',
  'sec-fetch-dest' => 'document',
  'sec-fetch-site' => 'cross-site',
  'sec-fetch-user' => '?F',
  'accept' => 'text/html,application/xhtml+xml,application/xml;q=0.9,image/webp,image/apng,*/*;q=0.8,application/signed-exchange;v=b3',
  'referer' => 'http://wx.gongniuchazuo.com.cn/public/index.php/home/user/info/pbid/time.html',
  'accept-encoding' => 'gzip, deflate',
  'accept-language' => 'zh-CN,zh;q=0.9',
  'cookie' => 'PHPSESSID=v403ruq31h4vd1oemkhq1c6qh6',
  'content-type' => '',
  'content-length' => '',
)
[ info ] [ PARAM ] array (
  'pbid' => 'time',
)
[ info ] [ DB ] INIT mysql
[ info ] [ VIEW ] /data/httpd/wx/application/home/view/user/info.html [ array (
  0 => 'get_param',
  1 => 'public_info',
  2 => 'page_title',
  3 => 'system_copy_right',
  4 => 'tongji_code',
  5 => 'mid',
  6 => 'uid',
  7 => 'myinfo',
  8 => 'add_button',
  9 => 'del_button',
  10 => 'search_button',
  11 => 'check_all',
  12 => 'top_more_button',
  13 => 'top_menu',
  14 => 'now_top_menu_name',
  15 => 'nav',
) ]
---------------------------------------------------------------
[ 2019-06-12T06:38:01+08:00 ] 115.215.218.28 GET wx.gongniuchazuo.com.cn/public/index.php/home/user/info/pbid/time.html
[ info ] [ LANG ] /data/httpd/wx/thinkphp/lang/zh-cn.php
[ info ] [ ROUTE ] array (
)
[ info ] [ HEADER ] array (
  'host' => 'wx.gongniuchazuo.com.cn',
  'connection' => 'keep-alive',
  'cache-control' => 'max-age=0',
  'upgrade-insecure-requests' => '1',
  'user-agent' => 'Mozilla/5.0 (iPhone; CPU iPhone OS 10_2 like Mac OS X) AppleWebKit/602.3.12 (KHTML, like Gecko) Mobile/14C92 Safari/601.1 wechatdevtools/1.02.1906062 MicroMessenger/7.0.4 Language/zh_CN webview/15602546561955937 webdebugger port/60482',
  'sec-fetch-dest' => 'document',
  'sec-fetch-site' => 'cross-site',
  'sec-fetch-user' => '?F',
  'accept' => 'text/html,application/xhtml+xml,application/xml;q=0.9,image/webp,image/apng,*/*;q=0.8,application/signed-exchange;v=b3',
  'referer' => 'http://wx.gongniuchazuo.com.cn/public/index.php/home/user/info/pbid/time.html',
  'accept-encoding' => 'gzip, deflate',
  'accept-language' => 'zh-CN,zh;q=0.9',
  'cookie' => 'PHPSESSID=v403ruq31h4vd1oemkhq1c6qh6',
  'content-type' => '',
  'content-length' => '',
)
[ info ] [ PARAM ] array (
  'pbid' => 'time',
)
[ info ] [ DB ] INIT mysql
[ info ] [ VIEW ] /data/httpd/wx/application/home/view/user/info.html [ array (
  0 => 'get_param',
  1 => 'public_info',
  2 => 'page_title',
  3 => 'system_copy_right',
  4 => 'tongji_code',
  5 => 'mid',
  6 => 'uid',
  7 => 'myinfo',
  8 => 'add_button',
  9 => 'del_button',
  10 => 'search_button',
  11 => 'check_all',
  12 => 'top_more_button',
  13 => 'top_menu',
  14 => 'now_top_menu_name',
  15 => 'nav',
) ]
---------------------------------------------------------------
[ 2019-06-12T18:26:14+08:00 ] 120.77.213.254 GET wx.gongniuchazuo.com.cn/./public/index.php
[ info ] [ LANG ] /data/httpd/wx/thinkphp/lang/zh-cn.php
[ info ] [ ROUTE ] array (
)
[ info ] [ HEADER ] array (
  'user-agent' => 'Mozilla/5.0 (Linux; Android 4.1.1; Nexus 7 Build/JRO03D))',
  'host' => 'wx.gongniuchazuo.com.cn',
  'accept' => 'text/html, image/gif, image/jpeg, *; q=.2, */*; q=.2',
  'connection' => 'keep-alive',
  'content-type' => '',
  'content-length' => '',
)
[ info ] [ PARAM ] array (
)
[ info ] [ DB ] INIT mysql
---------------------------------------------------------------
[ 2019-06-12T21:55:09+08:00 ] 47.92.99.247 GET wx.gongniuchazuo.com.cn/public/index.php
[ info ] [ LANG ] /data/httpd/wx/thinkphp/lang/zh-cn.php
[ info ] [ ROUTE ] array (
)
[ info ] [ HEADER ] array (
  'user-agent' => 'Mozilla/5.0 (compatible; Baiduspider/2.0)',
  'host' => 'wx.gongniuchazuo.com.cn',
  'accept' => 'text/html, image/gif, image/jpeg, *; q=.2, */*; q=.2',
  'connection' => 'keep-alive',
  'content-type' => '',
  'content-length' => '',
)
[ info ] [ PARAM ] array (
)
[ info ] [ DB ] INIT mysql
---------------------------------------------------------------
[ 2019-06-12T21:55:09+08:00 ] 47.92.99.247 GET wx.gongniuchazuo.com.cn/public/index.php/home/user/login
[ info ] [ LANG ] /data/httpd/wx/thinkphp/lang/zh-cn.php
[ info ] [ ROUTE ] array (
)
[ info ] [ HEADER ] array (
  'user-agent' => 'Mozilla/5.0 (compatible; Baiduspider/2.0)',
  'host' => 'wx.gongniuchazuo.com.cn',
  'accept' => 'text/html, image/gif, image/jpeg, *; q=.2, */*; q=.2',
  'connection' => 'keep-alive',
  'content-type' => '',
  'content-length' => '',
)
[ info ] [ PARAM ] array (
)
[ info ] [ DB ] INIT mysql
[ info ] [ VIEW ] /data/httpd/wx/application/home/view/user/login.html [ array (
  0 => 'get_param',
  1 => 'public_info',
  2 => 'page_title',
  3 => 'system_copy_right',
  4 => 'tongji_code',
  5 => 'mid',
  6 => 'uid',
  7 => 'myinfo',
  8 => 'add_button',
  9 => 'del_button',
  10 => 'search_button',
  11 => 'check_all',
  12 => 'top_more_button',
  13 => 'top_menu',
  14 => 'now_top_menu_name',
  15 => 'nav',
  16 => 'key',
  17 => 'qrcode',
) ]
