---------------------------------------------------------------
[ 2019-06-13T20:22:41+08:00 ] 106.2.125.215 GET baidu.com/public/index.php
[ sql ] [ DB ] CONNECT:[ UseTime:0.000913s ] mysql:host=rm-bp130s0438hdc169l.mysql.rds.aliyuncs.com;port=3306;dbname=weiphp;charset=utf8mb4
[ sql ] [ SQL ] SHOW COLUMNS FROM `wp_publics` [ RunTime:0.001002s ]
[ sql ] [ SQL ] SELECT `id` FROM `wp_publics` LIMIT 1 [ RunTime:0.000431s ]
[ sql ] [ SQL ] SHOW COLUMNS FROM `wp_apps` [ RunTime:0.000860s ]
[ sql ] [ SQL ] SELECT * FROM `wp_apps` WHERE  `status` = 1 [ RunTime:0.000531s ]
[ sql ] [ SQL ] SHOW COLUMNS FROM `wp_menu` [ RunTime:0.000911s ]
[ sql ] [ SQL ] SELECT * FROM `wp_menu` WHERE  `place` = 0  AND `is_hide` = 0 ORDER BY `sort` ASC,`id` ASC [ RunTime:0.000561s ]
[ sql ] [ SQL ] SHOW COLUMNS FROM `wp_user` [ RunTime:0.000991s ]
[ sql ] [ SQL ] SELECT * FROM `wp_user` WHERE  `uid` = 1 LIMIT 1 [ RunTime:0.000532s ]
[ sql ] [ SQL ] SHOW COLUMNS FROM `wp_public_follow` [ RunTime:0.000864s ]
[ sql ] [ SQL ] SELECT `openid`,`uid`,`has_subscribe`,`syc_status`,`remark`,`unionid`,`pbid` FROM `wp_public_follow` WHERE  ( uid='1' ) [ RunTime:0.000427s ]
[ sql ] [ SQL ] SHOW COLUMNS FROM `wp_user_tag_link` [ RunTime:0.000726s ]
[ sql ] [ SQL ] SELECT `tag_id` FROM `wp_user_tag_link` WHERE  `uid` = 1 [ RunTime:0.000438s ]
[ sql ] [ SQL ] SHOW COLUMNS FROM `wp_auth_group_access` [ RunTime:0.000896s ]
[ sql ] [ SQL ] SELECT * FROM `wp_auth_group_access` `a` INNER JOIN `wp_auth_group` `s` ON `a`.`group_id`=`s`.`id` WHERE  `uid` = 1 [ RunTime:0.000555s ]
[ sql ] [ SQL ] SHOW COLUMNS FROM `wp_public_auth` [ RunTime:0.000946s ]
[ sql ] [ SQL ] SELECT `name`,type_3 as val FROM `wp_public_auth` [ RunTime:0.000465s ]
[ sql ] [ SQL ] SELECT * FROM `wp_apps` WHERE  `status` = 1 [ RunTime:0.000525s ]
---------------------------------------------------------------
[ 2019-06-13T20:22:41+08:00 ] 106.2.125.215 GET baidu.com/public/index.php/home/user/login
[ sql ] [ DB ] CONNECT:[ UseTime:0.000857s ] mysql:host=rm-bp130s0438hdc169l.mysql.rds.aliyuncs.com;port=3306;dbname=weiphp;charset=utf8mb4
[ sql ] [ SQL ] SHOW COLUMNS FROM `wp_publics` [ RunTime:0.001224s ]
[ sql ] [ SQL ] SELECT `id` FROM `wp_publics` LIMIT 1 [ RunTime:0.000434s ]
[ sql ] [ SQL ] SHOW COLUMNS FROM `wp_apps` [ RunTime:0.000813s ]
[ sql ] [ SQL ] SELECT * FROM `wp_apps` WHERE  `status` = 1 [ RunTime:0.000491s ]
[ sql ] [ SQL ] SHOW COLUMNS FROM `wp_menu` [ RunTime:0.000850s ]
[ sql ] [ SQL ] SELECT * FROM `wp_menu` WHERE  `place` = 0  AND `is_hide` = 0 ORDER BY `sort` ASC,`id` ASC [ RunTime:0.000546s ]
[ sql ] [ SQL ] SELECT * FROM `wp_apps` WHERE  `status` = 1 [ RunTime:0.000485s ]
[ sql ] [ SQL ] SHOW COLUMNS FROM `wp_qr_code` [ RunTime:0.000762s ]
[ sql ] [ SQL ] SELECT `id`,`qr_code`,`addon`,`aim_id`,`cTime`,`action_name`,`extra_text`,`extra_int`,`request_count`,`scene_id`,`expire_seconds`,`pbid` FROM `wp_qr_code` WHERE  `addon` = 'ScanLogin'  AND `extra_text` = '5d0240110fa47' LIMIT 1 [ RunTime:0.000445s ]
[ sql ] [ SQL ] SELECT `scene_id` FROM `wp_qr_code` WHERE  ( action_name='QR_SCENE' ) ORDER BY `scene_id` DESC LIMIT 1 [ RunTime:0.000571s ]
[ sql ] [ SQL ] INSERT INTO `wp_qr_code` (`scene_id` , `addon` , `aim_id` , `action_name` , `extra_text` , `extra_int` , `cTime` , `pbid` , `qr_code`) VALUES (100018 , 'ScanLogin' , 0 , 'QR_SCENE' , '5d0240110fa47' , 0 , 1560428561 , 80 , 'https://mp.weixin.qq.com/cgi-bin/showqrcode?ticket=gQHl7zwAAAAAAAAAAS5odHRwOi8vd2VpeGluLnFxLmNvbS9xLzAyZUNmbEUybWhjU20xY2hkRmh0MUQAAgQRQAJdAwQAjScA') [ RunTime:0.001077s ]
