---------------------------------------------------------------
[ 2019-06-17T06:40:47+08:00 ] 47.103.41.224 GET wx.gongniuchazuo.com.cn/public/index.php
[ info ] [ LANG ] /data/httpd/wx/thinkphp/lang/zh-cn.php
[ info ] [ ROUTE ] array (
)
[ info ] [ HEADER ] array (
  'host' => 'wx.gongniuchazuo.com.cn',
  'user-agent' => 'Mozilla/5.0 (Windows NT 10.0; Win64; x64) AppleWebKit/537.36 (KHTML, like Gecko) Chrome/59.0.3071.115 Safari/537.36',
  'accept-encoding' => 'gzip, deflate',
  'accept' => 'text/html,application/xhtml+xml,application/xml;q=0.9,image/webp,image/apng,*/*;q=0.8',
  'connection' => 'keep-alive',
  'accept-language' => 'zh-CN,zh;q=0.8',
  'content-type' => '',
  'content-length' => '',
)
[ info ] [ PARAM ] array (
)
[ info ] [ DB ] INIT mysql
---------------------------------------------------------------
[ 2019-06-17T06:40:48+08:00 ] 47.103.41.224 GET wx.gongniuchazuo.com.cn/public/index.php/home/user/login
[ info ] [ LANG ] /data/httpd/wx/thinkphp/lang/zh-cn.php
[ info ] [ ROUTE ] array (
)
[ info ] [ HEADER ] array (
  'host' => 'wx.gongniuchazuo.com.cn',
  'user-agent' => 'Mozilla/5.0 (Windows NT 10.0; Win64; x64) AppleWebKit/537.36 (KHTML, like Gecko) Chrome/59.0.3071.115 Safari/537.36',
  'accept-encoding' => 'gzip, deflate',
  'accept' => 'text/html,application/xhtml+xml,application/xml;q=0.9,image/webp,image/apng,*/*;q=0.8',
  'connection' => 'keep-alive',
  'accept-language' => 'zh-CN,zh;q=0.8',
  'cookie' => 'PHPSESSID=efjnf5ago5i1674t0lqom2reh6',
  'content-type' => '',
  'content-length' => '',
)
[ info ] [ PARAM ] array (
)
[ info ] [ DB ] INIT mysql
[ info ] [ VIEW ] /data/httpd/wx/application/home/view/user/login.html [ array (
  0 => 'get_param',
  1 => 'public_info',
  2 => 'page_title',
  3 => 'system_copy_right',
  4 => 'tongji_code',
  5 => 'mid',
  6 => 'uid',
  7 => 'myinfo',
  8 => 'add_button',
  9 => 'del_button',
  10 => 'search_button',
  11 => 'check_all',
  12 => 'top_more_button',
  13 => 'top_menu',
  14 => 'now_top_menu_name',
  15 => 'nav',
  16 => 'key',
  17 => 'qrcode',
) ]
---------------------------------------------------------------
[ 2019-06-17T06:40:48+08:00 ] 47.103.41.224 GET wx.gongniuchazuo.com.cn/public/index.php
[ info ] [ LANG ] /data/httpd/wx/thinkphp/lang/zh-cn.php
[ info ] [ ROUTE ] array (
)
[ info ] [ HEADER ] array (
  'host' => 'wx.gongniuchazuo.com.cn',
  'user-agent' => 'Mozilla/5.0 (Windows NT 10.0; Win64; x64) AppleWebKit/537.36 (KHTML, like Gecko) Chrome/59.0.3071.115 Safari/537.36',
  'accept-encoding' => 'gzip, deflate',
  'accept' => 'text/html,application/xhtml+xml,application/xml;q=0.9,image/webp,image/apng,*/*;q=0.8',
  'connection' => 'keep-alive',
  'accept-language' => 'zh-CN,zh;q=0.8',
  'cookie' => 'PHPSESSID=efjnf5ago5i1674t0lqom2reh6; ScanLoginKey=5d06c56fd749e',
  'content-type' => '',
  'content-length' => '',
)
[ info ] [ PARAM ] array (
)
[ info ] [ DB ] INIT mysql
---------------------------------------------------------------
[ 2019-06-17T06:40:51+08:00 ] 47.103.41.224 GET wx.gongniuchazuo.com.cn/public/index.php?c=4e5e5d7364f443e28fbf0d3ae744a59a
[ info ] [ LANG ] /data/httpd/wx/thinkphp/lang/zh-cn.php
[ info ] [ ROUTE ] array (
)
[ info ] [ HEADER ] array (
  'host' => 'wx.gongniuchazuo.com.cn',
  'user-agent' => 'Mozilla/5.0 (Windows NT 10.0; Win64; x64) AppleWebKit/537.36 (KHTML, like Gecko) Chrome/59.0.3071.115 Safari/537.36',
  'accept-encoding' => 'gzip, deflate',
  'accept' => 'text/html,application/xhtml+xml,application/xml;q=0.9,image/webp,image/apng,*/*;q=0.8',
  'connection' => 'keep-alive',
  'accept-language' => 'zh-CN,zh;q=0.8',
  'cookie' => 'PHPSESSID=efjnf5ago5i1674t0lqom2reh6; ScanLoginKey=5d06c56fd749e',
  'content-type' => '',
  'content-length' => '',
)
[ info ] [ PARAM ] array (
  'c' => '4e5e5d7364f443e28fbf0d3ae744a59a',
)
[ info ] [ DB ] INIT mysql
---------------------------------------------------------------
[ 2019-06-17T06:40:51+08:00 ] 47.103.41.224 GET wx.gongniuchazuo.com.cn/public/index.php/explicit_not_exist_path
[ info ] [ LANG ] /data/httpd/wx/thinkphp/lang/zh-cn.php
---------------------------------------------------------------
[ 2019-06-17T06:40:53+08:00 ] 47.103.41.224 GET wx.gongniuchazuo.com.cn/public/index.php/home/user/favicon.ico
[ info ] [ LANG ] /data/httpd/wx/thinkphp/lang/zh-cn.php
[ info ] [ ROUTE ] array (
)
[ info ] [ HEADER ] array (
  'host' => 'wx.gongniuchazuo.com.cn',
  'user-agent' => 'Mozilla/5.0 (Windows NT 10.0; Win64; x64) AppleWebKit/537.36 (KHTML, like Gecko) Chrome/59.0.3071.115 Safari/537.36',
  'accept-encoding' => 'gzip, deflate',
  'accept' => 'text/html,application/xhtml+xml,application/xml;q=0.9,image/webp,image/apng,*/*;q=0.8',
  'connection' => 'keep-alive',
  'accept-language' => 'zh-CN,zh;q=0.8',
  'cookie' => 'PHPSESSID=efjnf5ago5i1674t0lqom2reh6; ScanLoginKey=5d06c56fd749e',
  'content-type' => '',
  'content-length' => '',
)
[ info ] [ PARAM ] array (
)
[ info ] [ DB ] INIT mysql
---------------------------------------------------------------
[ 2019-06-17T06:40:53+08:00 ] 47.103.41.224 GET wx.gongniuchazuo.com.cn/public/index.php/home/index/index
[ info ] [ LANG ] /data/httpd/wx/thinkphp/lang/zh-cn.php
[ info ] [ ROUTE ] array (
)
[ info ] [ HEADER ] array (
  'host' => 'wx.gongniuchazuo.com.cn',
  'user-agent' => 'Mozilla/5.0 (Windows NT 10.0; Win64; x64) AppleWebKit/537.36 (KHTML, like Gecko) Chrome/59.0.3071.115 Safari/537.36',
  'accept-encoding' => 'gzip, deflate',
  'accept' => 'text/html,application/xhtml+xml,application/xml;q=0.9,image/webp,image/apng,*/*;q=0.8',
  'connection' => 'keep-alive',
  'accept-language' => 'zh-CN,zh;q=0.8',
  'cookie' => 'PHPSESSID=efjnf5ago5i1674t0lqom2reh6; ScanLoginKey=5d06c56fd749e',
  'content-type' => '',
  'content-length' => '',
)
[ info ] [ PARAM ] array (
)
[ info ] [ DB ] INIT mysql
---------------------------------------------------------------
[ 2019-06-17T06:40:53+08:00 ] 47.103.41.224 GET wx.gongniuchazuo.com.cn/public/index.php/home/user/explicit_not_exist_path
[ info ] [ LANG ] /data/httpd/wx/thinkphp/lang/zh-cn.php
[ info ] [ ROUTE ] array (
)
[ info ] [ HEADER ] array (
  'host' => 'wx.gongniuchazuo.com.cn',
  'user-agent' => 'Mozilla/5.0 (Windows NT 10.0; Win64; x64) AppleWebKit/537.36 (KHTML, like Gecko) Chrome/59.0.3071.115 Safari/537.36',
  'accept-encoding' => 'gzip, deflate',
  'accept' => 'text/html,application/xhtml+xml,application/xml;q=0.9,image/webp,image/apng,*/*;q=0.8',
  'connection' => 'keep-alive',
  'accept-language' => 'zh-CN,zh;q=0.8',
  'cookie' => 'PHPSESSID=efjnf5ago5i1674t0lqom2reh6; ScanLoginKey=5d06c56fd749e',
  'content-type' => '',
  'content-length' => '',
)
[ info ] [ PARAM ] array (
)
[ info ] [ DB ] INIT mysql
---------------------------------------------------------------
[ 2019-06-17T06:40:53+08:00 ] 47.103.41.224 GET wx.gongniuchazuo.com.cn/public/index.php/home/user/robots.txt
[ info ] [ LANG ] /data/httpd/wx/thinkphp/lang/zh-cn.php
[ info ] [ ROUTE ] array (
)
[ info ] [ HEADER ] array (
  'host' => 'wx.gongniuchazuo.com.cn',
  'user-agent' => 'Mozilla/5.0 (Windows NT 10.0; Win64; x64) AppleWebKit/537.36 (KHTML, like Gecko) Chrome/59.0.3071.115 Safari/537.36',
  'accept-encoding' => 'gzip, deflate',
  'accept' => 'text/html,application/xhtml+xml,application/xml;q=0.9,image/webp,image/apng,*/*;q=0.8',
  'connection' => 'keep-alive',
  'accept-language' => 'zh-CN,zh;q=0.8',
  'cookie' => 'PHPSESSID=efjnf5ago5i1674t0lqom2reh6; ScanLoginKey=5d06c56fd749e',
  'content-type' => '',
  'content-length' => '',
)
[ info ] [ PARAM ] array (
)
[ info ] [ DB ] INIT mysql
---------------------------------------------------------------
[ 2019-06-17T06:40:53+08:00 ] 47.103.41.224 GET wx.gongniuchazuo.com.cn/public/index.php/home/user/static/.gitignore
[ info ] [ LANG ] /data/httpd/wx/thinkphp/lang/zh-cn.php
[ info ] [ ROUTE ] array (
)
[ info ] [ HEADER ] array (
  'host' => 'wx.gongniuchazuo.com.cn',
  'user-agent' => 'Mozilla/5.0 (Windows NT 10.0; Win64; x64) AppleWebKit/537.36 (KHTML, like Gecko) Chrome/59.0.3071.115 Safari/537.36',
  'accept-encoding' => 'gzip, deflate',
  'accept' => 'text/html,application/xhtml+xml,application/xml;q=0.9,image/webp,image/apng,*/*;q=0.8',
  'connection' => 'keep-alive',
  'accept-language' => 'zh-CN,zh;q=0.8',
  'cookie' => 'PHPSESSID=efjnf5ago5i1674t0lqom2reh6; ScanLoginKey=5d06c56fd749e',
  'content-type' => '',
  'content-length' => '',
)
[ info ] [ PARAM ] array (
)
[ info ] [ DB ] INIT mysql
---------------------------------------------------------------
[ 2019-06-17T06:40:53+08:00 ] 47.103.41.224 GET wx.gongniuchazuo.com.cn/public/index.php/home/user/4e5e5d7364f443e28fbf0d3ae744a59a
[ info ] [ LANG ] /data/httpd/wx/thinkphp/lang/zh-cn.php
[ info ] [ ROUTE ] array (
)
[ info ] [ HEADER ] array (
  'host' => 'wx.gongniuchazuo.com.cn',
  'user-agent' => 'Mozilla/5.0 (Windows NT 10.0; Win64; x64) AppleWebKit/537.36 (KHTML, like Gecko) Chrome/59.0.3071.115 Safari/537.36',
  'accept-encoding' => 'gzip, deflate',
  'accept' => 'text/html,application/xhtml+xml,application/xml;q=0.9,image/webp,image/apng,*/*;q=0.8',
  'connection' => 'keep-alive',
  'accept-language' => 'zh-CN,zh;q=0.8',
  'cookie' => 'PHPSESSID=efjnf5ago5i1674t0lqom2reh6; ScanLoginKey=5d06c56fd749e',
  'content-type' => '',
  'content-length' => '',
)
[ info ] [ PARAM ] array (
)
[ info ] [ DB ] INIT mysql
---------------------------------------------------------------
[ 2019-06-17T06:40:54+08:00 ] 47.103.41.224 GET wx.gongniuchazuo.com.cn/public/index.php/home/user/login?c=4e5e5d7364f443e28fbf0d3ae744a59a
[ info ] [ LANG ] /data/httpd/wx/thinkphp/lang/zh-cn.php
[ info ] [ ROUTE ] array (
)
[ info ] [ HEADER ] array (
  'host' => 'wx.gongniuchazuo.com.cn',
  'user-agent' => 'Mozilla/5.0 (Windows NT 10.0; Win64; x64) AppleWebKit/537.36 (KHTML, like Gecko) Chrome/59.0.3071.115 Safari/537.36',
  'accept-encoding' => 'gzip, deflate',
  'accept' => 'text/html,application/xhtml+xml,application/xml;q=0.9,image/webp,image/apng,*/*;q=0.8',
  'connection' => 'keep-alive',
  'accept-language' => 'zh-CN,zh;q=0.8',
  'cookie' => 'PHPSESSID=efjnf5ago5i1674t0lqom2reh6; ScanLoginKey=5d06c56fd749e',
  'content-type' => '',
  'content-length' => '',
)
[ info ] [ PARAM ] array (
  'c' => '4e5e5d7364f443e28fbf0d3ae744a59a',
)
[ info ] [ DB ] INIT mysql
[ info ] [ VIEW ] /data/httpd/wx/application/home/view/user/login.html [ array (
  0 => 'get_param',
  1 => 'public_info',
  2 => 'page_title',
  3 => 'system_copy_right',
  4 => 'tongji_code',
  5 => 'mid',
  6 => 'uid',
  7 => 'myinfo',
  8 => 'add_button',
  9 => 'del_button',
  10 => 'search_button',
  11 => 'check_all',
  12 => 'top_more_button',
  13 => 'top_menu',
  14 => 'now_top_menu_name',
  15 => 'nav',
  16 => 'key',
  17 => 'qrcode',
) ]
---------------------------------------------------------------
[ 2019-06-17T06:40:54+08:00 ] 47.103.41.224 GET wx.gongniuchazuo.com.cn/public/index.php/home/user/index.php/explicit_not_exist_path
[ info ] [ LANG ] /data/httpd/wx/thinkphp/lang/zh-cn.php
[ info ] [ ROUTE ] array (
)
[ info ] [ HEADER ] array (
  'host' => 'wx.gongniuchazuo.com.cn',
  'user-agent' => 'Mozilla/5.0 (Windows NT 10.0; Win64; x64) AppleWebKit/537.36 (KHTML, like Gecko) Chrome/59.0.3071.115 Safari/537.36',
  'accept-encoding' => 'gzip, deflate',
  'accept' => 'text/html,application/xhtml+xml,application/xml;q=0.9,image/webp,image/apng,*/*;q=0.8',
  'connection' => 'keep-alive',
  'accept-language' => 'zh-CN,zh;q=0.8',
  'cookie' => 'PHPSESSID=efjnf5ago5i1674t0lqom2reh6; ScanLoginKey=5d06c56fd749e',
  'content-type' => '',
  'content-length' => '',
)
[ info ] [ PARAM ] array (
)
[ info ] [ DB ] INIT mysql
---------------------------------------------------------------
[ 2019-06-17T06:40:54+08:00 ] 47.103.41.224 GET wx.gongniuchazuo.com.cn/public/index.php/home/user/index.jsp
[ info ] [ LANG ] /data/httpd/wx/thinkphp/lang/zh-cn.php
[ info ] [ ROUTE ] array (
)
[ info ] [ HEADER ] array (
  'host' => 'wx.gongniuchazuo.com.cn',
  'user-agent' => 'Mozilla/5.0 (Windows NT 10.0; Win64; x64) AppleWebKit/537.36 (KHTML, like Gecko) Chrome/59.0.3071.115 Safari/537.36',
  'accept-encoding' => 'gzip, deflate',
  'accept' => 'text/html,application/xhtml+xml,application/xml;q=0.9,image/webp,image/apng,*/*;q=0.8',
  'connection' => 'keep-alive',
  'accept-language' => 'zh-CN,zh;q=0.8',
  'cookie' => 'PHPSESSID=efjnf5ago5i1674t0lqom2reh6; ScanLoginKey=5d06c56fd749e',
  'content-type' => '',
  'content-length' => '',
)
[ info ] [ PARAM ] array (
)
[ info ] [ DB ] INIT mysql
---------------------------------------------------------------
[ 2019-06-17T06:40:54+08:00 ] 47.103.41.224 GET wx.gongniuchazuo.com.cn/public/index.php/home/user/index.html
[ info ] [ LANG ] /data/httpd/wx/thinkphp/lang/zh-cn.php
[ info ] [ ROUTE ] array (
)
[ info ] [ HEADER ] array (
  'host' => 'wx.gongniuchazuo.com.cn',
  'user-agent' => 'Mozilla/5.0 (Windows NT 10.0; Win64; x64) AppleWebKit/537.36 (KHTML, like Gecko) Chrome/59.0.3071.115 Safari/537.36',
  'accept-encoding' => 'gzip, deflate',
  'accept' => 'text/html,application/xhtml+xml,application/xml;q=0.9,image/webp,image/apng,*/*;q=0.8',
  'connection' => 'keep-alive',
  'accept-language' => 'zh-CN,zh;q=0.8',
  'cookie' => 'PHPSESSID=efjnf5ago5i1674t0lqom2reh6; ScanLoginKey=5d06c56fd749e',
  'content-type' => '',
  'content-length' => '',
)
[ info ] [ PARAM ] array (
)
[ info ] [ DB ] INIT mysql
